[ 2017-05-10T19:07:54+08:00 ] 127.0.0.1 /index.php/Api/Category/cate
INFO: [ app_init ] --START--
INFO: Run Behavior\BuildLiteBehavior [ RunTime:0.000012s ]
INFO: [ app_init ] --END-- [ RunTime:0.000474s ]
INFO: [ app_begin ] --START--
INFO: Run Behavior\ReadHtmlCacheBehavior [ RunTime:0.000820s ]
INFO: [ app_begin ] --END-- [ RunTime:0.000887s ]

[ 2017-05-10T19:08:40+08:00 ] 127.0.0.1 /index.php/Api/Category/cate
INFO: [ app_init ] --START--
INFO: Run Behavior\BuildLiteBehavior [ RunTime:0.000013s ]
INFO: [ app_init ] --END-- [ RunTime:0.000396s ]
INFO: [ app_begin ] --START--
INFO: Run Behavior\ReadHtmlCacheBehavior [ RunTime:0.000673s ]
INFO: [ app_begin ] --END-- [ RunTime:0.000736s ]

[ 2017-05-10T19:08:43+08:00 ] 127.0.0.1 /index.php/Api/Category/cate
INFO: [ app_init ] --START--
INFO: Run Behavior\BuildLiteBehavior [ RunTime:0.000013s ]
INFO: [ app_init ] --END-- [ RunTime:0.000362s ]
INFO: [ app_begin ] --START--
INFO: Run Behavior\ReadHtmlCacheBehavior [ RunTime:0.000465s ]
INFO: [ app_begin ] --END-- [ RunTime:0.000516s ]

[ 2017-05-10T19:08:44+08:00 ] 127.0.0.1 /index.php/Api/Category/cate
INFO: [ app_init ] --START--
INFO: Run Behavior\BuildLiteBehavior [ RunTime:0.000027s ]
INFO: [ app_init ] --END-- [ RunTime:0.000747s ]
INFO: [ app_begin ] --START--
INFO: Run Behavior\ReadHtmlCacheBehavior [ RunTime:0.000654s ]
INFO: [ app_begin ] --END-- [ RunTime:0.000726s ]

[ 2017-05-10T19:08:44+08:00 ] 127.0.0.1 /index.php/Api/Category/cate
INFO: [ app_init ] --START--
INFO: Run Behavior\BuildLiteBehavior [ RunTime:0.000017s ]
INFO: [ app_init ] --END-- [ RunTime:0.000613s ]
INFO: [ app_begin ] --START--
INFO: Run Behavior\ReadHtmlCacheBehavior [ RunTime:0.000517s ]
INFO: [ app_begin ] --END-- [ RunTime:0.000576s ]

[ 2017-05-10T19:08:45+08:00 ] 127.0.0.1 /index.php/Api/Category/cate
INFO: [ app_init ] --START--
INFO: Run Behavior\BuildLiteBehavior [ RunTime:0.000013s ]
INFO: [ app_init ] --END-- [ RunTime:0.000363s ]
INFO: [ app_begin ] --START--
INFO: Run Behavior\ReadHtmlCacheBehavior [ RunTime:0.000460s ]
INFO: [ app_begin ] --END-- [ RunTime:0.000512s ]

[ 2017-05-10T19:08:56+08:00 ] 127.0.0.1 /index.php/Api/Category/cate
INFO: [ app_init ] --START--
INFO: Run Behavior\BuildLiteBehavior [ RunTime:0.000013s ]
INFO: [ app_init ] --END-- [ RunTime:0.000355s ]
INFO: [ app_begin ] --START--
INFO: Run Behavior\ReadHtmlCacheBehavior [ RunTime:0.000443s ]
INFO: [ app_begin ] --END-- [ RunTime:0.000497s ]

[ 2017-05-10T19:08:57+08:00 ] 127.0.0.1 /index.php/Api/Category/cate
INFO: [ app_init ] --START--
INFO: Run Behavior\BuildLiteBehavior [ RunTime:0.000023s ]
INFO: [ app_init ] --END-- [ RunTime:0.000494s ]
INFO: [ app_begin ] --START--
INFO: Run Behavior\ReadHtmlCacheBehavior [ RunTime:0.000488s ]
INFO: [ app_begin ] --END-- [ RunTime:0.000548s ]

[ 2017-05-10T19:09:27+08:00 ] 127.0.0.1 /index.php/Api/Category/cate
INFO: [ app_init ] --START--
INFO: Run Behavior\BuildLiteBehavior [ RunTime:0.000017s ]
INFO: [ app_init ] --END-- [ RunTime:0.000526s ]
INFO: [ app_begin ] --START--
INFO: Run Behavior\ReadHtmlCacheBehavior [ RunTime:0.000500s ]
INFO: [ app_begin ] --END-- [ RunTime:0.000566s ]

[ 2017-05-10T19:11:06+08:00 ] 127.0.0.1 /index.php/Api/Category/cate
INFO: [ app_init ] --START--
INFO: Run Behavior\BuildLiteBehavior [ RunTime:0.000015s ]
INFO: [ app_init ] --END-- [ RunTime:0.000413s ]
INFO: [ app_begin ] --START--
INFO: Run Behavior\ReadHtmlCacheBehavior [ RunTime:0.000624s ]
INFO: [ app_begin ] --END-- [ RunTime:0.000682s ]

[ 2017-05-10T19:11:08+08:00 ] 127.0.0.1 /index.php/Api/Category/cate
INFO: [ app_init ] --START--
INFO: Run Behavior\BuildLiteBehavior [ RunTime:0.000013s ]
INFO: [ app_init ] --END-- [ RunTime:0.000357s ]
INFO: [ app_begin ] --START--
INFO: Run Behavior\ReadHtmlCacheBehavior [ RunTime:0.000451s ]
INFO: [ app_begin ] --END-- [ RunTime:0.000505s ]

[ 2017-05-10T19:11:14+08:00 ] 127.0.0.1 /index.php/Api/Category/cate
INFO: [ app_init ] --START--
INFO: Run Behavior\BuildLiteBehavior [ RunTime:0.000013s ]
INFO: [ app_init ] --END-- [ RunTime:0.000428s ]
INFO: [ app_begin ] --START--
INFO: Run Behavior\ReadHtmlCacheBehavior [ RunTime:0.000631s ]
INFO: [ app_begin ] --END-- [ RunTime:0.000686s ]

[ 2017-05-10T19:11:15+08:00 ] 127.0.0.1 /index.php/Api/Category/cate
INFO: [ app_init ] --START--
INFO: Run Behavior\BuildLiteBehavior [ RunTime:0.000014s ]
INFO: [ app_init ] --END-- [ RunTime:0.000356s ]
INFO: [ app_begin ] --START--
INFO: Run Behavior\ReadHtmlCacheBehavior [ RunTime:0.000457s ]
INFO: [ app_begin ] --END-- [ RunTime:0.000509s ]

[ 2017-05-10T19:11:20+08:00 ] 127.0.0.1 /index.php/Api/Category/cate
INFO: [ app_init ] --START--
INFO: Run Behavior\BuildLiteBehavior [ RunTime:0.000013s ]
INFO: [ app_init ] --END-- [ RunTime:0.000391s ]
INFO: [ app_begin ] --START--
INFO: Run Behavior\ReadHtmlCacheBehavior [ RunTime:0.000451s ]
INFO: [ app_begin ] --END-- [ RunTime:0.000506s ]

[ 2017-05-10T19:11:21+08:00 ] 127.0.0.1 /index.php/Api/Category/cate
INFO: [ app_init ] --START--
INFO: Run Behavior\BuildLiteBehavior [ RunTime:0.000014s ]
INFO: [ app_init ] --END-- [ RunTime:0.000360s ]
INFO: [ app_begin ] --START--
INFO: Run Behavior\ReadHtmlCacheBehavior [ RunTime:0.000446s ]
INFO: [ app_begin ] --END-- [ RunTime:0.000500s ]

[ 2017-05-10T19:11:50+08:00 ] 127.0.0.1 /index.php/Api/Category/cate
INFO: [ app_init ] --START--
INFO: Run Behavior\BuildLiteBehavior [ RunTime:0.000017s ]
INFO: [ app_init ] --END-- [ RunTime:0.000421s ]
INFO: [ app_begin ] --START--
INFO: Run Behavior\ReadHtmlCacheBehavior [ RunTime:0.000570s ]
INFO: [ app_begin ] --END-- [ RunTime:0.000642s ]

[ 2017-05-10T19:12:08+08:00 ] 127.0.0.1 /index.php/Api/Category/cate
INFO: [ app_init ] --START--
INFO: Run Behavior\BuildLiteBehavior [ RunTime:0.000013s ]
INFO: [ app_init ] --END-- [ RunTime:0.000361s ]
INFO: [ app_begin ] --START--
INFO: Run Behavior\ReadHtmlCacheBehavior [ RunTime:0.000671s ]
INFO: [ app_begin ] --END-- [ RunTime:0.000741s ]
NOTIC: [2] PDO::__construct():  F:\XAMPP\htdocs\toget\ThinkPHP\Library\Think\Db\Driver.class.php ç¬¬ 103 è¡Œ.
ERR: SQLSTATE[HY000] [2002] php_network_getaddresses: getaddrinfo failed: ²»ÖªµÀÕâÑùµÄÖ÷»ú¡£ 

[ 2017-05-10T19:12:51+08:00 ] 127.0.0.1 /index.php/Api/Category/cate
INFO: [ app_init ] --START--
INFO: Run Behavior\BuildLiteBehavior [ RunTime:0.000014s ]
INFO: [ app_init ] --END-- [ RunTime:0.000354s ]
INFO: [ app_begin ] --START--
INFO: Run Behavior\ReadHtmlCacheBehavior [ RunTime:0.000446s ]
INFO: [ app_begin ] --END-- [ RunTime:0.000498s ]

[ 2017-05-10T19:12:52+08:00 ] 127.0.0.1 /index.php/Api/Category/cate
INFO: [ app_init ] --START--
INFO: Run Behavior\BuildLiteBehavior [ RunTime:0.000031s ]
INFO: [ app_init ] --END-- [ RunTime:0.000550s ]
INFO: [ app_begin ] --START--
INFO: Run Behavior\ReadHtmlCacheBehavior [ RunTime:0.000848s ]
INFO: [ app_begin ] --END-- [ RunTime:0.000973s ]

[ 2017-05-10T19:13:46+08:00 ] 127.0.0.1 /index.php/Api/Category/cate
INFO: [ app_init ] --START--
INFO: Run Behavior\BuildLiteBehavior [ RunTime:0.000027s ]
INFO: [ app_init ] --END-- [ RunTime:0.000613s ]
INFO: [ app_begin ] --START--
INFO: Run Behavior\ReadHtmlCacheBehavior [ RunTime:0.000646s ]
INFO: [ app_begin ] --END-- [ RunTime:0.000703s ]
NOTIC: [2] PDO::__construct():  F:\XAMPP\htdocs\toget\ThinkPHP\Library\Think\Db\Driver.class.php ç¬¬ 103 è¡Œ.
ERR: SQLSTATE[HY000] [2002] php_network_getaddresses: getaddrinfo failed: ²»ÖªµÀÕâÑùµÄÖ÷»ú¡£ 

[ 2017-05-10T19:20:09+08:00 ] 127.0.0.1 /index.php/Api/Category/cate
INFO: [ app_init ] --START--
INFO: Run Behavior\BuildLiteBehavior [ RunTime:0.000019s ]
INFO: [ app_init ] --END-- [ RunTime:0.000550s ]
INFO: [ app_begin ] --START--
INFO: Run Behavior\ReadHtmlCacheBehavior [ RunTime:0.000821s ]
INFO: [ app_begin ] --END-- [ RunTime:0.000925s ]
SQL: SHOW COLUMNS FROM `we_category` [ RunTime:0.0197s ]
SQL: SELECT * FROM `we_category` WHERE `status` = 1  [ RunTime:0.0008s ]

[ 2017-05-10T19:20:55+08:00 ] 127.0.0.1 /index.php/Api/Category/cate
INFO: [ app_init ] --START--
INFO: Run Behavior\BuildLiteBehavior [ RunTime:0.000014s ]
INFO: [ app_init ] --END-- [ RunTime:0.000415s ]
INFO: [ app_begin ] --START--
INFO: Run Behavior\ReadHtmlCacheBehavior [ RunTime:0.000732s ]
INFO: [ app_begin ] --END-- [ RunTime:0.000814s ]
SQL: SHOW COLUMNS FROM `we_category` [ RunTime:0.0031s ]
SQL: SELECT * FROM `we_category` WHERE `status` = 1  [ RunTime:0.0004s ]

[ 2017-05-10T19:21:32+08:00 ] 127.0.0.1 /index.php/Api/Category/cate
INFO: [ app_init ] --START--
INFO: Run Behavior\BuildLiteBehavior [ RunTime:0.000019s ]
INFO: [ app_init ] --END-- [ RunTime:0.000395s ]
INFO: [ app_begin ] --START--
INFO: Run Behavior\ReadHtmlCacheBehavior [ RunTime:0.000567s ]
INFO: [ app_begin ] --END-- [ RunTime:0.000656s ]
SQL: SHOW COLUMNS FROM `we_category` [ RunTime:0.0036s ]
SQL: SELECT * FROM `we_category` WHERE `status` = 1  [ RunTime:0.0005s ]

[ 2017-05-10T19:21:47+08:00 ] 127.0.0.1 /index.php/Api/Category/cate
INFO: [ app_init ] --START--
INFO: Run Behavior\BuildLiteBehavior [ RunTime:0.000012s ]
INFO: [ app_init ] --END-- [ RunTime:0.000320s ]
INFO: [ app_begin ] --START--
INFO: Run Behavior\ReadHtmlCacheBehavior [ RunTime:0.000675s ]
INFO: [ app_begin ] --END-- [ RunTime:0.000759s ]
SQL: SHOW COLUMNS FROM `we_category` [ RunTime:0.0037s ]
SQL: SELECT * FROM `we_category` WHERE `status` = 1  [ RunTime:0.0005s ]

[ 2017-05-10T19:26:41+08:00 ] 127.0.0.1 /index.php/Api/Category/cate
INFO: [ app_init ] --START--
INFO: Run Behavior\BuildLiteBehavior [ RunTime:0.000013s ]
INFO: [ app_init ] --END-- [ RunTime:0.000414s ]
INFO: [ app_begin ] --START--
INFO: Run Behavior\ReadHtmlCacheBehavior [ RunTime:0.000794s ]
INFO: [ app_begin ] --END-- [ RunTime:0.000870s ]
SQL: SHOW COLUMNS FROM `we_category` [ RunTime:0.0044s ]
SQL: SELECT * FROM `we_category` WHERE `status` = 1  [ RunTime:0.0004s ]

[ 2017-05-10T19:27:43+08:00 ] 127.0.0.1 /index.php/Api/Category/cate
INFO: [ app_init ] --START--
INFO: Run Behavior\BuildLiteBehavior [ RunTime:0.000018s ]
INFO: [ app_init ] --END-- [ RunTime:0.000572s ]
INFO: [ app_begin ] --START--
INFO: Run Behavior\ReadHtmlCacheBehavior [ RunTime:0.000913s ]
INFO: [ app_begin ] --END-- [ RunTime:0.001015s ]
SQL: SHOW COLUMNS FROM `we_category` [ RunTime:0.0043s ]
SQL: SELECT * FROM `we_category` WHERE `status` = 1  [ RunTime:0.0005s ]

[ 2017-05-10T19:27:44+08:00 ] 127.0.0.1 /index.php/Api/Category/cate
INFO: [ app_init ] --START--
INFO: Run Behavior\BuildLiteBehavior [ RunTime:0.000029s ]
INFO: [ app_init ] --END-- [ RunTime:0.000956s ]
INFO: [ app_begin ] --START--
INFO: Run Behavior\ReadHtmlCacheBehavior [ RunTime:0.000871s ]
INFO: [ app_begin ] --END-- [ RunTime:0.000974s ]
SQL: SHOW COLUMNS FROM `we_category` [ RunTime:0.0046s ]
SQL: SELECT * FROM `we_category` WHERE `status` = 1  [ RunTime:0.0006s ]

[ 2017-05-10T19:30:24+08:00 ] 127.0.0.1 /index.php/Api/Category/cate
INFO: [ app_init ] --START--
INFO: Run Behavior\BuildLiteBehavior [ RunTime:0.000024s ]
INFO: [ app_init ] --END-- [ RunTime:0.000829s ]
INFO: [ app_begin ] --START--
INFO: Run Behavior\ReadHtmlCacheBehavior [ RunTime:0.001076s ]
INFO: [ app_begin ] --END-- [ RunTime:0.001169s ]
SQL: SHOW COLUMNS FROM `we_category` [ RunTime:0.0055s ]
SQL: SELECT * FROM `we_category` WHERE `status` = 1  [ RunTime:0.0006s ]

[ 2017-05-10T19:30:26+08:00 ] 127.0.0.1 /index.php/Api/Category/cate
INFO: [ app_init ] --START--
INFO: Run Behavior\BuildLiteBehavior [ RunTime:0.000023s ]
INFO: [ app_init ] --END-- [ RunTime:0.000619s ]
INFO: [ app_begin ] --START--
INFO: Run Behavior\ReadHtmlCacheBehavior [ RunTime:0.000785s ]
INFO: [ app_begin ] --END-- [ RunTime:0.000877s ]
SQL: SHOW COLUMNS FROM `we_category` [ RunTime:0.0043s ]
SQL: SELECT * FROM `we_category` WHERE `status` = 1  [ RunTime:0.0010s ]

[ 2017-05-10T19:31:19+08:00 ] 192.168.199.243 /index.php/Api/Category/cate
INFO: [ app_init ] --START--
INFO: Run Behavior\BuildLiteBehavior [ RunTime:0.000015s ]
INFO: [ app_init ] --END-- [ RunTime:0.000368s ]
INFO: [ app_begin ] --START--
INFO: Run Behavior\ReadHtmlCacheBehavior [ RunTime:0.000474s ]
INFO: [ app_begin ] --END-- [ RunTime:0.000528s ]
SQL: SHOW COLUMNS FROM `we_category` [ RunTime:0.0294s ]
SQL: SELECT * FROM `we_category` WHERE `status` = 1  [ RunTime:0.0004s ]

[ 2017-05-10T19:31:21+08:00 ] 192.168.199.243 /index.php/Api/Category/cate
INFO: [ app_init ] --START--
INFO: Run Behavior\BuildLiteBehavior [ RunTime:0.000021s ]
INFO: [ app_init ] --END-- [ RunTime:0.000738s ]
INFO: [ app_begin ] --START--
INFO: Run Behavior\ReadHtmlCacheBehavior [ RunTime:0.001268s ]
INFO: [ app_begin ] --END-- [ RunTime:0.001385s ]
SQL: SHOW COLUMNS FROM `we_category` [ RunTime:0.0060s ]
SQL: SELECT * FROM `we_category` WHERE `status` = 1  [ RunTime:0.0008s ]

[ 2017-05-10T19:31:30+08:00 ] 192.168.199.122 /index.php/Api/Category/cate
INFO: [ app_init ] --START--
INFO: Run Behavior\BuildLiteBehavior [ RunTime:0.000114s ]
INFO: [ app_init ] --END-- [ RunTime:0.001793s ]
INFO: [ app_begin ] --START--
INFO: Run Behavior\ReadHtmlCacheBehavior [ RunTime:0.001246s ]
INFO: [ app_begin ] --END-- [ RunTime:0.001413s ]
SQL: SHOW COLUMNS FROM `we_category` [ RunTime:0.0355s ]
SQL: SELECT * FROM `we_category` WHERE `status` = 1  [ RunTime:0.0011s ]

[ 2017-05-10T19:31:30+08:00 ] 192.168.199.122 /index.php/Api/Category/cate
INFO: [ app_init ] --START--
INFO: Run Behavior\BuildLiteBehavior [ RunTime:0.000024s ]
INFO: [ app_init ] --END-- [ RunTime:0.000797s ]
INFO: [ app_begin ] --START--
INFO: Run Behavior\ReadHtmlCacheBehavior [ RunTime:0.001082s ]
INFO: [ app_begin ] --END-- [ RunTime:0.001223s ]
SQL: SHOW COLUMNS FROM `we_category` [ RunTime:0.0287s ]
SQL: SELECT * FROM `we_category` WHERE `status` = 1  [ RunTime:0.0011s ]

[ 2017-05-10T19:31:44+08:00 ] 192.168.199.243 /index.php/Api/Category/cate
INFO: [ app_init ] --START--
INFO: Run Behavior\BuildLiteBehavior [ RunTime:0.000025s ]
INFO: [ app_init ] --END-- [ RunTime:0.000778s ]
INFO: [ app_begin ] --START--
INFO: Run Behavior\ReadHtmlCacheBehavior [ RunTime:0.001072s ]
INFO: [ app_begin ] --END-- [ RunTime:0.001164s ]
SQL: SHOW COLUMNS FROM `we_category` [ RunTime:0.0047s ]
SQL: SELECT * FROM `we_category` WHERE `status` = 1  [ RunTime:0.0015s ]

[ 2017-05-10T19:31:46+08:00 ] 192.168.199.122 /index.php/Api/Category/cate
INFO: [ app_init ] --START--
INFO: Run Behavior\BuildLiteBehavior [ RunTime:0.000024s ]
INFO: [ app_init ] --END-- [ RunTime:0.000706s ]
INFO: [ app_begin ] --START--
INFO: Run Behavior\ReadHtmlCacheBehavior [ RunTime:0.001238s ]
INFO: [ app_begin ] --END-- [ RunTime:0.001413s ]
SQL: SHOW COLUMNS FROM `we_category` [ RunTime:0.0047s ]
SQL: SELECT * FROM `we_category` WHERE `status` = 1  [ RunTime:0.0006s ]

[ 2017-05-10T19:31:47+08:00 ] 192.168.199.122 /index.php/Api/Category/cate
INFO: [ app_init ] --START--
INFO: Run Behavior\BuildLiteBehavior [ RunTime:0.000059s ]
INFO: [ app_init ] --END-- [ RunTime:0.001636s ]
INFO: [ app_begin ] --START--
INFO: Run Behavior\ReadHtmlCacheBehavior [ RunTime:0.001288s ]
INFO: [ app_begin ] --END-- [ RunTime:0.001479s ]
SQL: SHOW COLUMNS FROM `we_category` [ RunTime:0.0044s ]
SQL: SELECT * FROM `we_category` WHERE `status` = 1  [ RunTime:0.0005s ]

[ 2017-05-10T19:32:37+08:00 ] 192.168.199.122 /index.php/Api/Category/cate
INFO: [ app_init ] --START--
INFO: Run Behavior\BuildLiteBehavior [ RunTime:0.000065s ]
INFO: [ app_init ] --END-- [ RunTime:0.004983s ]
INFO: [ app_begin ] --START--
INFO: Run Behavior\ReadHtmlCacheBehavior [ RunTime:0.001712s ]
INFO: [ app_begin ] --END-- [ RunTime:0.001865s ]
SQL: SHOW COLUMNS FROM `we_category` [ RunTime:0.0099s ]
SQL: SELECT * FROM `we_category` WHERE `status` = 1  [ RunTime:0.0011s ]

[ 2017-05-10T19:32:38+08:00 ] 192.168.199.122 /index.php/Api/Category/cate
INFO: [ app_init ] --START--
INFO: Run Behavior\BuildLiteBehavior [ RunTime:0.000034s ]
INFO: [ app_init ] --END-- [ RunTime:0.000964s ]
INFO: [ app_begin ] --START--
INFO: Run Behavior\ReadHtmlCacheBehavior [ RunTime:0.001238s ]
INFO: [ app_begin ] --END-- [ RunTime:0.001380s ]
SQL: SHOW COLUMNS FROM `we_category` [ RunTime:0.0075s ]
SQL: SELECT * FROM `we_category` WHERE `status` = 1  [ RunTime:0.0013s ]

[ 2017-05-10T19:33:33+08:00 ] 127.0.0.1 /index.php/Api/Category/cate
INFO: [ app_init ] --START--
INFO: Run Behavior\BuildLiteBehavior [ RunTime:0.000013s ]
INFO: [ app_init ] --END-- [ RunTime:0.000435s ]
INFO: [ app_begin ] --START--
INFO: Run Behavior\ReadHtmlCacheBehavior [ RunTime:0.000649s ]
INFO: [ app_begin ] --END-- [ RunTime:0.000703s ]
SQL: SHOW COLUMNS FROM `we_category` [ RunTime:0.0036s ]
SQL: SELECT * FROM `we_category` WHERE `status` = 1  [ RunTime:0.0004s ]

[ 2017-05-10T19:33:47+08:00 ] 192.168.199.122 /index.php/Api/Category/cate
INFO: [ app_init ] --START--
INFO: Run Behavior\BuildLiteBehavior [ RunTime:0.000034s ]
INFO: [ app_init ] --END-- [ RunTime:0.001013s ]
INFO: [ app_begin ] --START--
INFO: Run Behavior\ReadHtmlCacheBehavior [ RunTime:0.001344s ]
INFO: [ app_begin ] --END-- [ RunTime:0.001485s ]
SQL: SHOW COLUMNS FROM `we_category` [ RunTime:0.0045s ]
SQL: SELECT * FROM `we_category` WHERE `status` = 1  [ RunTime:0.0005s ]

[ 2017-05-10T19:33:53+08:00 ] 192.168.199.243 /index.php/Api/Category/cate
INFO: [ app_init ] --START--
INFO: Run Behavior\BuildLiteBehavior [ RunTime:0.000023s ]
INFO: [ app_init ] --END-- [ RunTime:0.001055s ]
INFO: [ app_begin ] --START--
INFO: Run Behavior\ReadHtmlCacheBehavior [ RunTime:0.000947s ]
INFO: [ app_begin ] --END-- [ RunTime:0.001036s ]
SQL: SHOW COLUMNS FROM `we_category` [ RunTime:0.0036s ]
SQL: SELECT * FROM `we_category` WHERE `status` = 1  [ RunTime:0.0004s ]

[ 2017-05-10T19:33:53+08:00 ] 127.0.0.1 /index.php/Api/Category/cate
INFO: [ app_init ] --START--
INFO: Run Behavior\BuildLiteBehavior [ RunTime:0.000017s ]
INFO: [ app_init ] --END-- [ RunTime:0.000428s ]
INFO: [ app_begin ] --START--
INFO: Run Behavior\ReadHtmlCacheBehavior [ RunTime:0.000607s ]
INFO: [ app_begin ] --END-- [ RunTime:0.000660s ]
SQL: SHOW COLUMNS FROM `we_category` [ RunTime:0.0030s ]
SQL: SELECT * FROM `we_category` WHERE `status` = 1  [ RunTime:0.0004s ]

[ 2017-05-10T19:33:54+08:00 ] 192.168.199.243 /index.php/Api/Category/cate
INFO: [ app_init ] --START--
INFO: Run Behavior\BuildLiteBehavior [ RunTime:0.000033s ]
INFO: [ app_init ] --END-- [ RunTime:0.001020s ]
INFO: [ app_begin ] --START--
INFO: Run Behavior\ReadHtmlCacheBehavior [ RunTime:0.002700s ]
INFO: [ app_begin ] --END-- [ RunTime:0.002940s ]
SQL: SHOW COLUMNS FROM `we_category` [ RunTime:0.0053s ]
SQL: SELECT * FROM `we_category` WHERE `status` = 1  [ RunTime:0.0006s ]

[ 2017-05-10T19:33:55+08:00 ] 192.168.199.243 /index.php/Api/Category/cate
INFO: [ app_init ] --START--
INFO: Run Behavior\BuildLiteBehavior [ RunTime:0.000051s ]
INFO: [ app_init ] --END-- [ RunTime:0.002082s ]
INFO: [ app_begin ] --START--
INFO: Run Behavior\ReadHtmlCacheBehavior [ RunTime:0.000898s ]
INFO: [ app_begin ] --END-- [ RunTime:0.000995s ]
SQL: SHOW COLUMNS FROM `we_category` [ RunTime:0.0052s ]
SQL: SELECT * FROM `we_category` WHERE `status` = 1  [ RunTime:0.0007s ]

[ 2017-05-10T19:34:16+08:00 ] 192.168.199.243 /index.php/Api/Category/cate
INFO: [ app_init ] --START--
INFO: Run Behavior\BuildLiteBehavior [ RunTime:0.000042s ]
INFO: [ app_init ] --END-- [ RunTime:0.001203s ]
INFO: [ app_begin ] --START--
INFO: Run Behavior\ReadHtmlCacheBehavior [ RunTime:0.002051s ]
INFO: [ app_begin ] --END-- [ RunTime:0.002221s ]
SQL: SHOW COLUMNS FROM `we_category` [ RunTime:0.0060s ]
SQL: SELECT * FROM `we_category` WHERE `status` = 1  [ RunTime:0.0006s ]

[ 2017-05-10T19:35:08+08:00 ] 192.168.199.122 /index.php/Api/Category/cate
INFO: [ app_init ] --START--
INFO: Run Behavior\BuildLiteBehavior [ RunTime:0.000032s ]
INFO: [ app_init ] --END-- [ RunTime:0.001007s ]
INFO: [ app_begin ] --START--
INFO: Run Behavior\ReadHtmlCacheBehavior [ RunTime:0.001471s ]
INFO: [ app_begin ] --END-- [ RunTime:0.001693s ]
SQL: SHOW COLUMNS FROM `we_category` [ RunTime:0.0072s ]
SQL: SELECT * FROM `we_category` WHERE `status` = 1  [ RunTime:0.0012s ]

[ 2017-05-10T19:35:09+08:00 ] 192.168.199.122 /index.php/Api/Category/cate
INFO: [ app_init ] --START--
INFO: Run Behavior\BuildLiteBehavior [ RunTime:0.000036s ]
INFO: [ app_init ] --END-- [ RunTime:0.001084s ]
INFO: [ app_begin ] --START--
INFO: Run Behavior\ReadHtmlCacheBehavior [ RunTime:0.001404s ]
INFO: [ app_begin ] --END-- [ RunTime:0.001587s ]
SQL: SHOW COLUMNS FROM `we_category` [ RunTime:0.0476s ]
SQL: SELECT * FROM `we_category` WHERE `status` = 1  [ RunTime:0.0008s ]

[ 2017-05-10T19:35:21+08:00 ] 192.168.199.122 /index.php/Api/Category/cate
INFO: [ app_init ] --START--
INFO: Run Behavior\BuildLiteBehavior [ RunTime:0.000035s ]
INFO: [ app_init ] --END-- [ RunTime:0.001042s ]
INFO: [ app_begin ] --START--
INFO: Run Behavior\ReadHtmlCacheBehavior [ RunTime:0.004276s ]
INFO: [ app_begin ] --END-- [ RunTime:0.004486s ]
SQL: SHOW COLUMNS FROM `we_category` [ RunTime:0.0047s ]
SQL: SELECT * FROM `we_category` WHERE `status` = 1  [ RunTime:0.0006s ]

[ 2017-05-10T19:35:35+08:00 ] 192.168.199.122 /index.php/Api/Category/cate
INFO: [ app_init ] --START--
INFO: Run Behavior\BuildLiteBehavior [ RunTime:0.000034s ]
INFO: [ app_init ] --END-- [ RunTime:0.001007s ]
INFO: [ app_begin ] --START--
INFO: Run Behavior\ReadHtmlCacheBehavior [ RunTime:0.001292s ]
INFO: [ app_begin ] --END-- [ RunTime:0.001428s ]
SQL: SHOW COLUMNS FROM `we_category` [ RunTime:0.0054s ]
SQL: SELECT * FROM `we_category` WHERE `status` = 1  [ RunTime:0.0008s ]

[ 2017-05-10T19:35:39+08:00 ] 192.168.199.122 /index.php/Api/Category/cate
INFO: [ app_init ] --START--
INFO: Run Behavior\BuildLiteBehavior [ RunTime:0.000024s ]
INFO: [ app_init ] --END-- [ RunTime:0.000707s ]
INFO: [ app_begin ] --START--
INFO: Run Behavior\ReadHtmlCacheBehavior [ RunTime:0.000821s ]
INFO: [ app_begin ] --END-- [ RunTime:0.000910s ]
SQL: SHOW COLUMNS FROM `we_category` [ RunTime:0.0058s ]
SQL: SELECT * FROM `we_category` WHERE `status` = 1  [ RunTime:0.0007s ]

[ 2017-05-10T19:35:51+08:00 ] 192.168.199.122 /index.php/Api/Category/cate
INFO: [ app_init ] --START--
INFO: Run Behavior\BuildLiteBehavior [ RunTime:0.000021s ]
INFO: [ app_init ] --END-- [ RunTime:0.000623s ]
INFO: [ app_begin ] --START--
INFO: Run Behavior\ReadHtmlCacheBehavior [ RunTime:0.000784s ]
INFO: [ app_begin ] --END-- [ RunTime:0.000870s ]
SQL: SHOW COLUMNS FROM `we_category` [ RunTime:0.0048s ]
SQL: SELECT * FROM `we_category` WHERE `status` = 1  [ RunTime:0.0006s ]

[ 2017-05-10T19:35:58+08:00 ] 127.0.0.1 /index.php/Api/Category/cate
INFO: [ app_init ] --START--
INFO: Run Behavior\BuildLiteBehavior [ RunTime:0.000022s ]
INFO: [ app_init ] --END-- [ RunTime:0.000645s ]
INFO: [ app_begin ] --START--
INFO: Run Behavior\ReadHtmlCacheBehavior [ RunTime:0.000839s ]
INFO: [ app_begin ] --END-- [ RunTime:0.000906s ]
SQL: SHOW COLUMNS FROM `we_category` [ RunTime:0.0034s ]
SQL: SELECT * FROM `we_category` WHERE `status` = 1  [ RunTime:0.0004s ]

[ 2017-05-10T19:36:43+08:00 ] 127.0.0.1 /index.php/Api/Category/cate
INFO: [ app_init ] --START--
INFO: Run Behavior\BuildLiteBehavior [ RunTime:0.000014s ]
INFO: [ app_init ] --END-- [ RunTime:0.000504s ]
INFO: [ app_begin ] --START--
INFO: Run Behavior\ReadHtmlCacheBehavior [ RunTime:0.000776s ]
INFO: [ app_begin ] --END-- [ RunTime:0.000839s ]
SQL: SHOW COLUMNS FROM `we_category` [ RunTime:0.0029s ]
SQL: SELECT * FROM `we_category` WHERE `status` = 1  [ RunTime:0.0004s ]

[ 2017-05-10T19:42:17+08:00 ] 192.168.199.243 /index.php/Api/Category/cate
INFO: [ app_init ] --START--
INFO: Run Behavior\BuildLiteBehavior [ RunTime:0.000061s ]
INFO: [ app_init ] --END-- [ RunTime:0.001708s ]
INFO: [ app_begin ] --START--
INFO: Run Behavior\ReadHtmlCacheBehavior [ RunTime:0.001451s ]
INFO: [ app_begin ] --END-- [ RunTime:0.001604s ]
SQL: SHOW COLUMNS FROM `we_category` [ RunTime:0.0413s ]
SQL: SELECT * FROM `we_category` WHERE `status` = 1  [ RunTime:0.0009s ]

[ 2017-05-10T19:42:18+08:00 ] 192.168.199.243 /index.php/Api/Category/cate
INFO: [ app_init ] --START--
INFO: Run Behavior\BuildLiteBehavior [ RunTime:0.000023s ]
INFO: [ app_init ] --END-- [ RunTime:0.000641s ]
INFO: [ app_begin ] --START--
INFO: Run Behavior\ReadHtmlCacheBehavior [ RunTime:0.000992s ]
INFO: [ app_begin ] --END-- [ RunTime:0.001110s ]
SQL: SHOW COLUMNS FROM `we_category` [ RunTime:0.0035s ]
SQL: SELECT * FROM `we_category` WHERE `status` = 1  [ RunTime:0.0004s ]

[ 2017-05-10T19:42:18+08:00 ] 192.168.199.243 /index.php/Api/Category/cate
INFO: [ app_init ] --START--
INFO: Run Behavior\BuildLiteBehavior [ RunTime:0.000054s ]
INFO: [ app_init ] --END-- [ RunTime:0.001700s ]
INFO: [ app_begin ] --START--
INFO: Run Behavior\ReadHtmlCacheBehavior [ RunTime:0.001358s ]
INFO: [ app_begin ] --END-- [ RunTime:0.001504s ]
SQL: SHOW COLUMNS FROM `we_category` [ RunTime:0.0082s ]
SQL: SELECT * FROM `we_category` WHERE `status` = 1  [ RunTime:0.0010s ]

[ 2017-05-10T19:42:19+08:00 ] 192.168.199.243 /index.php/Api/Category/cate
INFO: [ app_init ] --START--
INFO: Run Behavior\BuildLiteBehavior [ RunTime:0.000025s ]
INFO: [ app_init ] --END-- [ RunTime:0.000963s ]
INFO: [ app_begin ] --START--
INFO: Run Behavior\ReadHtmlCacheBehavior [ RunTime:0.000844s ]
INFO: [ app_begin ] --END-- [ RunTime:0.000930s ]
SQL: SHOW COLUMNS FROM `we_category` [ RunTime:0.0034s ]
SQL: SELECT * FROM `we_category` WHERE `status` = 1  [ RunTime:0.0276s ]

[ 2017-05-10T19:42:19+08:00 ] 192.168.199.243 /index.php/Api/Category/cate
INFO: [ app_init ] --START--
INFO: Run Behavior\BuildLiteBehavior [ RunTime:0.000025s ]
INFO: [ app_init ] --END-- [ RunTime:0.000977s ]
INFO: [ app_begin ] --START--
INFO: Run Behavior\ReadHtmlCacheBehavior [ RunTime:0.000801s ]
INFO: [ app_begin ] --END-- [ RunTime:0.000885s ]
SQL: SHOW COLUMNS FROM `we_category` [ RunTime:0.0040s ]
SQL: SELECT * FROM `we_category` WHERE `status` = 1  [ RunTime:0.0006s ]

[ 2017-05-10T19:42:20+08:00 ] 192.168.199.243 /index.php/Api/Category/cate
INFO: [ app_init ] --START--
INFO: Run Behavior\BuildLiteBehavior [ RunTime:0.000012s ]
INFO: [ app_init ] --END-- [ RunTime:0.000370s ]
INFO: [ app_begin ] --START--
INFO: Run Behavior\ReadHtmlCacheBehavior [ RunTime:0.000459s ]
INFO: [ app_begin ] --END-- [ RunTime:0.000508s ]
SQL: SHOW COLUMNS FROM `we_category` [ RunTime:0.0030s ]
SQL: SELECT * FROM `we_category` WHERE `status` = 1  [ RunTime:0.0004s ]

[ 2017-05-10T19:49:09+08:00 ] 192.168.199.243 /index.php/Api/Category/cate
INFO: [ app_init ] --START--
INFO: Run Behavior\BuildLiteBehavior [ RunTime:0.000036s ]
INFO: [ app_init ] --END-- [ RunTime:0.001283s ]
INFO: [ app_begin ] --START--
INFO: Run Behavior\ReadHtmlCacheBehavior [ RunTime:0.005283s ]
INFO: [ app_begin ] --END-- [ RunTime:0.005513s ]
SQL: SHOW COLUMNS FROM `we_category` [ RunTime:0.0059s ]
SQL: SELECT * FROM `we_category` WHERE `status` = 1  [ RunTime:0.0009s ]

[ 2017-05-10T19:52:19+08:00 ] 192.168.199.243 /index.php/Api/Category/cate
INFO: [ app_init ] --START--
INFO: Run Behavior\BuildLiteBehavior [ RunTime:0.000024s ]
INFO: [ app_init ] --END-- [ RunTime:0.000803s ]
INFO: [ app_begin ] --START--
INFO: Run Behavior\ReadHtmlCacheBehavior [ RunTime:0.001215s ]
INFO: [ app_begin ] --END-- [ RunTime:0.001313s ]
SQL: SHOW COLUMNS FROM `we_category` [ RunTime:0.0058s ]
SQL: SELECT * FROM `we_category` WHERE `status` = 1  [ RunTime:0.0006s ]

[ 2017-05-10T19:52:20+08:00 ] 192.168.199.243 /index.php/Api/Category/cate
INFO: [ app_init ] --START--
INFO: Run Behavior\BuildLiteBehavior [ RunTime:0.000052s ]
INFO: [ app_init ] --END-- [ RunTime:0.001258s ]
INFO: [ app_begin ] --START--
INFO: Run Behavior\ReadHtmlCacheBehavior [ RunTime:0.001385s ]
INFO: [ app_begin ] --END-- [ RunTime:0.001526s ]
SQL: SHOW COLUMNS FROM `we_category` [ RunTime:0.0060s ]
SQL: SELECT * FROM `we_category` WHERE `status` = 1  [ RunTime:0.0006s ]

[ 2017-05-10T19:52:20+08:00 ] 192.168.199.243 /index.php/Api/Category/cate
INFO: [ app_init ] --START--
INFO: Run Behavior\BuildLiteBehavior [ RunTime:0.000035s ]
INFO: [ app_init ] --END-- [ RunTime:0.001008s ]
INFO: [ app_begin ] --START--
INFO: Run Behavior\ReadHtmlCacheBehavior [ RunTime:0.001388s ]
INFO: [ app_begin ] --END-- [ RunTime:0.001557s ]
SQL: SHOW COLUMNS FROM `we_category` [ RunTime:0.0050s ]
SQL: SELECT * FROM `we_category` WHERE `status` = 1  [ RunTime:0.0006s ]

[ 2017-05-10T19:52:20+08:00 ] 192.168.199.243 /index.php/Api/Category/cate
INFO: [ app_init ] --START--
INFO: Run Behavior\BuildLiteBehavior [ RunTime:0.000036s ]
INFO: [ app_init ] --END-- [ RunTime:0.001023s ]
INFO: [ app_begin ] --START--
INFO: Run Behavior\ReadHtmlCacheBehavior [ RunTime:0.002407s ]
INFO: [ app_begin ] --END-- [ RunTime:0.002659s ]
SQL: SHOW COLUMNS FROM `we_category` [ RunTime:0.0070s ]
SQL: SELECT * FROM `we_category` WHERE `status` = 1  [ RunTime:0.0009s ]

[ 2017-05-10T19:52:21+08:00 ] 192.168.199.243 /index.php/Api/Category/cate
INFO: [ app_init ] --START--
INFO: Run Behavior\BuildLiteBehavior [ RunTime:0.000048s ]
INFO: [ app_init ] --END-- [ RunTime:0.001816s ]
INFO: [ app_begin ] --START--
INFO: Run Behavior\ReadHtmlCacheBehavior [ RunTime:0.000983s ]
INFO: [ app_begin ] --END-- [ RunTime:0.001121s ]
SQL: SHOW COLUMNS FROM `we_category` [ RunTime:0.0047s ]
SQL: SELECT * FROM `we_category` WHERE `status` = 1  [ RunTime:0.0006s ]

[ 2017-05-10T19:52:21+08:00 ] 192.168.199.243 /index.php/Api/Category/cate
INFO: [ app_init ] --START--
INFO: Run Behavior\BuildLiteBehavior [ RunTime:0.000057s ]
INFO: [ app_init ] --END-- [ RunTime:0.001938s ]
INFO: [ app_begin ] --START--
INFO: Run Behavior\ReadHtmlCacheBehavior [ RunTime:0.000906s ]
INFO: [ app_begin ] --END-- [ RunTime:0.001019s ]
SQL: SHOW COLUMNS FROM `we_category` [ RunTime:0.0048s ]
SQL: SELECT * FROM `we_category` WHERE `status` = 1  [ RunTime:0.0006s ]

[ 2017-05-10T19:52:22+08:00 ] 192.168.199.243 /index.php/Api/Category/cate
INFO: [ app_init ] --START--
INFO: Run Behavior\BuildLiteBehavior [ RunTime:0.000035s ]
INFO: [ app_init ] --END-- [ RunTime:0.001038s ]
INFO: [ app_begin ] --START--
INFO: Run Behavior\ReadHtmlCacheBehavior [ RunTime:0.001313s ]
INFO: [ app_begin ] --END-- [ RunTime:0.001453s ]
SQL: SHOW COLUMNS FROM `we_category` [ RunTime:0.0107s ]
SQL: SELECT * FROM `we_category` WHERE `status` = 1  [ RunTime:0.0009s ]

[ 2017-05-10T19:52:23+08:00 ] 192.168.199.243 /index.php/Api/Category/cate
INFO: [ app_init ] --START--
INFO: Run Behavior\BuildLiteBehavior [ RunTime:0.000062s ]
INFO: [ app_init ] --END-- [ RunTime:0.002132s ]
INFO: [ app_begin ] --START--
INFO: Run Behavior\ReadHtmlCacheBehavior [ RunTime:0.001009s ]
INFO: [ app_begin ] --END-- [ RunTime:0.001117s ]
SQL: SHOW COLUMNS FROM `we_category` [ RunTime:0.0042s ]
SQL: SELECT * FROM `we_category` WHERE `status` = 1  [ RunTime:0.0005s ]

[ 2017-05-10T19:52:23+08:00 ] 192.168.199.243 /index.php/Api/Category/cate
INFO: [ app_init ] --START--
INFO: Run Behavior\BuildLiteBehavior [ RunTime:0.000068s ]
INFO: [ app_init ] --END-- [ RunTime:0.001722s ]
INFO: [ app_begin ] --START--
INFO: Run Behavior\ReadHtmlCacheBehavior [ RunTime:0.001747s ]
INFO: [ app_begin ] --END-- [ RunTime:0.001938s ]
SQL: SHOW COLUMNS FROM `we_category` [ RunTime:0.0057s ]
SQL: SELECT * FROM `we_category` WHERE `status` = 1  [ RunTime:0.0007s ]

[ 2017-05-10T19:52:24+08:00 ] 192.168.199.243 /index.php/Api/Category/cate
INFO: [ app_init ] --START--
INFO: Run Behavior\BuildLiteBehavior [ RunTime:0.000049s ]
INFO: [ app_init ] --END-- [ RunTime:0.001156s ]
INFO: [ app_begin ] --START--
INFO: Run Behavior\ReadHtmlCacheBehavior [ RunTime:0.001486s ]
INFO: [ app_begin ] --END-- [ RunTime:0.001724s ]
SQL: SHOW COLUMNS FROM `we_category` [ RunTime:0.0048s ]
SQL: SELECT * FROM `we_category` WHERE `status` = 1  [ RunTime:0.0006s ]

[ 2017-05-10T19:52:25+08:00 ] 192.168.199.243 /index.php/Api/Category/cate
INFO: [ app_init ] --START--
INFO: Run Behavior\BuildLiteBehavior [ RunTime:0.000036s ]
INFO: [ app_init ] --END-- [ RunTime:0.001102s ]
INFO: [ app_begin ] --START--
INFO: Run Behavior\ReadHtmlCacheBehavior [ RunTime:0.003929s ]
INFO: [ app_begin ] --END-- [ RunTime:0.004092s ]
SQL: SHOW COLUMNS FROM `we_category` [ RunTime:0.0090s ]
SQL: SELECT * FROM `we_category` WHERE `status` = 1  [ RunTime:0.0011s ]

[ 2017-05-10T19:52:25+08:00 ] 192.168.199.243 /index.php/Api/Category/cate
INFO: [ app_init ] --START--
INFO: Run Behavior\BuildLiteBehavior [ RunTime:0.000036s ]
INFO: [ app_init ] --END-- [ RunTime:0.001079s ]
INFO: [ app_begin ] --START--
INFO: Run Behavior\ReadHtmlCacheBehavior [ RunTime:0.001356s ]
INFO: [ app_begin ] --END-- [ RunTime:0.001516s ]
SQL: SHOW COLUMNS FROM `we_category` [ RunTime:0.0048s ]
SQL: SELECT * FROM `we_category` WHERE `status` = 1  [ RunTime:0.0006s ]

[ 2017-05-10T19:52:27+08:00 ] 192.168.199.243 /index.php/Api/Category/cate
INFO: [ app_init ] --START--
INFO: Run Behavior\BuildLiteBehavior [ RunTime:0.000031s ]
INFO: [ app_init ] --END-- [ RunTime:0.003440s ]
INFO: [ app_begin ] --START--
INFO: Run Behavior\ReadHtmlCacheBehavior [ RunTime:0.000895s ]
INFO: [ app_begin ] --END-- [ RunTime:0.000985s ]
SQL: SHOW COLUMNS FROM `we_category` [ RunTime:0.0050s ]
SQL: SELECT * FROM `we_category` WHERE `status` = 1  [ RunTime:0.0006s ]

[ 2017-05-10T19:52:28+08:00 ] 192.168.199.243 /index.php/Api/Category/cate
INFO: [ app_init ] --START--
INFO: Run Behavior\BuildLiteBehavior [ RunTime:0.000057s ]
INFO: [ app_init ] --END-- [ RunTime:0.001338s ]
INFO: [ app_begin ] --START--
INFO: Run Behavior\ReadHtmlCacheBehavior [ RunTime:0.001589s ]
INFO: [ app_begin ] --END-- [ RunTime:0.001751s ]
SQL: SHOW COLUMNS FROM `we_category` [ RunTime:0.0068s ]
SQL: SELECT * FROM `we_category` WHERE `status` = 1  [ RunTime:0.0013s ]

[ 2017-05-10T19:52:28+08:00 ] 192.168.199.243 /index.php/Api/Category/cate
INFO: [ app_init ] --START--
INFO: Run Behavior\BuildLiteBehavior [ RunTime:0.000024s ]
INFO: [ app_init ] --END-- [ RunTime:0.000610s ]
INFO: [ app_begin ] --START--
INFO: Run Behavior\ReadHtmlCacheBehavior [ RunTime:0.000749s ]
INFO: [ app_begin ] --END-- [ RunTime:0.000827s ]
SQL: SHOW COLUMNS FROM `we_category` [ RunTime:0.0030s ]
SQL: SELECT * FROM `we_category` WHERE `status` = 1  [ RunTime:0.0004s ]

[ 2017-05-10T19:52:28+08:00 ] 192.168.199.243 /index.php/Api/Category/cate
INFO: [ app_init ] --START--
INFO: Run Behavior\BuildLiteBehavior [ RunTime:0.000033s ]
INFO: [ app_init ] --END-- [ RunTime:0.000996s ]
INFO: [ app_begin ] --START--
INFO: Run Behavior\ReadHtmlCacheBehavior [ RunTime:0.001313s ]
INFO: [ app_begin ] --END-- [ RunTime:0.001455s ]
SQL: SHOW COLUMNS FROM `we_category` [ RunTime:0.0082s ]
SQL: SELECT * FROM `we_category` WHERE `status` = 1  [ RunTime:0.0009s ]

[ 2017-05-10T19:52:28+08:00 ] 192.168.199.243 /index.php/Api/Category/cate
INFO: [ app_init ] --START--
INFO: Run Behavior\BuildLiteBehavior [ RunTime:0.000033s ]
INFO: [ app_init ] --END-- [ RunTime:0.000985s ]
INFO: [ app_begin ] --START--
INFO: Run Behavior\ReadHtmlCacheBehavior [ RunTime:0.001263s ]
INFO: [ app_begin ] --END-- [ RunTime:0.001404s ]
SQL: SHOW COLUMNS FROM `we_category` [ RunTime:0.0078s ]
SQL: SELECT * FROM `we_category` WHERE `status` = 1  [ RunTime:0.0009s ]

[ 2017-05-10T19:52:28+08:00 ] 192.168.199.243 /index.php/Api/Category/cate
INFO: [ app_init ] --START--
INFO: Run Behavior\BuildLiteBehavior [ RunTime:0.000035s ]
INFO: [ app_init ] --END-- [ RunTime:0.001009s ]
INFO: [ app_begin ] --START--
INFO: Run Behavior\ReadHtmlCacheBehavior [ RunTime:0.001273s ]
INFO: [ app_begin ] --END-- [ RunTime:0.001411s ]
SQL: SHOW COLUMNS FROM `we_category` [ RunTime:0.0077s ]
SQL: SELECT * FROM `we_category` WHERE `status` = 1  [ RunTime:0.0010s ]

[ 2017-05-10T19:52:35+08:00 ] 192.168.199.243 /index.php/Api/Category/cate
INFO: [ app_init ] --START--
INFO: Run Behavior\BuildLiteBehavior [ RunTime:0.000036s ]
INFO: [ app_init ] --END-- [ RunTime:0.001262s ]
INFO: [ app_begin ] --START--
INFO: Run Behavior\ReadHtmlCacheBehavior [ RunTime:0.000861s ]
INFO: [ app_begin ] --END-- [ RunTime:0.000957s ]
SQL: SHOW COLUMNS FROM `we_category` [ RunTime:0.0061s ]
SQL: SELECT * FROM `we_category` WHERE `status` = 1  [ RunTime:0.0006s ]

[ 2017-05-10T19:58:00+08:00 ] 192.168.199.243 /index.php/Api/Category/cate
INFO: [ app_init ] --START--
INFO: Run Behavior\BuildLiteBehavior [ RunTime:0.000034s ]
INFO: [ app_init ] --END-- [ RunTime:0.001160s ]
INFO: [ app_begin ] --START--
INFO: Run Behavior\ReadHtmlCacheBehavior [ RunTime:0.002226s ]
INFO: [ app_begin ] --END-- [ RunTime:0.002448s ]
SQL: SHOW COLUMNS FROM `we_category` [ RunTime:0.0344s ]
SQL: SELECT * FROM `we_category` WHERE `status` = 1  [ RunTime:0.0009s ]

[ 2017-05-10T19:58:17+08:00 ] 192.168.199.243 /index.php/Api/Category/cate
INFO: [ app_init ] --START--
INFO: Run Behavior\BuildLiteBehavior [ RunTime:0.000037s ]
INFO: [ app_init ] --END-- [ RunTime:0.001231s ]
INFO: [ app_begin ] --START--
INFO: Run Behavior\ReadHtmlCacheBehavior [ RunTime:0.001953s ]
INFO: [ app_begin ] --END-- [ RunTime:0.002102s ]
SQL: SHOW COLUMNS FROM `we_category` [ RunTime:0.0102s ]
SQL: SELECT * FROM `we_category` WHERE `status` = 1  [ RunTime:0.0013s ]

[ 2017-05-10T19:59:10+08:00 ] 192.168.199.243 /index.php/Api/Category/cate
INFO: [ app_init ] --START--
INFO: Run Behavior\BuildLiteBehavior [ RunTime:0.000020s ]
INFO: [ app_init ] --END-- [ RunTime:0.000928s ]
INFO: [ app_begin ] --START--
INFO: Run Behavior\ReadHtmlCacheBehavior [ RunTime:0.000984s ]
INFO: [ app_begin ] --END-- [ RunTime:0.001059s ]
SQL: SHOW COLUMNS FROM `we_category` [ RunTime:0.0385s ]
SQL: SELECT * FROM `we_category` WHERE `status` = 1  [ RunTime:0.0007s ]

[ 2017-05-10T19:59:10+08:00 ] 192.168.199.243 /index.php/Api/Category/cate
INFO: [ app_init ] --START--
INFO: Run Behavior\BuildLiteBehavior [ RunTime:0.000038s ]
INFO: [ app_init ] --END-- [ RunTime:0.001428s ]
INFO: [ app_begin ] --START--
INFO: Run Behavior\ReadHtmlCacheBehavior [ RunTime:0.002285s ]
INFO: [ app_begin ] --END-- [ RunTime:0.002548s ]
SQL: SHOW COLUMNS FROM `we_category` [ RunTime:0.0614s ]
SQL: SELECT * FROM `we_category` WHERE `status` = 1  [ RunTime:0.0009s ]

[ 2017-05-10T19:59:11+08:00 ] 192.168.199.243 /index.php/Api/Category/cate
INFO: [ app_init ] --START--
INFO: Run Behavior\BuildLiteBehavior [ RunTime:0.000021s ]
INFO: [ app_init ] --END-- [ RunTime:0.000823s ]
INFO: [ app_begin ] --START--
INFO: Run Behavior\ReadHtmlCacheBehavior [ RunTime:0.001488s ]
INFO: [ app_begin ] --END-- [ RunTime:0.001592s ]
SQL: SHOW COLUMNS FROM `we_category` [ RunTime:0.0321s ]
SQL: SELECT * FROM `we_category` WHERE `status` = 1  [ RunTime:0.0006s ]

[ 2017-05-10T19:59:11+08:00 ] 192.168.199.243 /index.php/Api/Category/cate
INFO: [ app_init ] --START--
INFO: Run Behavior\BuildLiteBehavior [ RunTime:0.000024s ]
INFO: [ app_init ] --END-- [ RunTime:0.000886s ]
INFO: [ app_begin ] --START--
INFO: Run Behavior\ReadHtmlCacheBehavior [ RunTime:0.001747s ]
INFO: [ app_begin ] --END-- [ RunTime:0.001943s ]
SQL: SHOW COLUMNS FROM `we_category` [ RunTime:0.0371s ]
SQL: SELECT * FROM `we_category` WHERE `status` = 1  [ RunTime:0.0008s ]

[ 2017-05-10T19:59:11+08:00 ] 192.168.199.243 /index.php/Api/Category/cate
INFO: [ app_init ] --START--
INFO: Run Behavior\BuildLiteBehavior [ RunTime:0.000024s ]
INFO: [ app_init ] --END-- [ RunTime:0.000952s ]
INFO: [ app_begin ] --START--
INFO: Run Behavior\ReadHtmlCacheBehavior [ RunTime:0.001319s ]
INFO: [ app_begin ] --END-- [ RunTime:0.001428s ]
SQL: SHOW COLUMNS FROM `we_category` [ RunTime:0.0402s ]
SQL: SELECT * FROM `we_category` WHERE `status` = 1  [ RunTime:0.0031s ]

[ 2017-05-10T19:59:11+08:00 ] 192.168.199.243 /index.php/Api/Category/cate
INFO: [ app_init ] --START--
INFO: Run Behavior\BuildLiteBehavior [ RunTime:0.000044s ]
INFO: [ app_init ] --END-- [ RunTime:0.001658s ]
INFO: [ app_begin ] --START--
INFO: Run Behavior\ReadHtmlCacheBehavior [ RunTime:0.001199s ]
INFO: [ app_begin ] --END-- [ RunTime:0.001301s ]
SQL: SHOW COLUMNS FROM `we_category` [ RunTime:0.0115s ]
SQL: SELECT * FROM `we_category` WHERE `status` = 1  [ RunTime:0.0004s ]

