[ 2017-04-19T13:12:33+08:00 ] 127.0.0.1 /index.php/Api/Homepage/register
INFO: [ app_init ] --START--
INFO: Run Behavior\BuildLiteBehavior [ RunTime:0.000020s ]
INFO: [ app_init ] --END-- [ RunTime:0.000458s ]
INFO: [ app_begin ] --START--
INFO: Run Behavior\ReadHtmlCacheBehavior [ RunTime:0.000419s ]
INFO: [ app_begin ] --END-- [ RunTime:0.000469s ]
NOTIC: [8] Undefined index: user_login D:\xampp\htdocs\sina\Application\Api\Controller\HomepageController.class.php 第 62 行.
NOTIC: [8] Undefined index: user_password D:\xampp\htdocs\sina\Application\Api\Controller\HomepageController.class.php 第 63 行.
SQL: SHOW COLUMNS FROM `wb_user` [ RunTime:0.0221s ]
NOTIC: [8] Undefined variable: email D:\xampp\htdocs\sina\Application\Api\Controller\HomepageController.class.php 第 66 行.
SQL: SELECT * FROM `wb_user` WHERE `email` = null LIMIT 1   [ RunTime:0.0013s ]
SQL: INSERT INTO `wb_user` (`user_login`,`email`,`create_time`) VALUES (NULL,NULL,'2017-04-19 13:12:33') [ RunTime:0.0281s ]
INFO: [ app_end ] --START--
INFO: Run Behavior\ShowPageTraceBehavior [ RunTime:0.000558s ]
INFO: [ app_end ] --END-- [ RunTime:0.000606s ]

[ 2017-04-19T13:12:35+08:00 ] 127.0.0.1 /index.php/Api/Homepage/register
INFO: [ app_init ] --START--
INFO: Run Behavior\BuildLiteBehavior [ RunTime:0.000023s ]
INFO: [ app_init ] --END-- [ RunTime:0.000550s ]
INFO: [ app_begin ] --START--
INFO: Run Behavior\ReadHtmlCacheBehavior [ RunTime:0.000705s ]
INFO: [ app_begin ] --END-- [ RunTime:0.000788s ]
NOTIC: [8] Undefined index: user_login D:\xampp\htdocs\sina\Application\Api\Controller\HomepageController.class.php 第 62 行.
NOTIC: [8] Undefined index: user_password D:\xampp\htdocs\sina\Application\Api\Controller\HomepageController.class.php 第 63 行.
SQL: SHOW COLUMNS FROM `wb_user` [ RunTime:0.0164s ]
NOTIC: [8] Undefined variable: email D:\xampp\htdocs\sina\Application\Api\Controller\HomepageController.class.php 第 66 行.
SQL: SELECT * FROM `wb_user` WHERE `email` = null LIMIT 1   [ RunTime:0.0012s ]
SQL: INSERT INTO `wb_user` (`user_login`,`email`,`create_time`) VALUES (NULL,NULL,'2017-04-19 13:12:35') [ RunTime:0.0335s ]
INFO: [ app_end ] --START--
INFO: Run Behavior\ShowPageTraceBehavior [ RunTime:0.000567s ]
INFO: [ app_end ] --END-- [ RunTime:0.000615s ]

[ 2017-04-19T13:12:49+08:00 ] 127.0.0.1 /index.php/Api/Homepage/register
INFO: [ app_init ] --START--
INFO: Run Behavior\BuildLiteBehavior [ RunTime:0.000015s ]
INFO: [ app_init ] --END-- [ RunTime:0.000416s ]
INFO: [ app_begin ] --START--
INFO: Run Behavior\ReadHtmlCacheBehavior [ RunTime:0.000438s ]
INFO: [ app_begin ] --END-- [ RunTime:0.000491s ]
NOTIC: [8] Undefined index: user_login D:\xampp\htdocs\sina\Application\Api\Controller\HomepageController.class.php 第 62 行.
NOTIC: [8] Undefined index: user_password D:\xampp\htdocs\sina\Application\Api\Controller\HomepageController.class.php 第 63 行.
SQL: SHOW COLUMNS FROM `wb_user` [ RunTime:0.0055s ]
NOTIC: [8] Undefined variable: email D:\xampp\htdocs\sina\Application\Api\Controller\HomepageController.class.php 第 66 行.
SQL: SELECT * FROM `wb_user` WHERE `email` = null LIMIT 1   [ RunTime:0.0011s ]
SQL: INSERT INTO `wb_user` (`user_login`,`email`,`create_time`) VALUES (NULL,NULL,'2017-04-19 13:12:49') [ RunTime:0.0302s ]
INFO: [ app_end ] --START--
INFO: Run Behavior\ShowPageTraceBehavior [ RunTime:0.000501s ]
INFO: [ app_end ] --END-- [ RunTime:0.000537s ]

[ 2017-04-19T13:12:51+08:00 ] 127.0.0.1 /index.php/Api/Homepage/register
INFO: [ app_init ] --START--
INFO: Run Behavior\BuildLiteBehavior [ RunTime:0.000022s ]
INFO: [ app_init ] --END-- [ RunTime:0.000556s ]
INFO: [ app_begin ] --START--
INFO: Run Behavior\ReadHtmlCacheBehavior [ RunTime:0.000573s ]
INFO: [ app_begin ] --END-- [ RunTime:0.000638s ]
NOTIC: [8] Undefined index: user_login D:\xampp\htdocs\sina\Application\Api\Controller\HomepageController.class.php 第 62 行.
NOTIC: [8] Undefined index: user_password D:\xampp\htdocs\sina\Application\Api\Controller\HomepageController.class.php 第 63 行.
SQL: SHOW COLUMNS FROM `wb_user` [ RunTime:0.0042s ]
NOTIC: [8] Undefined variable: email D:\xampp\htdocs\sina\Application\Api\Controller\HomepageController.class.php 第 66 行.
SQL: SELECT * FROM `wb_user` WHERE `email` = null LIMIT 1   [ RunTime:0.0019s ]
SQL: INSERT INTO `wb_user` (`user_login`,`email`,`create_time`) VALUES (NULL,NULL,'2017-04-19 13:12:51') [ RunTime:0.0421s ]
INFO: [ app_end ] --START--
INFO: Run Behavior\ShowPageTraceBehavior [ RunTime:0.000512s ]
INFO: [ app_end ] --END-- [ RunTime:0.000551s ]

[ 2017-04-19T13:12:52+08:00 ] 127.0.0.1 /index.php/Api/Homepage/register
INFO: [ app_init ] --START--
INFO: Run Behavior\BuildLiteBehavior [ RunTime:0.000014s ]
INFO: [ app_init ] --END-- [ RunTime:0.000327s ]
INFO: [ app_begin ] --START--
INFO: Run Behavior\ReadHtmlCacheBehavior [ RunTime:0.000386s ]
INFO: [ app_begin ] --END-- [ RunTime:0.000426s ]
NOTIC: [8] Undefined index: user_login D:\xampp\htdocs\sina\Application\Api\Controller\HomepageController.class.php 第 62 行.
NOTIC: [8] Undefined index: user_password D:\xampp\htdocs\sina\Application\Api\Controller\HomepageController.class.php 第 63 行.
SQL: SHOW COLUMNS FROM `wb_user` [ RunTime:0.0072s ]
NOTIC: [8] Undefined variable: email D:\xampp\htdocs\sina\Application\Api\Controller\HomepageController.class.php 第 66 行.
SQL: SELECT * FROM `wb_user` WHERE `email` = null LIMIT 1   [ RunTime:0.0028s ]
SQL: INSERT INTO `wb_user` (`user_login`,`email`,`create_time`) VALUES (NULL,NULL,'2017-04-19 13:12:52') [ RunTime:0.0041s ]
INFO: [ app_end ] --START--
INFO: Run Behavior\ShowPageTraceBehavior [ RunTime:0.000554s ]
INFO: [ app_end ] --END-- [ RunTime:0.000609s ]

[ 2017-04-19T13:13:03+08:00 ] 127.0.0.1 /index.php/Api/Homepage/register
INFO: [ app_init ] --START--
INFO: Run Behavior\BuildLiteBehavior [ RunTime:0.000029s ]
INFO: [ app_init ] --END-- [ RunTime:0.000638s ]
INFO: [ app_begin ] --START--
INFO: Run Behavior\ReadHtmlCacheBehavior [ RunTime:0.000748s ]
INFO: [ app_begin ] --END-- [ RunTime:0.000852s ]
NOTIC: [8] Undefined index: user_login D:\xampp\htdocs\sina\Application\Api\Controller\HomepageController.class.php 第 62 行.
NOTIC: [8] Undefined index: user_password D:\xampp\htdocs\sina\Application\Api\Controller\HomepageController.class.php 第 63 行.
SQL: SHOW COLUMNS FROM `wb_user` [ RunTime:0.0047s ]
NOTIC: [8] Undefined variable: email D:\xampp\htdocs\sina\Application\Api\Controller\HomepageController.class.php 第 66 行.
SQL: SELECT * FROM `wb_user` WHERE `email` = null LIMIT 1   [ RunTime:0.0016s ]
SQL: INSERT INTO `wb_user` (`user_login`,`email`,`create_time`) VALUES (NULL,NULL,'2017-04-19 13:13:03') [ RunTime:0.0738s ]
INFO: [ app_end ] --START--
INFO: Run Behavior\ShowPageTraceBehavior [ RunTime:0.000556s ]
INFO: [ app_end ] --END-- [ RunTime:0.000606s ]

[ 2017-04-19T13:13:06+08:00 ] 127.0.0.1 /index.php/Api/Homepage/register
INFO: [ app_init ] --START--
INFO: Run Behavior\BuildLiteBehavior [ RunTime:0.000027s ]
INFO: [ app_init ] --END-- [ RunTime:0.000610s ]
INFO: [ app_begin ] --START--
INFO: Run Behavior\ReadHtmlCacheBehavior [ RunTime:0.000666s ]
INFO: [ app_begin ] --END-- [ RunTime:0.000744s ]
NOTIC: [8] Undefined index: user_login D:\xampp\htdocs\sina\Application\Api\Controller\HomepageController.class.php 第 62 行.
NOTIC: [8] Undefined index: user_password D:\xampp\htdocs\sina\Application\Api\Controller\HomepageController.class.php 第 63 行.
SQL: SHOW COLUMNS FROM `wb_user` [ RunTime:0.0072s ]
NOTIC: [8] Undefined variable: email D:\xampp\htdocs\sina\Application\Api\Controller\HomepageController.class.php 第 66 行.
SQL: SELECT * FROM `wb_user` WHERE `email` = null LIMIT 1   [ RunTime:0.0012s ]
SQL: INSERT INTO `wb_user` (`user_login`,`email`,`create_time`) VALUES (NULL,NULL,'2017-04-19 13:13:05') [ RunTime:0.0383s ]
INFO: [ app_end ] --START--
INFO: Run Behavior\ShowPageTraceBehavior [ RunTime:0.000501s ]
INFO: [ app_end ] --END-- [ RunTime:0.000548s ]

[ 2017-04-19T13:13:06+08:00 ] 127.0.0.1 /index.php/Api/Homepage/register
INFO: [ app_init ] --START--
INFO: Run Behavior\BuildLiteBehavior [ RunTime:0.000011s ]
INFO: [ app_init ] --END-- [ RunTime:0.000288s ]
INFO: [ app_begin ] --START--
INFO: Run Behavior\ReadHtmlCacheBehavior [ RunTime:0.000360s ]
INFO: [ app_begin ] --END-- [ RunTime:0.000399s ]
NOTIC: [8] Undefined index: user_login D:\xampp\htdocs\sina\Application\Api\Controller\HomepageController.class.php 第 62 行.
NOTIC: [8] Undefined index: user_password D:\xampp\htdocs\sina\Application\Api\Controller\HomepageController.class.php 第 63 行.
SQL: SHOW COLUMNS FROM `wb_user` [ RunTime:0.0055s ]
NOTIC: [8] Undefined variable: email D:\xampp\htdocs\sina\Application\Api\Controller\HomepageController.class.php 第 66 行.
SQL: SELECT * FROM `wb_user` WHERE `email` = null LIMIT 1   [ RunTime:0.0018s ]
SQL: INSERT INTO `wb_user` (`user_login`,`email`,`create_time`) VALUES (NULL,NULL,'2017-04-19 13:13:06') [ RunTime:0.0024s ]
INFO: [ app_end ] --START--
INFO: Run Behavior\ShowPageTraceBehavior [ RunTime:0.000747s ]
INFO: [ app_end ] --END-- [ RunTime:0.000810s ]

<<<<<<< Updated upstream
[ 2017-04-19T13:26:19+08:00 ] 127.0.0.1 /index.php/Api/Homepage/category_left
INFO: [ app_init ] --START--
INFO: Run Behavior\BuildLiteBehavior [ RunTime:0.000021s ]
INFO: [ app_init ] --END-- [ RunTime:0.000655s ]
INFO: [ app_begin ] --START--
INFO: Run Behavior\ReadHtmlCacheBehavior [ RunTime:0.000691s ]
INFO: [ app_begin ] --END-- [ RunTime:0.000767s ]
SQL: SHOW COLUMNS FROM `wb_category` [ RunTime:0.0033s ]
SQL: SELECT `name` FROM `wb_category` WHERE `parent_id` = 1  [ RunTime:0.5595s ]
INFO: [ app_end ] --START--
INFO: Run Behavior\ShowPageTraceBehavior [ RunTime:0.000800s ]
INFO: [ app_end ] --END-- [ RunTime:0.000893s ]

[ 2017-04-19T13:26:19+08:00 ] 127.0.0.1 /index.php/Api/Homepage/category_right
INFO: [ app_init ] --START--
INFO: Run Behavior\BuildLiteBehavior [ RunTime:0.000021s ]
INFO: [ app_init ] --END-- [ RunTime:0.000690s ]
INFO: [ app_begin ] --START--
INFO: Run Behavior\ReadHtmlCacheBehavior [ RunTime:0.000664s ]
INFO: [ app_begin ] --END-- [ RunTime:0.000718s ]
SQL: SHOW COLUMNS FROM `wb_category` [ RunTime:0.0048s ]
SQL: SELECT * FROM `wb_category` WHERE `parent_id` = 2  [ RunTime:0.0004s ]
SQL: SELECT * FROM `wb_category` WHERE `parent_id` = 13  [ RunTime:0.0003s ]
SQL: SELECT * FROM `wb_category` WHERE `parent_id` = 14  [ RunTime:0.0004s ]
SQL: SELECT * FROM `wb_category` WHERE `parent_id` = 15  [ RunTime:0.0004s ]
SQL: SELECT * FROM `wb_category` WHERE `parent_id` = 16  [ RunTime:0.0003s ]
INFO: [ app_end ] --START--
INFO: Run Behavior\ShowPageTraceBehavior [ RunTime:0.000765s ]
INFO: [ app_end ] --END-- [ RunTime:0.000811s ]

[ 2017-04-19T13:26:25+08:00 ] 127.0.0.1 /index.php/Api/Homepage/category_right
INFO: [ app_init ] --START--
INFO: Run Behavior\BuildLiteBehavior [ RunTime:0.000024s ]
INFO: [ app_init ] --END-- [ RunTime:0.000786s ]
INFO: [ app_begin ] --START--
INFO: Run Behavior\ReadHtmlCacheBehavior [ RunTime:0.000736s ]
INFO: [ app_begin ] --END-- [ RunTime:0.000809s ]
SQL: SHOW COLUMNS FROM `wb_category` [ RunTime:0.0031s ]
SQL: SELECT * FROM `wb_category` WHERE `parent_id` = 2  [ RunTime:0.0004s ]
SQL: SELECT * FROM `wb_category` WHERE `parent_id` = 13  [ RunTime:0.0003s ]
SQL: SELECT * FROM `wb_category` WHERE `parent_id` = 14  [ RunTime:0.0003s ]
SQL: SELECT * FROM `wb_category` WHERE `parent_id` = 15  [ RunTime:0.0006s ]
SQL: SELECT * FROM `wb_category` WHERE `parent_id` = 16  [ RunTime:0.0004s ]
INFO: [ app_end ] --START--
INFO: Run Behavior\ShowPageTraceBehavior [ RunTime:0.000771s ]
INFO: [ app_end ] --END-- [ RunTime:0.000819s ]

[ 2017-04-19T13:26:25+08:00 ] 127.0.0.1 /index.php/Api/Homepage/category_left
INFO: [ app_init ] --START--
INFO: Run Behavior\BuildLiteBehavior [ RunTime:0.000022s ]
INFO: [ app_init ] --END-- [ RunTime:0.000727s ]
INFO: [ app_begin ] --START--
INFO: Run Behavior\ReadHtmlCacheBehavior [ RunTime:0.000908s ]
INFO: [ app_begin ] --END-- [ RunTime:0.001016s ]
SQL: SHOW COLUMNS FROM `wb_category` [ RunTime:0.0052s ]
SQL: SELECT `name` FROM `wb_category` WHERE `parent_id` = 1  [ RunTime:0.0005s ]
INFO: [ app_end ] --START--
INFO: Run Behavior\ShowPageTraceBehavior [ RunTime:0.000954s ]
INFO: [ app_end ] --END-- [ RunTime:0.001048s ]

[ 2017-04-19T13:26:27+08:00 ] 127.0.0.1 /index.php/Api/Homepage/category_left
INFO: [ app_init ] --START--
INFO: Run Behavior\BuildLiteBehavior [ RunTime:0.000021s ]
INFO: [ app_init ] --END-- [ RunTime:0.000545s ]
INFO: [ app_begin ] --START--
INFO: Run Behavior\ReadHtmlCacheBehavior [ RunTime:0.000686s ]
INFO: [ app_begin ] --END-- [ RunTime:0.000764s ]
SQL: SHOW COLUMNS FROM `wb_category` [ RunTime:0.0075s ]
SQL: SELECT `name` FROM `wb_category` WHERE `parent_id` = 1  [ RunTime:0.0007s ]
INFO: [ app_end ] --START--
INFO: Run Behavior\ShowPageTraceBehavior [ RunTime:0.001111s ]
INFO: [ app_end ] --END-- [ RunTime:0.001198s ]

[ 2017-04-19T13:26:27+08:00 ] 127.0.0.1 /index.php/Api/Homepage/category_right
INFO: [ app_init ] --START--
INFO: Run Behavior\BuildLiteBehavior [ RunTime:0.000017s ]
INFO: [ app_init ] --END-- [ RunTime:0.000554s ]
INFO: [ app_begin ] --START--
INFO: Run Behavior\ReadHtmlCacheBehavior [ RunTime:0.000717s ]
INFO: [ app_begin ] --END-- [ RunTime:0.000794s ]
SQL: SHOW COLUMNS FROM `wb_category` [ RunTime:0.0105s ]
SQL: SELECT * FROM `wb_category` WHERE `parent_id` = 2  [ RunTime:0.0005s ]
SQL: SELECT * FROM `wb_category` WHERE `parent_id` = 13  [ RunTime:0.0005s ]
SQL: SELECT * FROM `wb_category` WHERE `parent_id` = 14  [ RunTime:0.0005s ]
SQL: SELECT * FROM `wb_category` WHERE `parent_id` = 15  [ RunTime:0.0005s ]
SQL: SELECT * FROM `wb_category` WHERE `parent_id` = 16  [ RunTime:0.0004s ]
INFO: [ app_end ] --START--
INFO: Run Behavior\ShowPageTraceBehavior [ RunTime:0.000753s ]
INFO: [ app_end ] --END-- [ RunTime:0.000831s ]

[ 2017-04-19T13:26:27+08:00 ] 127.0.0.1 /index.php/Api/Homepage/category_left
INFO: [ app_init ] --START--
INFO: Run Behavior\BuildLiteBehavior [ RunTime:0.000014s ]
INFO: [ app_init ] --END-- [ RunTime:0.000438s ]
INFO: [ app_begin ] --START--
INFO: Run Behavior\ReadHtmlCacheBehavior [ RunTime:0.000652s ]
INFO: [ app_begin ] --END-- [ RunTime:0.000733s ]
SQL: SHOW COLUMNS FROM `wb_category` [ RunTime:0.0066s ]
SQL: SELECT `name` FROM `wb_category` WHERE `parent_id` = 1  [ RunTime:0.0006s ]
INFO: [ app_end ] --START--
INFO: Run Behavior\ShowPageTraceBehavior [ RunTime:0.000550s ]
INFO: [ app_end ] --END-- [ RunTime:0.000596s ]

[ 2017-04-19T13:26:27+08:00 ] 127.0.0.1 /index.php/Api/Homepage/category_right
INFO: [ app_init ] --START--
INFO: Run Behavior\BuildLiteBehavior [ RunTime:0.000029s ]
INFO: [ app_init ] --END-- [ RunTime:0.000678s ]
INFO: [ app_begin ] --START--
INFO: Run Behavior\ReadHtmlCacheBehavior [ RunTime:0.000661s ]
INFO: [ app_begin ] --END-- [ RunTime:0.000744s ]
SQL: SHOW COLUMNS FROM `wb_category` [ RunTime:0.0085s ]
SQL: SELECT * FROM `wb_category` WHERE `parent_id` = 2  [ RunTime:0.0007s ]
SQL: SELECT * FROM `wb_category` WHERE `parent_id` = 13  [ RunTime:0.0004s ]
SQL: SELECT * FROM `wb_category` WHERE `parent_id` = 14  [ RunTime:0.0004s ]
SQL: SELECT * FROM `wb_category` WHERE `parent_id` = 15  [ RunTime:0.0003s ]
SQL: SELECT * FROM `wb_category` WHERE `parent_id` = 16  [ RunTime:0.0003s ]
INFO: [ app_end ] --START--
INFO: Run Behavior\ShowPageTraceBehavior [ RunTime:0.000549s ]
INFO: [ app_end ] --END-- [ RunTime:0.000592s ]

[ 2017-04-19T13:26:28+08:00 ] 127.0.0.1 /index.php/Api/Homepage/category_left
INFO: [ app_init ] --START--
INFO: Run Behavior\BuildLiteBehavior [ RunTime:0.000021s ]
INFO: [ app_init ] --END-- [ RunTime:0.000591s ]
INFO: [ app_begin ] --START--
INFO: Run Behavior\ReadHtmlCacheBehavior [ RunTime:0.000821s ]
INFO: [ app_begin ] --END-- [ RunTime:0.000945s ]
SQL: SHOW COLUMNS FROM `wb_category` [ RunTime:0.0037s ]
SQL: SELECT `name` FROM `wb_category` WHERE `parent_id` = 1  [ RunTime:0.0005s ]
INFO: [ app_end ] --START--
INFO: Run Behavior\ShowPageTraceBehavior [ RunTime:0.000569s ]
INFO: [ app_end ] --END-- [ RunTime:0.000619s ]

[ 2017-04-19T13:26:28+08:00 ] 127.0.0.1 /index.php/Api/Homepage/category_right
INFO: [ app_init ] --START--
INFO: Run Behavior\BuildLiteBehavior [ RunTime:0.000019s ]
INFO: [ app_init ] --END-- [ RunTime:0.000552s ]
INFO: [ app_begin ] --START--
INFO: Run Behavior\ReadHtmlCacheBehavior [ RunTime:0.000841s ]
INFO: [ app_begin ] --END-- [ RunTime:0.000955s ]
SQL: SHOW COLUMNS FROM `wb_category` [ RunTime:0.0057s ]
SQL: SELECT * FROM `wb_category` WHERE `parent_id` = 2  [ RunTime:0.0004s ]
SQL: SELECT * FROM `wb_category` WHERE `parent_id` = 13  [ RunTime:0.0004s ]
SQL: SELECT * FROM `wb_category` WHERE `parent_id` = 14  [ RunTime:0.0006s ]
SQL: SELECT * FROM `wb_category` WHERE `parent_id` = 15  [ RunTime:0.0005s ]
SQL: SELECT * FROM `wb_category` WHERE `parent_id` = 16  [ RunTime:0.0005s ]
INFO: [ app_end ] --START--
INFO: Run Behavior\ShowPageTraceBehavior [ RunTime:0.001487s ]
INFO: [ app_end ] --END-- [ RunTime:0.001623s ]

[ 2017-04-19T13:27:28+08:00 ] 127.0.0.1 /index.php/Api/Homepage/register
INFO: [ app_init ] --START--
INFO: Run Behavior\BuildLiteBehavior [ RunTime:0.000016s ]
INFO: [ app_init ] --END-- [ RunTime:0.000488s ]
INFO: [ app_begin ] --START--
INFO: Run Behavior\ReadHtmlCacheBehavior [ RunTime:0.000604s ]
INFO: [ app_begin ] --END-- [ RunTime:0.000662s ]
NOTIC: [8] Undefined index: email F:\XAMPP\htdocs\sina\Application\Api\Controller\HomepageController.class.php 第 64 行.
SQL: SHOW COLUMNS FROM `wb_user` [ RunTime:0.0033s ]
NOTIC: [8] Undefined variable: email F:\XAMPP\htdocs\sina\Application\Api\Controller\HomepageController.class.php 第 66 行.
SQL: SELECT * FROM `wb_user` WHERE `email` = null LIMIT 1   [ RunTime:0.0004s ]
SQL: INSERT INTO `wb_user` (`user_login`,`email`,`create_time`) VALUES ('123',NULL,'2017-04-19 13:27:28') [ RunTime:0.0117s ]
INFO: [ app_end ] --START--
INFO: Run Behavior\ShowPageTraceBehavior [ RunTime:0.000698s ]
INFO: [ app_end ] --END-- [ RunTime:0.000779s ]

[ 2017-04-19T13:27:29+08:00 ] 127.0.0.1 /index.php/Api/Homepage/register
INFO: [ app_init ] --START--
INFO: Run Behavior\BuildLiteBehavior [ RunTime:0.000026s ]
INFO: [ app_init ] --END-- [ RunTime:0.000614s ]
INFO: [ app_begin ] --START--
INFO: Run Behavior\ReadHtmlCacheBehavior [ RunTime:0.000583s ]
INFO: [ app_begin ] --END-- [ RunTime:0.000665s ]
NOTIC: [8] Undefined index: email F:\XAMPP\htdocs\sina\Application\Api\Controller\HomepageController.class.php 第 64 行.
SQL: SHOW COLUMNS FROM `wb_user` [ RunTime:0.0028s ]
NOTIC: [8] Undefined variable: email F:\XAMPP\htdocs\sina\Application\Api\Controller\HomepageController.class.php 第 66 行.
SQL: SELECT * FROM `wb_user` WHERE `email` = null LIMIT 1   [ RunTime:0.0006s ]
SQL: INSERT INTO `wb_user` (`user_login`,`email`,`create_time`) VALUES ('123',NULL,'2017-04-19 13:27:29') [ RunTime:0.0238s ]
INFO: [ app_end ] --START--
INFO: Run Behavior\ShowPageTraceBehavior [ RunTime:0.000714s ]
INFO: [ app_end ] --END-- [ RunTime:0.000776s ]

[ 2017-04-19T13:27:30+08:00 ] 127.0.0.1 /index.php/Api/Homepage/register
INFO: [ app_init ] --START--
INFO: Run Behavior\BuildLiteBehavior [ RunTime:0.000015s ]
INFO: [ app_init ] --END-- [ RunTime:0.000423s ]
INFO: [ app_begin ] --START--
INFO: Run Behavior\ReadHtmlCacheBehavior [ RunTime:0.000533s ]
INFO: [ app_begin ] --END-- [ RunTime:0.000589s ]
NOTIC: [8] Undefined index: email F:\XAMPP\htdocs\sina\Application\Api\Controller\HomepageController.class.php 第 64 行.
SQL: SHOW COLUMNS FROM `wb_user` [ RunTime:0.0072s ]
NOTIC: [8] Undefined variable: email F:\XAMPP\htdocs\sina\Application\Api\Controller\HomepageController.class.php 第 66 行.
SQL: SELECT * FROM `wb_user` WHERE `email` = null LIMIT 1   [ RunTime:0.0005s ]
SQL: INSERT INTO `wb_user` (`user_login`,`email`,`create_time`) VALUES ('123',NULL,'2017-04-19 13:27:30') [ RunTime:0.0017s ]
INFO: [ app_end ] --START--
INFO: Run Behavior\ShowPageTraceBehavior [ RunTime:0.000581s ]
INFO: [ app_end ] --END-- [ RunTime:0.000625s ]

[ 2017-04-19T13:27:42+08:00 ] 127.0.0.1 /index.php/Api/Homepage/register
INFO: [ app_init ] --START--
INFO: Run Behavior\BuildLiteBehavior [ RunTime:0.000016s ]
INFO: [ app_init ] --END-- [ RunTime:0.000575s ]
INFO: [ app_begin ] --START--
INFO: Run Behavior\ReadHtmlCacheBehavior [ RunTime:0.000755s ]
INFO: [ app_begin ] --END-- [ RunTime:0.000824s ]
NOTIC: [8] Undefined index: email F:\XAMPP\htdocs\sina\Application\Api\Controller\HomepageController.class.php 第 64 行.
SQL: SHOW COLUMNS FROM `wb_user` [ RunTime:0.0045s ]
NOTIC: [8] Undefined variable: email F:\XAMPP\htdocs\sina\Application\Api\Controller\HomepageController.class.php 第 66 行.
SQL: SELECT * FROM `wb_user` WHERE `email` = null LIMIT 1   [ RunTime:0.0014s ]
SQL: INSERT INTO `wb_user` (`user_login`,`email`,`create_time`) VALUES ('123',NULL,'2017-04-19 13:27:42') [ RunTime:0.0261s ]
INFO: [ app_end ] --START--
INFO: Run Behavior\ShowPageTraceBehavior [ RunTime:0.000671s ]
INFO: [ app_end ] --END-- [ RunTime:0.000732s ]

[ 2017-04-19T13:30:33+08:00 ] 127.0.0.1 /index.php/Api/Homepage/register
INFO: [ app_init ] --START--
INFO: Run Behavior\BuildLiteBehavior [ RunTime:0.000024s ]
INFO: [ app_init ] --END-- [ RunTime:0.000672s ]
INFO: [ app_begin ] --START--
INFO: Run Behavior\ReadHtmlCacheBehavior [ RunTime:0.001800s ]
INFO: [ app_begin ] --END-- [ RunTime:0.002174s ]
NOTIC: [8] Undefined index: email F:\XAMPP\htdocs\sina\Application\Api\Controller\HomepageController.class.php 第 64 行.
SQL: SHOW COLUMNS FROM `wb_user` [ RunTime:0.0071s ]
NOTIC: [8] Undefined variable: email F:\XAMPP\htdocs\sina\Application\Api\Controller\HomepageController.class.php 第 66 行.
SQL: SELECT * FROM `wb_user` WHERE `email` = null LIMIT 1   [ RunTime:0.0004s ]
SQL: INSERT INTO `wb_user` (`user_login`,`email`,`create_time`) VALUES ('123',NULL,'2017-04-19 13:30:33') [ RunTime:0.0231s ]
INFO: [ app_end ] --START--
INFO: Run Behavior\ShowPageTraceBehavior [ RunTime:0.000810s ]
INFO: [ app_end ] --END-- [ RunTime:0.000877s ]

[ 2017-04-19T13:30:34+08:00 ] 127.0.0.1 /index.php/Api/Homepage/register
INFO: [ app_init ] --START--
INFO: Run Behavior\BuildLiteBehavior [ RunTime:0.000012s ]
INFO: [ app_init ] --END-- [ RunTime:0.000333s ]
INFO: [ app_begin ] --START--
INFO: Run Behavior\ReadHtmlCacheBehavior [ RunTime:0.000404s ]
INFO: [ app_begin ] --END-- [ RunTime:0.000442s ]
NOTIC: [8] Undefined index: email F:\XAMPP\htdocs\sina\Application\Api\Controller\HomepageController.class.php 第 64 行.
SQL: SHOW COLUMNS FROM `wb_user` [ RunTime:0.0045s ]
NOTIC: [8] Undefined variable: email F:\XAMPP\htdocs\sina\Application\Api\Controller\HomepageController.class.php 第 66 行.
SQL: SELECT * FROM `wb_user` WHERE `email` = null LIMIT 1   [ RunTime:0.0004s ]
SQL: INSERT INTO `wb_user` (`user_login`,`email`,`create_time`) VALUES ('123',NULL,'2017-04-19 13:30:34') [ RunTime:0.0340s ]
INFO: [ app_end ] --START--
INFO: Run Behavior\ShowPageTraceBehavior [ RunTime:0.000804s ]
INFO: [ app_end ] --END-- [ RunTime:0.000874s ]

[ 2017-04-19T13:34:21+08:00 ] 127.0.0.1 /index.php/Api/Homepage/register
INFO: [ app_init ] --START--
INFO: Run Behavior\BuildLiteBehavior [ RunTime:0.000025s ]
INFO: [ app_init ] --END-- [ RunTime:0.000887s ]
INFO: [ app_begin ] --START--
INFO: Run Behavior\ReadHtmlCacheBehavior [ RunTime:0.001011s ]
INFO: [ app_begin ] --END-- [ RunTime:0.001098s ]
SQL: SHOW COLUMNS FROM `wb_user` [ RunTime:0.0043s ]
NOTIC: [8] Undefined variable: email F:\XAMPP\htdocs\sina\Application\Api\Controller\HomepageController.class.php 第 66 行.
SQL: SELECT * FROM `wb_user` WHERE `email` = null LIMIT 1   [ RunTime:0.0004s ]
SQL: INSERT INTO `wb_user` (`user_login`,`user_password`,`email`,`create_time`) VALUES ('123','123','123','2017-04-19 13:34:21') [ RunTime:0.0961s ]
INFO: [ app_end ] --START--
INFO: Run Behavior\ShowPageTraceBehavior [ RunTime:0.000777s ]
INFO: [ app_end ] --END-- [ RunTime:0.000821s ]

[ 2017-04-19T13:34:32+08:00 ] 127.0.0.1 /index.php/Api/Homepage/register
INFO: [ app_init ] --START--
INFO: Run Behavior\BuildLiteBehavior [ RunTime:0.000021s ]
INFO: [ app_init ] --END-- [ RunTime:0.000569s ]
INFO: [ app_begin ] --START--
INFO: Run Behavior\ReadHtmlCacheBehavior [ RunTime:0.000709s ]
INFO: [ app_begin ] --END-- [ RunTime:0.000791s ]
SQL: SHOW COLUMNS FROM `wb_user` [ RunTime:0.0031s ]
NOTIC: [8] Undefined variable: email F:\XAMPP\htdocs\sina\Application\Api\Controller\HomepageController.class.php 第 66 行.
SQL: SELECT * FROM `wb_user` WHERE `email` = null LIMIT 1   [ RunTime:0.0004s ]
SQL: INSERT INTO `wb_user` (`user_login`,`user_password`,`email`,`create_time`) VALUES ('123','123','123','2017-04-19 13:34:32') [ RunTime:0.0600s ]
INFO: [ app_end ] --START--
INFO: Run Behavior\ShowPageTraceBehavior [ RunTime:0.000839s ]
INFO: [ app_end ] --END-- [ RunTime:0.000927s ]

[ 2017-04-19T13:34:33+08:00 ] 127.0.0.1 /index.php/Api/Homepage/register
INFO: [ app_init ] --START--
INFO: Run Behavior\BuildLiteBehavior [ RunTime:0.000021s ]
INFO: [ app_init ] --END-- [ RunTime:0.000635s ]
INFO: [ app_begin ] --START--
INFO: Run Behavior\ReadHtmlCacheBehavior [ RunTime:0.001101s ]
INFO: [ app_begin ] --END-- [ RunTime:0.001240s ]
SQL: SHOW COLUMNS FROM `wb_user` [ RunTime:0.0052s ]
NOTIC: [8] Undefined variable: email F:\XAMPP\htdocs\sina\Application\Api\Controller\HomepageController.class.php 第 66 行.
SQL: SELECT * FROM `wb_user` WHERE `email` = null LIMIT 1   [ RunTime:0.0004s ]
SQL: INSERT INTO `wb_user` (`user_login`,`user_password`,`email`,`create_time`) VALUES ('123','123','123','2017-04-19 13:34:33') [ RunTime:0.0017s ]
INFO: [ app_end ] --START--
INFO: Run Behavior\ShowPageTraceBehavior [ RunTime:0.001749s ]
INFO: [ app_end ] --END-- [ RunTime:0.001811s ]

[ 2017-04-19T13:35:05+08:00 ] 127.0.0.1 /index.php/Api/Homepage/register
INFO: [ app_init ] --START--
INFO: Run Behavior\BuildLiteBehavior [ RunTime:0.000023s ]
INFO: [ app_init ] --END-- [ RunTime:0.000642s ]
INFO: [ app_begin ] --START--
INFO: Run Behavior\ReadHtmlCacheBehavior [ RunTime:0.000758s ]
INFO: [ app_begin ] --END-- [ RunTime:0.000854s ]
SQL: SHOW COLUMNS FROM `wb_user` [ RunTime:0.0032s ]
NOTIC: [8] Undefined variable: email F:\XAMPP\htdocs\sina\Application\Api\Controller\HomepageController.class.php 第 66 行.
SQL: SELECT * FROM `wb_user` WHERE `email` = null LIMIT 1   [ RunTime:0.0004s ]
SQL: INSERT INTO `wb_user` (`user_login`,`user_password`,`email`,`create_time`) VALUES ('123','123','123','2017-04-19 13:35:05') [ RunTime:0.0011s ]
INFO: [ app_end ] --START--
INFO: Run Behavior\ShowPageTraceBehavior [ RunTime:0.000577s ]
INFO: [ app_end ] --END-- [ RunTime:0.000620s ]

[ 2017-04-19T13:35:23+08:00 ] 127.0.0.1 /index.php/Api/Homepage/register
INFO: [ app_init ] --START--
INFO: Run Behavior\BuildLiteBehavior [ RunTime:0.000038s ]
INFO: [ app_init ] --END-- [ RunTime:0.000757s ]
INFO: [ app_begin ] --START--
INFO: Run Behavior\ReadHtmlCacheBehavior [ RunTime:0.000933s ]
INFO: [ app_begin ] --END-- [ RunTime:0.001059s ]
SQL: SHOW COLUMNS FROM `wb_user` [ RunTime:0.0061s ]
NOTIC: [8] Undefined variable: email F:\XAMPP\htdocs\sina\Application\Api\Controller\HomepageController.class.php 第 66 行.
SQL: SELECT * FROM `wb_user` WHERE `email` = null LIMIT 1   [ RunTime:0.0012s ]
SQL: INSERT INTO `wb_user` (`user_login`,`user_password`,`email`,`create_time`) VALUES ('123','123','123','2017-04-19 13:35:23') [ RunTime:0.0023s ]
INFO: [ app_end ] --START--
INFO: Run Behavior\ShowPageTraceBehavior [ RunTime:0.001041s ]
INFO: [ app_end ] --END-- [ RunTime:0.001133s ]

[ 2017-04-19T13:35:33+08:00 ] 127.0.0.1 /index.php/Api/Homepage/register
INFO: [ app_init ] --START--
INFO: Run Behavior\BuildLiteBehavior [ RunTime:0.000021s ]
INFO: [ app_init ] --END-- [ RunTime:0.000746s ]
INFO: [ app_begin ] --START--
INFO: Run Behavior\ReadHtmlCacheBehavior [ RunTime:0.000703s ]
INFO: [ app_begin ] --END-- [ RunTime:0.000780s ]
SQL: SHOW COLUMNS FROM `wb_user` [ RunTime:0.0046s ]
NOTIC: [8] Undefined variable: email F:\XAMPP\htdocs\sina\Application\Api\Controller\HomepageController.class.php 第 66 行.
SQL: SELECT * FROM `wb_user` WHERE `email` = null LIMIT 1   [ RunTime:0.0008s ]
SQL: INSERT INTO `wb_user` (`user_login`,`user_password`,`email`,`create_time`) VALUES ('','','','2017-04-19 13:35:33') [ RunTime:0.0016s ]
INFO: [ app_end ] --START--
INFO: Run Behavior\ShowPageTraceBehavior [ RunTime:0.001152s ]
INFO: [ app_end ] --END-- [ RunTime:0.001278s ]

[ 2017-04-19T13:36:11+08:00 ] 127.0.0.1 /index.php/Api/homepage/register
INFO: [ app_init ] --START--
INFO: Run Behavior\BuildLiteBehavior [ RunTime:0.000011s ]
INFO: [ app_init ] --END-- [ RunTime:0.000334s ]
INFO: [ app_begin ] --START--
INFO: Run Behavior\ReadHtmlCacheBehavior [ RunTime:0.000421s ]
INFO: [ app_begin ] --END-- [ RunTime:0.000464s ]
NOTIC: [8] Undefined index: email F:\XAMPP\htdocs\sina\Application\Api\Controller\HomepageController.class.php 第 62 行.
NOTIC: [8] Undefined index: password F:\XAMPP\htdocs\sina\Application\Api\Controller\HomepageController.class.php 第 63 行.
SQL: SHOW COLUMNS FROM `wb_user` [ RunTime:0.0288s ]
NOTIC: [8] Undefined variable: email F:\XAMPP\htdocs\sina\Application\Api\Controller\HomepageController.class.php 第 66 行.
SQL: SELECT * FROM `wb_user` WHERE `email` = null LIMIT 1   [ RunTime:0.0004s ]
SQL: INSERT INTO `wb_user` (`user_login`,`user_password`,`email`,`create_time`) VALUES (NULL,NULL,NULL,'2017-04-19 13:36:11') [ RunTime:0.0010s ]
INFO: [ app_end ] --START--
INFO: Run Behavior\ShowPageTraceBehavior [ RunTime:0.000584s ]
INFO: [ app_end ] --END-- [ RunTime:0.000638s ]

[ 2017-04-19T13:36:32+08:00 ] 127.0.0.1 /index.php/Api/Homepage/register
INFO: [ app_init ] --START--
INFO: Run Behavior\BuildLiteBehavior [ RunTime:0.000025s ]
INFO: [ app_init ] --END-- [ RunTime:0.000729s ]
INFO: [ app_begin ] --START--
INFO: Run Behavior\ReadHtmlCacheBehavior [ RunTime:0.000970s ]
INFO: [ app_begin ] --END-- [ RunTime:0.001138s ]
SQL: SHOW COLUMNS FROM `wb_user` [ RunTime:0.0043s ]
NOTIC: [8] Undefined variable: email F:\XAMPP\htdocs\sina\Application\Api\Controller\HomepageController.class.php 第 66 行.
SQL: SELECT * FROM `wb_user` WHERE `email` = null LIMIT 1   [ RunTime:0.0005s ]
SQL: INSERT INTO `wb_user` (`user_login`,`user_password`,`email`,`create_time`) VALUES ('123','123','123','2017-04-19 13:36:32') [ RunTime:0.0017s ]
INFO: [ app_end ] --START--
INFO: Run Behavior\ShowPageTraceBehavior [ RunTime:0.001277s ]
INFO: [ app_end ] --END-- [ RunTime:0.001362s ]

[ 2017-04-19T13:36:34+08:00 ] 127.0.0.1 /index.php/Api/homepage/register
INFO: [ app_init ] --START--
INFO: Run Behavior\BuildLiteBehavior [ RunTime:0.000013s ]
INFO: [ app_init ] --END-- [ RunTime:0.000375s ]
INFO: [ app_begin ] --START--
INFO: Run Behavior\ReadHtmlCacheBehavior [ RunTime:0.000411s ]
INFO: [ app_begin ] --END-- [ RunTime:0.000453s ]
NOTIC: [8] Undefined index: email F:\XAMPP\htdocs\sina\Application\Api\Controller\HomepageController.class.php 第 62 行.
NOTIC: [8] Undefined index: password F:\XAMPP\htdocs\sina\Application\Api\Controller\HomepageController.class.php 第 63 行.
SQL: SHOW COLUMNS FROM `wb_user` [ RunTime:0.0039s ]
NOTIC: [8] Undefined variable: email F:\XAMPP\htdocs\sina\Application\Api\Controller\HomepageController.class.php 第 66 行.
SQL: SELECT * FROM `wb_user` WHERE `email` = null LIMIT 1   [ RunTime:0.0005s ]
SQL: INSERT INTO `wb_user` (`user_login`,`user_password`,`email`,`create_time`) VALUES (NULL,NULL,NULL,'2017-04-19 13:36:34') [ RunTime:0.0016s ]
INFO: [ app_end ] --START--
INFO: Run Behavior\ShowPageTraceBehavior [ RunTime:0.000845s ]
INFO: [ app_end ] --END-- [ RunTime:0.000929s ]

[ 2017-04-19T13:36:46+08:00 ] 127.0.0.1 /index.php/Api/Homepage/register
INFO: [ app_init ] --START--
INFO: Run Behavior\BuildLiteBehavior [ RunTime:0.000019s ]
INFO: [ app_init ] --END-- [ RunTime:0.000445s ]
INFO: [ app_begin ] --START--
INFO: Run Behavior\ReadHtmlCacheBehavior [ RunTime:0.000581s ]
INFO: [ app_begin ] --END-- [ RunTime:0.000640s ]
SQL: SHOW COLUMNS FROM `wb_user` [ RunTime:0.0034s ]
NOTIC: [8] Undefined variable: email F:\XAMPP\htdocs\sina\Application\Api\Controller\HomepageController.class.php 第 66 行.
SQL: SELECT * FROM `wb_user` WHERE `email` = null LIMIT 1   [ RunTime:0.0004s ]
SQL: INSERT INTO `wb_user` (`user_login`,`user_password`,`email`,`create_time`) VALUES ('123','123','123','2017-04-19 13:36:46') [ RunTime:0.0011s ]
INFO: [ app_end ] --START--
INFO: Run Behavior\ShowPageTraceBehavior [ RunTime:0.000564s ]
INFO: [ app_end ] --END-- [ RunTime:0.000608s ]

[ 2017-04-19T13:36:46+08:00 ] 127.0.0.1 /index.php/Api/Homepage/register
INFO: [ app_init ] --START--
INFO: Run Behavior\BuildLiteBehavior [ RunTime:0.000011s ]
INFO: [ app_init ] --END-- [ RunTime:0.000304s ]
INFO: [ app_begin ] --START--
INFO: Run Behavior\ReadHtmlCacheBehavior [ RunTime:0.000390s ]
INFO: [ app_begin ] --END-- [ RunTime:0.000447s ]
SQL: SHOW COLUMNS FROM `wb_user` [ RunTime:0.0047s ]
NOTIC: [8] Undefined variable: email F:\XAMPP\htdocs\sina\Application\Api\Controller\HomepageController.class.php 第 66 行.
SQL: SELECT * FROM `wb_user` WHERE `email` = null LIMIT 1   [ RunTime:0.0006s ]
SQL: INSERT INTO `wb_user` (`user_login`,`user_password`,`email`,`create_time`) VALUES ('123','123','123','2017-04-19 13:36:46') [ RunTime:0.0012s ]
INFO: [ app_end ] --START--
INFO: Run Behavior\ShowPageTraceBehavior [ RunTime:0.000807s ]
INFO: [ app_end ] --END-- [ RunTime:0.000870s ]
=======
[ 2017-04-19T13:18:38+08:00 ] 127.0.0.1 /index.php/Api/Homepage/register
INFO: [ app_init ] --START--
INFO: Run Behavior\BuildLiteBehavior [ RunTime:0.000028s ]
INFO: [ app_init ] --END-- [ RunTime:0.000565s ]
INFO: [ app_begin ] --START--
INFO: Run Behavior\ReadHtmlCacheBehavior [ RunTime:0.000693s ]
INFO: [ app_begin ] --END-- [ RunTime:0.000810s ]
NOTIC: [8] Undefined index: email D:\xampp\htdocs\sina\Application\Api\Controller\HomepageController.class.php 第 64 行.
SQL: SHOW COLUMNS FROM `wb_user` [ RunTime:0.7745s ]
NOTIC: [8] Undefined variable: email D:\xampp\htdocs\sina\Application\Api\Controller\HomepageController.class.php 第 66 行.
SQL: SELECT * FROM `wb_user` WHERE `email` = null LIMIT 1   [ RunTime:0.0569s ]
SQL: INSERT INTO `wb_user` (`user_login`,`email`,`create_time`) VALUES ('',NULL,'2017-04-19 13:18:37') [ RunTime:0.0204s ]
INFO: [ app_end ] --START--
INFO: Run Behavior\ShowPageTraceBehavior [ RunTime:0.000903s ]
INFO: [ app_end ] --END-- [ RunTime:0.000991s ]

[ 2017-04-19T13:19:16+08:00 ] 127.0.0.1 /index.php/Api/Homepage/register
INFO: [ app_init ] --START--
INFO: Run Behavior\BuildLiteBehavior [ RunTime:0.000012s ]
INFO: [ app_init ] --END-- [ RunTime:0.000283s ]
INFO: [ app_begin ] --START--
INFO: Run Behavior\ReadHtmlCacheBehavior [ RunTime:0.000342s ]
INFO: [ app_begin ] --END-- [ RunTime:0.000379s ]
NOTIC: [8] Undefined index: email D:\xampp\htdocs\sina\Application\Api\Controller\HomepageController.class.php 第 64 行.
SQL: SHOW COLUMNS FROM `wb_user` [ RunTime:0.0050s ]
NOTIC: [8] Undefined variable: email D:\xampp\htdocs\sina\Application\Api\Controller\HomepageController.class.php 第 66 行.
SQL: SELECT * FROM `wb_user` WHERE `email` = null LIMIT 1   [ RunTime:0.0015s ]
SQL: INSERT INTO `wb_user` (`user_login`,`email`,`create_time`) VALUES ('',NULL,'2017-04-19 13:19:15') [ RunTime:0.0404s ]
INFO: [ app_end ] --START--
INFO: Run Behavior\ShowPageTraceBehavior [ RunTime:0.000549s ]
INFO: [ app_end ] --END-- [ RunTime:0.000595s ]

[ 2017-04-19T13:19:16+08:00 ] 127.0.0.1 /index.php/Api/Homepage/register
INFO: [ app_init ] --START--
INFO: Run Behavior\BuildLiteBehavior [ RunTime:0.000010s ]
INFO: [ app_init ] --END-- [ RunTime:0.000271s ]
INFO: [ app_begin ] --START--
INFO: Run Behavior\ReadHtmlCacheBehavior [ RunTime:0.000336s ]
INFO: [ app_begin ] --END-- [ RunTime:0.000372s ]
NOTIC: [8] Undefined index: email D:\xampp\htdocs\sina\Application\Api\Controller\HomepageController.class.php 第 64 行.
SQL: SHOW COLUMNS FROM `wb_user` [ RunTime:0.0057s ]
NOTIC: [8] Undefined variable: email D:\xampp\htdocs\sina\Application\Api\Controller\HomepageController.class.php 第 66 行.
SQL: SELECT * FROM `wb_user` WHERE `email` = null LIMIT 1   [ RunTime:0.0013s ]
SQL: INSERT INTO `wb_user` (`user_login`,`email`,`create_time`) VALUES ('',NULL,'2017-04-19 13:19:16') [ RunTime:0.0020s ]
INFO: [ app_end ] --START--
INFO: Run Behavior\ShowPageTraceBehavior [ RunTime:0.000469s ]
INFO: [ app_end ] --END-- [ RunTime:0.000505s ]

[ 2017-04-19T13:19:17+08:00 ] 127.0.0.1 /index.php/Api/Homepage/register
INFO: [ app_init ] --START--
INFO: Run Behavior\BuildLiteBehavior [ RunTime:0.000011s ]
INFO: [ app_init ] --END-- [ RunTime:0.000273s ]
INFO: [ app_begin ] --START--
INFO: Run Behavior\ReadHtmlCacheBehavior [ RunTime:0.000335s ]
INFO: [ app_begin ] --END-- [ RunTime:0.000372s ]
NOTIC: [8] Undefined index: email D:\xampp\htdocs\sina\Application\Api\Controller\HomepageController.class.php 第 64 行.
SQL: SHOW COLUMNS FROM `wb_user` [ RunTime:0.0036s ]
NOTIC: [8] Undefined variable: email D:\xampp\htdocs\sina\Application\Api\Controller\HomepageController.class.php 第 66 行.
SQL: SELECT * FROM `wb_user` WHERE `email` = null LIMIT 1   [ RunTime:0.0012s ]
SQL: INSERT INTO `wb_user` (`user_login`,`email`,`create_time`) VALUES ('',NULL,'2017-04-19 13:19:17') [ RunTime:0.0026s ]
INFO: [ app_end ] --START--
INFO: Run Behavior\ShowPageTraceBehavior [ RunTime:0.000504s ]
INFO: [ app_end ] --END-- [ RunTime:0.000541s ]

[ 2017-04-19T13:19:17+08:00 ] 127.0.0.1 /index.php/Api/Homepage/register
INFO: [ app_init ] --START--
INFO: Run Behavior\BuildLiteBehavior [ RunTime:0.000011s ]
INFO: [ app_init ] --END-- [ RunTime:0.000273s ]
INFO: [ app_begin ] --START--
INFO: Run Behavior\ReadHtmlCacheBehavior [ RunTime:0.000336s ]
INFO: [ app_begin ] --END-- [ RunTime:0.000373s ]
NOTIC: [8] Undefined index: email D:\xampp\htdocs\sina\Application\Api\Controller\HomepageController.class.php 第 64 行.
SQL: SHOW COLUMNS FROM `wb_user` [ RunTime:0.0034s ]
NOTIC: [8] Undefined variable: email D:\xampp\htdocs\sina\Application\Api\Controller\HomepageController.class.php 第 66 行.
SQL: SELECT * FROM `wb_user` WHERE `email` = null LIMIT 1   [ RunTime:0.0013s ]
SQL: INSERT INTO `wb_user` (`user_login`,`email`,`create_time`) VALUES ('',NULL,'2017-04-19 13:19:17') [ RunTime:0.0021s ]
INFO: [ app_end ] --START--
INFO: Run Behavior\ShowPageTraceBehavior [ RunTime:0.000514s ]
INFO: [ app_end ] --END-- [ RunTime:0.000553s ]

[ 2017-04-19T13:19:18+08:00 ] 127.0.0.1 /index.php/Api/Homepage/register
INFO: [ app_init ] --START--
INFO: Run Behavior\BuildLiteBehavior [ RunTime:0.000013s ]
INFO: [ app_init ] --END-- [ RunTime:0.000305s ]
INFO: [ app_begin ] --START--
INFO: Run Behavior\ReadHtmlCacheBehavior [ RunTime:0.000371s ]
INFO: [ app_begin ] --END-- [ RunTime:0.000413s ]
NOTIC: [8] Undefined index: email D:\xampp\htdocs\sina\Application\Api\Controller\HomepageController.class.php 第 64 行.
SQL: SHOW COLUMNS FROM `wb_user` [ RunTime:0.0065s ]
NOTIC: [8] Undefined variable: email D:\xampp\htdocs\sina\Application\Api\Controller\HomepageController.class.php 第 66 行.
SQL: SELECT * FROM `wb_user` WHERE `email` = null LIMIT 1   [ RunTime:0.0010s ]
SQL: INSERT INTO `wb_user` (`user_login`,`email`,`create_time`) VALUES ('',NULL,'2017-04-19 13:19:18') [ RunTime:0.0015s ]
INFO: [ app_end ] --START--
INFO: Run Behavior\ShowPageTraceBehavior [ RunTime:0.000539s ]
INFO: [ app_end ] --END-- [ RunTime:0.000581s ]

[ 2017-04-19T13:19:19+08:00 ] 127.0.0.1 /index.php/Api/Homepage/register
INFO: [ app_init ] --START--
INFO: Run Behavior\BuildLiteBehavior [ RunTime:0.000013s ]
INFO: [ app_init ] --END-- [ RunTime:0.000379s ]
INFO: [ app_begin ] --START--
INFO: Run Behavior\ReadHtmlCacheBehavior [ RunTime:0.000384s ]
INFO: [ app_begin ] --END-- [ RunTime:0.000425s ]
NOTIC: [8] Undefined index: email D:\xampp\htdocs\sina\Application\Api\Controller\HomepageController.class.php 第 64 行.
SQL: SHOW COLUMNS FROM `wb_user` [ RunTime:0.0114s ]
NOTIC: [8] Undefined variable: email D:\xampp\htdocs\sina\Application\Api\Controller\HomepageController.class.php 第 66 行.
SQL: SELECT * FROM `wb_user` WHERE `email` = null LIMIT 1   [ RunTime:0.0010s ]
SQL: INSERT INTO `wb_user` (`user_login`,`email`,`create_time`) VALUES ('',NULL,'2017-04-19 13:19:19') [ RunTime:0.0340s ]
INFO: [ app_end ] --START--
INFO: Run Behavior\ShowPageTraceBehavior [ RunTime:0.000526s ]
INFO: [ app_end ] --END-- [ RunTime:0.000569s ]

[ 2017-04-19T13:19:34+08:00 ] 127.0.0.1 /index.php/Api/Homepage/register
INFO: [ app_init ] --START--
INFO: Run Behavior\BuildLiteBehavior [ RunTime:0.000019s ]
INFO: [ app_init ] --END-- [ RunTime:0.000428s ]
INFO: [ app_begin ] --START--
INFO: Run Behavior\ReadHtmlCacheBehavior [ RunTime:0.000580s ]
INFO: [ app_begin ] --END-- [ RunTime:0.000644s ]
NOTIC: [8] Undefined index: email D:\xampp\htdocs\sina\Application\Api\Controller\HomepageController.class.php 第 64 行.
SQL: SHOW COLUMNS FROM `wb_user` [ RunTime:0.0054s ]
NOTIC: [8] Undefined variable: email D:\xampp\htdocs\sina\Application\Api\Controller\HomepageController.class.php 第 66 行.
SQL: SELECT * FROM `wb_user` WHERE `email` = null LIMIT 1   [ RunTime:0.0012s ]
SQL: INSERT INTO `wb_user` (`user_login`,`email`,`create_time`) VALUES ('',NULL,'2017-04-19 13:19:34') [ RunTime:0.0376s ]
INFO: [ app_end ] --START--
INFO: Run Behavior\ShowPageTraceBehavior [ RunTime:0.000499s ]
INFO: [ app_end ] --END-- [ RunTime:0.000546s ]

[ 2017-04-19T13:20:51+08:00 ] 127.0.0.1 /index.php/Api/Homepage/register
INFO: [ app_init ] --START--
INFO: Run Behavior\BuildLiteBehavior [ RunTime:0.000020s ]
INFO: [ app_init ] --END-- [ RunTime:0.000488s ]
INFO: [ app_begin ] --START--
INFO: Run Behavior\ReadHtmlCacheBehavior [ RunTime:0.000627s ]
INFO: [ app_begin ] --END-- [ RunTime:0.000695s ]
NOTIC: [8] Undefined index: email D:\xampp\htdocs\sina\Application\Api\Controller\HomepageController.class.php 第 64 行.
SQL: SHOW COLUMNS FROM `wb_user` [ RunTime:0.0049s ]
NOTIC: [8] Undefined variable: email D:\xampp\htdocs\sina\Application\Api\Controller\HomepageController.class.php 第 66 行.
SQL: SELECT * FROM `wb_user` WHERE `email` = null LIMIT 1   [ RunTime:0.0010s ]
SQL: INSERT INTO `wb_user` (`user_login`,`email`,`create_time`) VALUES ('',NULL,'2017-04-19 13:20:51') [ RunTime:0.0331s ]
INFO: [ app_end ] --START--
INFO: Run Behavior\ShowPageTraceBehavior [ RunTime:0.000569s ]
INFO: [ app_end ] --END-- [ RunTime:0.000620s ]

[ 2017-04-19T13:20:52+08:00 ] 127.0.0.1 /index.php/Api/Homepage/register
INFO: [ app_init ] --START--
INFO: Run Behavior\BuildLiteBehavior [ RunTime:0.000025s ]
INFO: [ app_init ] --END-- [ RunTime:0.000622s ]
INFO: [ app_begin ] --START--
INFO: Run Behavior\ReadHtmlCacheBehavior [ RunTime:0.000837s ]
INFO: [ app_begin ] --END-- [ RunTime:0.000915s ]
NOTIC: [8] Undefined index: email D:\xampp\htdocs\sina\Application\Api\Controller\HomepageController.class.php 第 64 行.
SQL: SHOW COLUMNS FROM `wb_user` [ RunTime:0.0057s ]
NOTIC: [8] Undefined variable: email D:\xampp\htdocs\sina\Application\Api\Controller\HomepageController.class.php 第 66 行.
SQL: SELECT * FROM `wb_user` WHERE `email` = null LIMIT 1   [ RunTime:0.0011s ]
SQL: INSERT INTO `wb_user` (`user_login`,`email`,`create_time`) VALUES ('',NULL,'2017-04-19 13:20:52') [ RunTime:0.0356s ]
INFO: [ app_end ] --START--
INFO: Run Behavior\ShowPageTraceBehavior [ RunTime:0.000507s ]
INFO: [ app_end ] --END-- [ RunTime:0.000548s ]

[ 2017-04-19T13:20:57+08:00 ] 127.0.0.1 /index.php/Api/Homepage/register
INFO: [ app_init ] --START--
INFO: Run Behavior\BuildLiteBehavior [ RunTime:0.000036s ]
INFO: [ app_init ] --END-- [ RunTime:0.000646s ]
INFO: [ app_begin ] --START--
INFO: Run Behavior\ReadHtmlCacheBehavior [ RunTime:0.000500s ]
INFO: [ app_begin ] --END-- [ RunTime:0.000569s ]
NOTIC: [8] Undefined index: email D:\xampp\htdocs\sina\Application\Api\Controller\HomepageController.class.php 第 64 行.
SQL: SHOW COLUMNS FROM `wb_user` [ RunTime:0.0079s ]
NOTIC: [8] Undefined variable: email D:\xampp\htdocs\sina\Application\Api\Controller\HomepageController.class.php 第 66 行.
SQL: SELECT * FROM `wb_user` WHERE `email` = null LIMIT 1   [ RunTime:0.0013s ]
SQL: INSERT INTO `wb_user` (`user_login`,`email`,`create_time`) VALUES ('',NULL,'2017-04-19 13:20:57') [ RunTime:0.0322s ]
INFO: [ app_end ] --START--
INFO: Run Behavior\ShowPageTraceBehavior [ RunTime:0.000540s ]
INFO: [ app_end ] --END-- [ RunTime:0.000589s ]

[ 2017-04-19T13:21:02+08:00 ] 127.0.0.1 /index.php/Api/Homepage/register
INFO: [ app_init ] --START--
INFO: Run Behavior\BuildLiteBehavior [ RunTime:0.000056s ]
INFO: [ app_init ] --END-- [ RunTime:0.000651s ]
INFO: [ app_begin ] --START--
INFO: Run Behavior\ReadHtmlCacheBehavior [ RunTime:0.000689s ]
INFO: [ app_begin ] --END-- [ RunTime:0.000779s ]
NOTIC: [8] Undefined index: email D:\xampp\htdocs\sina\Application\Api\Controller\HomepageController.class.php 第 64 行.
SQL: SHOW COLUMNS FROM `wb_user` [ RunTime:0.0058s ]
NOTIC: [8] Undefined variable: email D:\xampp\htdocs\sina\Application\Api\Controller\HomepageController.class.php 第 66 行.
SQL: SELECT * FROM `wb_user` WHERE `email` = null LIMIT 1   [ RunTime:0.0013s ]
SQL: INSERT INTO `wb_user` (`user_login`,`email`,`create_time`) VALUES ('',NULL,'2017-04-19 13:21:02') [ RunTime:0.0410s ]
INFO: [ app_end ] --START--
INFO: Run Behavior\ShowPageTraceBehavior [ RunTime:0.000537s ]
INFO: [ app_end ] --END-- [ RunTime:0.000576s ]

[ 2017-04-19T13:21:16+08:00 ] 127.0.0.1 /index.php/Api/Homepage/register
INFO: [ app_init ] --START--
INFO: Run Behavior\BuildLiteBehavior [ RunTime:0.000021s ]
INFO: [ app_init ] --END-- [ RunTime:0.001005s ]
INFO: [ app_begin ] --START--
INFO: Run Behavior\ReadHtmlCacheBehavior [ RunTime:0.000407s ]
INFO: [ app_begin ] --END-- [ RunTime:0.000452s ]
NOTIC: [8] Undefined index: email D:\xampp\htdocs\sina\Application\Api\Controller\HomepageController.class.php 第 64 行.
SQL: SHOW COLUMNS FROM `wb_user` [ RunTime:0.0039s ]
NOTIC: [8] Undefined variable: email D:\xampp\htdocs\sina\Application\Api\Controller\HomepageController.class.php 第 66 行.
SQL: SELECT * FROM `wb_user` WHERE `email` = null LIMIT 1   [ RunTime:0.0012s ]
SQL: INSERT INTO `wb_user` (`user_login`,`email`,`create_time`) VALUES ('asd',NULL,'2017-04-19 13:21:16') [ RunTime:0.0317s ]
INFO: [ app_end ] --START--
INFO: Run Behavior\ShowPageTraceBehavior [ RunTime:0.000525s ]
INFO: [ app_end ] --END-- [ RunTime:0.000571s ]

[ 2017-04-19T13:21:29+08:00 ] 127.0.0.1 /index.php/Api/Homepage/register
INFO: [ app_init ] --START--
INFO: Run Behavior\BuildLiteBehavior [ RunTime:0.000047s ]
INFO: [ app_init ] --END-- [ RunTime:0.000915s ]
INFO: [ app_begin ] --START--
INFO: Run Behavior\ReadHtmlCacheBehavior [ RunTime:0.000511s ]
INFO: [ app_begin ] --END-- [ RunTime:0.000562s ]
NOTIC: [8] Undefined index: email D:\xampp\htdocs\sina\Application\Api\Controller\HomepageController.class.php 第 64 行.
SQL: SHOW COLUMNS FROM `wb_user` [ RunTime:0.0033s ]
NOTIC: [8] Undefined variable: email D:\xampp\htdocs\sina\Application\Api\Controller\HomepageController.class.php 第 66 行.
SQL: SELECT * FROM `wb_user` WHERE `email` = null LIMIT 1   [ RunTime:0.0010s ]
SQL: INSERT INTO `wb_user` (`user_login`,`email`,`create_time`) VALUES ('asd',NULL,'2017-04-19 13:21:29') [ RunTime:0.0072s ]
INFO: [ app_end ] --START--
INFO: Run Behavior\ShowPageTraceBehavior [ RunTime:0.000568s ]
INFO: [ app_end ] --END-- [ RunTime:0.000615s ]

[ 2017-04-19T13:22:17+08:00 ] 127.0.0.1 /index.php/Api/Homepage/register
INFO: [ app_init ] --START--
INFO: Run Behavior\BuildLiteBehavior [ RunTime:0.000023s ]
INFO: [ app_init ] --END-- [ RunTime:0.000482s ]
INFO: [ app_begin ] --START--
INFO: Run Behavior\ReadHtmlCacheBehavior [ RunTime:0.000588s ]
INFO: [ app_begin ] --END-- [ RunTime:0.000657s ]
NOTIC: [8] Undefined index: email D:\xampp\htdocs\sina\Application\Api\Controller\HomepageController.class.php 第 64 行.
SQL: SHOW COLUMNS FROM `wb_user` [ RunTime:0.0052s ]
NOTIC: [8] Undefined variable: email D:\xampp\htdocs\sina\Application\Api\Controller\HomepageController.class.php 第 66 行.
SQL: SELECT * FROM `wb_user` WHERE `email` = null LIMIT 1   [ RunTime:0.0014s ]
SQL: INSERT INTO `wb_user` (`user_login`,`email`,`create_time`) VALUES ('asd',NULL,'2017-04-19 13:22:17') [ RunTime:0.0392s ]
INFO: [ app_end ] --START--
INFO: Run Behavior\ShowPageTraceBehavior [ RunTime:0.000540s ]
INFO: [ app_end ] --END-- [ RunTime:0.000586s ]

[ 2017-04-19T13:29:20+08:00 ] 127.0.0.1 /index.php/Api/Homepage/register
INFO: [ app_init ] --START--
INFO: Run Behavior\BuildLiteBehavior [ RunTime:0.000015s ]
INFO: [ app_init ] --END-- [ RunTime:0.000599s ]
INFO: [ app_begin ] --START--
INFO: Run Behavior\ReadHtmlCacheBehavior [ RunTime:0.000485s ]
INFO: [ app_begin ] --END-- [ RunTime:0.000526s ]
NOTIC: [8] Undefined index: email D:\xampp\htdocs\sina\Application\Api\Controller\HomepageController.class.php 第 64 行.
SQL: SHOW COLUMNS FROM `wb_user` [ RunTime:0.0039s ]
NOTIC: [8] Undefined variable: email D:\xampp\htdocs\sina\Application\Api\Controller\HomepageController.class.php 第 66 行.
SQL: SELECT * FROM `wb_user` WHERE `email` = null LIMIT 1   [ RunTime:0.0012s ]
SQL: INSERT INTO `wb_user` (`user_login`,`email`,`create_time`) VALUES ('asd',NULL,'2017-04-19 13:29:20') [ RunTime:0.0298s ]
INFO: [ app_end ] --START--
INFO: Run Behavior\ShowPageTraceBehavior [ RunTime:0.000651s ]
INFO: [ app_end ] --END-- [ RunTime:0.000709s ]

[ 2017-04-19T13:29:23+08:00 ] 127.0.0.1 /index.php/Api/Homepage/register
INFO: [ app_init ] --START--
INFO: Run Behavior\BuildLiteBehavior [ RunTime:0.000022s ]
INFO: [ app_init ] --END-- [ RunTime:0.000564s ]
INFO: [ app_begin ] --START--
INFO: Run Behavior\ReadHtmlCacheBehavior [ RunTime:0.000672s ]
INFO: [ app_begin ] --END-- [ RunTime:0.000762s ]
NOTIC: [8] Undefined index: email D:\xampp\htdocs\sina\Application\Api\Controller\HomepageController.class.php 第 64 行.
SQL: SHOW COLUMNS FROM `wb_user` [ RunTime:0.0040s ]
NOTIC: [8] Undefined variable: email D:\xampp\htdocs\sina\Application\Api\Controller\HomepageController.class.php 第 66 行.
SQL: SELECT * FROM `wb_user` WHERE `email` = null LIMIT 1   [ RunTime:0.0011s ]
SQL: INSERT INTO `wb_user` (`user_login`,`email`,`create_time`) VALUES ('asd',NULL,'2017-04-19 13:29:23') [ RunTime:0.0176s ]
INFO: [ app_end ] --START--
INFO: Run Behavior\ShowPageTraceBehavior [ RunTime:0.000602s ]
INFO: [ app_end ] --END-- [ RunTime:0.000643s ]

[ 2017-04-19T13:31:35+08:00 ] 127.0.0.1 /index.php/Api/Homepage/register
INFO: [ app_init ] --START--
INFO: Run Behavior\BuildLiteBehavior [ RunTime:0.000013s ]
INFO: [ app_init ] --END-- [ RunTime:0.000370s ]
INFO: [ app_begin ] --START--
INFO: Run Behavior\ReadHtmlCacheBehavior [ RunTime:0.000533s ]
INFO: [ app_begin ] --END-- [ RunTime:0.000589s ]
NOTIC: [8] Undefined index: email D:\xampp\htdocs\sina\Application\Api\Controller\HomepageController.class.php 第 62 行.
NOTIC: [8] Undefined index: password D:\xampp\htdocs\sina\Application\Api\Controller\HomepageController.class.php 第 63 行.
NOTIC: [8] Undefined index: email D:\xampp\htdocs\sina\Application\Api\Controller\HomepageController.class.php 第 64 行.
SQL: SHOW COLUMNS FROM `wb_user` [ RunTime:0.0051s ]
NOTIC: [8] Undefined variable: email D:\xampp\htdocs\sina\Application\Api\Controller\HomepageController.class.php 第 66 行.
SQL: SELECT * FROM `wb_user` WHERE `email` = null LIMIT 1   [ RunTime:0.0020s ]
SQL: INSERT INTO `wb_user` (`user_login`,`email`,`create_time`) VALUES (NULL,NULL,'2017-04-19 13:31:35') [ RunTime:0.0332s ]
INFO: [ app_end ] --START--
INFO: Run Behavior\ShowPageTraceBehavior [ RunTime:0.000955s ]
INFO: [ app_end ] --END-- [ RunTime:0.001046s ]

[ 2017-04-19T13:31:40+08:00 ] 127.0.0.1 /index.php/Api/Homepage/register
INFO: [ app_init ] --START--
INFO: Run Behavior\BuildLiteBehavior [ RunTime:0.000021s ]
INFO: [ app_init ] --END-- [ RunTime:0.000597s ]
INFO: [ app_begin ] --START--
INFO: Run Behavior\ReadHtmlCacheBehavior [ RunTime:0.000637s ]
INFO: [ app_begin ] --END-- [ RunTime:0.000706s ]
NOTIC: [8] Undefined index: email D:\xampp\htdocs\sina\Application\Api\Controller\HomepageController.class.php 第 64 行.
SQL: SHOW COLUMNS FROM `wb_user` [ RunTime:0.0071s ]
NOTIC: [8] Undefined variable: email D:\xampp\htdocs\sina\Application\Api\Controller\HomepageController.class.php 第 66 行.
SQL: SELECT * FROM `wb_user` WHERE `email` = null LIMIT 1   [ RunTime:0.0040s ]
SQL: INSERT INTO `wb_user` (`user_login`,`email`,`create_time`) VALUES ('asd',NULL,'2017-04-19 13:31:40') [ RunTime:0.0378s ]
INFO: [ app_end ] --START--
INFO: Run Behavior\ShowPageTraceBehavior [ RunTime:0.000516s ]
INFO: [ app_end ] --END-- [ RunTime:0.000557s ]

[ 2017-04-19T13:31:46+08:00 ] 127.0.0.1 /index.php/Api/Homepage/register
INFO: [ app_init ] --START--
INFO: Run Behavior\BuildLiteBehavior [ RunTime:0.000022s ]
INFO: [ app_init ] --END-- [ RunTime:0.000586s ]
INFO: [ app_begin ] --START--
INFO: Run Behavior\ReadHtmlCacheBehavior [ RunTime:0.000632s ]
INFO: [ app_begin ] --END-- [ RunTime:0.000714s ]
NOTIC: [8] Undefined index: email D:\xampp\htdocs\sina\Application\Api\Controller\HomepageController.class.php 第 64 行.
SQL: SHOW COLUMNS FROM `wb_user` [ RunTime:0.0051s ]
NOTIC: [8] Undefined variable: email D:\xampp\htdocs\sina\Application\Api\Controller\HomepageController.class.php 第 66 行.
SQL: SELECT * FROM `wb_user` WHERE `email` = null LIMIT 1   [ RunTime:0.0018s ]
SQL: INSERT INTO `wb_user` (`user_login`,`email`,`create_time`) VALUES ('',NULL,'2017-04-19 13:31:46') [ RunTime:0.0241s ]
INFO: [ app_end ] --START--
INFO: Run Behavior\ShowPageTraceBehavior [ RunTime:0.000518s ]
INFO: [ app_end ] --END-- [ RunTime:0.000571s ]
>>>>>>> Stashed changes

[ 2017-04-19T13:40:44+08:00 ] 127.0.0.1 /index.php/Api/Homepage/register
INFO: [ app_init ] --START--
INFO: Run Behavior\BuildLiteBehavior [ RunTime:0.000026s ]
INFO: [ app_init ] --END-- [ RunTime:0.000567s ]
INFO: [ app_begin ] --START--
INFO: Run Behavior\ReadHtmlCacheBehavior [ RunTime:0.000462s ]
INFO: [ app_begin ] --END-- [ RunTime:0.000524s ]
SQL: SHOW COLUMNS FROM `wb_user` [ RunTime:0.0036s ]
NOTIC: [8] Undefined variable: email D:\xampp\htdocs\sina\Application\Api\Controller\HomepageController.class.php 第 66 行.
SQL: SELECT * FROM `wb_user` WHERE `email` = null LIMIT 1   [ RunTime:0.0011s ]
SQL: INSERT INTO `wb_user` (`user_login`,`user_password`,`email`,`create_time`) VALUES ('','','','2017-04-19 13:40:44') [ RunTime:0.0012s ]
INFO: [ app_end ] --START--
INFO: Run Behavior\ShowPageTraceBehavior [ RunTime:0.000648s ]
INFO: [ app_end ] --END-- [ RunTime:0.000732s ]

[ 2017-04-19T13:43:00+08:00 ] 127.0.0.1 /index.php/Api/Homepage/register
INFO: [ app_init ] --START--
INFO: Run Behavior\BuildLiteBehavior [ RunTime:0.000026s ]
INFO: [ app_init ] --END-- [ RunTime:0.000555s ]
INFO: [ app_begin ] --START--
INFO: Run Behavior\ReadHtmlCacheBehavior [ RunTime:0.000594s ]
INFO: [ app_begin ] --END-- [ RunTime:0.000662s ]
SQL: SHOW COLUMNS FROM `wb_user` [ RunTime:0.0051s ]
NOTIC: [8] Undefined variable: email D:\xampp\htdocs\sina\Application\Api\Controller\HomepageController.class.php 第 66 行.
SQL: SELECT * FROM `wb_user` WHERE `email` = null LIMIT 1   [ RunTime:0.0023s ]
SQL: INSERT INTO `wb_user` (`user_login`,`user_password`,`email`,`create_time`) VALUES ('','','','2017-04-19 13:43:00') [ RunTime:0.0370s ]
INFO: [ app_end ] --START--
INFO: Run Behavior\ShowPageTraceBehavior [ RunTime:0.000556s ]
INFO: [ app_end ] --END-- [ RunTime:0.000612s ]

[ 2017-04-19T13:43:20+08:00 ] 127.0.0.1 /index.php/Api/Homepage/register
INFO: [ app_init ] --START--
INFO: Run Behavior\BuildLiteBehavior [ RunTime:0.000017s ]
INFO: [ app_init ] --END-- [ RunTime:0.000699s ]
INFO: [ app_begin ] --START--
INFO: Run Behavior\ReadHtmlCacheBehavior [ RunTime:0.000742s ]
INFO: [ app_begin ] --END-- [ RunTime:0.000831s ]
SQL: SHOW COLUMNS FROM `wb_user` [ RunTime:0.0045s ]
NOTIC: [8] Undefined variable: email D:\xampp\htdocs\sina\Application\Api\Controller\HomepageController.class.php 第 66 行.
SQL: SELECT * FROM `wb_user` WHERE `email` = null LIMIT 1   [ RunTime:0.0011s ]
SQL: INSERT INTO `wb_user` (`user_login`,`user_password`,`email`,`create_time`) VALUES ('','','','2017-04-19 13:43:20') [ RunTime:0.0449s ]
INFO: [ app_end ] --START--
INFO: Run Behavior\ShowPageTraceBehavior [ RunTime:0.000529s ]
INFO: [ app_end ] --END-- [ RunTime:0.000575s ]

[ 2017-04-19T13:44:00+08:00 ] 127.0.0.1 /index.php/Api/Homepage/register
INFO: [ app_init ] --START--
INFO: Run Behavior\BuildLiteBehavior [ RunTime:0.000012s ]
INFO: [ app_init ] --END-- [ RunTime:0.000305s ]
INFO: [ app_begin ] --START--
INFO: Run Behavior\ReadHtmlCacheBehavior [ RunTime:0.000621s ]
INFO: [ app_begin ] --END-- [ RunTime:0.000703s ]
SQL: SHOW COLUMNS FROM `wb_user` [ RunTime:0.0046s ]
NOTIC: [8] Undefined variable: email D:\xampp\htdocs\sina\Application\Api\Controller\HomepageController.class.php 第 66 行.
SQL: SELECT * FROM `wb_user` WHERE `email` = null LIMIT 1   [ RunTime:0.0010s ]
SQL: INSERT INTO `wb_user` (`user_login`,`user_password`,`email`,`create_time`) VALUES ('','','','2017-04-19 13:44:00') [ RunTime:0.0172s ]
INFO: [ app_end ] --START--
INFO: Run Behavior\ShowPageTraceBehavior [ RunTime:0.000526s ]
INFO: [ app_end ] --END-- [ RunTime:0.000561s ]

[ 2017-04-19T13:44:17+08:00 ] 127.0.0.1 /index.php/Api/Homepage/register
INFO: [ app_init ] --START--
INFO: Run Behavior\BuildLiteBehavior [ RunTime:0.000013s ]
INFO: [ app_init ] --END-- [ RunTime:0.000350s ]
INFO: [ app_begin ] --START--
INFO: Run Behavior\ReadHtmlCacheBehavior [ RunTime:0.000356s ]
INFO: [ app_begin ] --END-- [ RunTime:0.000405s ]
SQL: SHOW COLUMNS FROM `wb_user` [ RunTime:0.0046s ]
NOTIC: [8] Undefined variable: email D:\xampp\htdocs\sina\Application\Api\Controller\HomepageController.class.php 第 66 行.
SQL: SELECT * FROM `wb_user` WHERE `email` = null LIMIT 1   [ RunTime:0.0011s ]
SQL: INSERT INTO `wb_user` (`user_login`,`user_password`,`email`,`create_time`) VALUES ('','','','2017-04-19 13:44:17') [ RunTime:0.0373s ]
INFO: [ app_end ] --START--
INFO: Run Behavior\ShowPageTraceBehavior [ RunTime:0.000546s ]
INFO: [ app_end ] --END-- [ RunTime:0.000592s ]

[ 2017-04-19T13:44:46+08:00 ] 127.0.0.1 /index.php/Api/Homepage/register
INFO: [ app_init ] --START--
INFO: Run Behavior\BuildLiteBehavior [ RunTime:0.000060s ]
INFO: [ app_init ] --END-- [ RunTime:0.001053s ]
INFO: [ app_begin ] --START--
INFO: Run Behavior\ReadHtmlCacheBehavior [ RunTime:0.000387s ]
INFO: [ app_begin ] --END-- [ RunTime:0.000429s ]
SQL: SHOW COLUMNS FROM `wb_user` [ RunTime:0.0045s ]
NOTIC: [8] Undefined variable: email D:\xampp\htdocs\sina\Application\Api\Controller\HomepageController.class.php 第 66 行.
SQL: SELECT * FROM `wb_user` WHERE `email` = null LIMIT 1   [ RunTime:0.0013s ]
SQL: INSERT INTO `wb_user` (`user_login`,`user_password`,`email`,`create_time`) VALUES ('','','','2017-04-19 13:44:46') [ RunTime:0.0662s ]
INFO: [ app_end ] --START--
INFO: Run Behavior\ShowPageTraceBehavior [ RunTime:0.000492s ]
INFO: [ app_end ] --END-- [ RunTime:0.000532s ]

[ 2017-04-19T13:40:58+08:00 ] 127.0.0.1 /index.php/Api/Homepage/register
INFO: [ app_init ] --START--
INFO: Run Behavior\BuildLiteBehavior [ RunTime:0.000027s ]
INFO: [ app_init ] --END-- [ RunTime:0.001916s ]
INFO: [ app_begin ] --START--
INFO: Run Behavior\ReadHtmlCacheBehavior [ RunTime:0.001016s ]
INFO: [ app_begin ] --END-- [ RunTime:0.001102s ]
SQL: SHOW COLUMNS FROM `wb_user` [ RunTime:0.0342s ]
NOTIC: [8] Undefined variable: email F:\XAMPP\htdocs\sina\Application\Api\Controller\HomepageController.class.php 第 66 行.
SQL: SELECT * FROM `wb_user` WHERE `email` = null LIMIT 1   [ RunTime:0.0007s ]
SQL: INSERT INTO `wb_user` (`user_login`,`user_password`,`email`,`create_time`) VALUES ('123','123','123','2017-04-19 13:40:58') [ RunTime:0.0011s ]
INFO: [ app_end ] --START--
INFO: Run Behavior\ShowPageTraceBehavior [ RunTime:0.001046s ]
INFO: [ app_end ] --END-- [ RunTime:0.001115s ]

[ 2017-04-19T13:40:58+08:00 ] 127.0.0.1 /index.php/Api/Homepage/register
INFO: [ app_init ] --START--
INFO: Run Behavior\BuildLiteBehavior [ RunTime:0.000015s ]
INFO: [ app_init ] --END-- [ RunTime:0.000424s ]
INFO: [ app_begin ] --START--
INFO: Run Behavior\ReadHtmlCacheBehavior [ RunTime:0.000491s ]
INFO: [ app_begin ] --END-- [ RunTime:0.000541s ]
SQL: SHOW COLUMNS FROM `wb_user` [ RunTime:0.0034s ]
NOTIC: [8] Undefined variable: email F:\XAMPP\htdocs\sina\Application\Api\Controller\HomepageController.class.php 第 66 行.
SQL: SELECT * FROM `wb_user` WHERE `email` = null LIMIT 1   [ RunTime:0.0004s ]
SQL: INSERT INTO `wb_user` (`user_login`,`user_password`,`email`,`create_time`) VALUES ('123','123','123','2017-04-19 13:40:58') [ RunTime:0.0009s ]
INFO: [ app_end ] --START--
INFO: Run Behavior\ShowPageTraceBehavior [ RunTime:0.000607s ]
INFO: [ app_end ] --END-- [ RunTime:0.000651s ]

[ 2017-04-19T13:41:00+08:00 ] 127.0.0.1 /index.php/Api/Homepage/register
INFO: [ app_init ] --START--
INFO: Run Behavior\BuildLiteBehavior [ RunTime:0.000010s ]
INFO: [ app_init ] --END-- [ RunTime:0.000296s ]
INFO: [ app_begin ] --START--
INFO: Run Behavior\ReadHtmlCacheBehavior [ RunTime:0.000387s ]
INFO: [ app_begin ] --END-- [ RunTime:0.000428s ]
SQL: SHOW COLUMNS FROM `wb_user` [ RunTime:0.0038s ]
NOTIC: [8] Undefined variable: email F:\XAMPP\htdocs\sina\Application\Api\Controller\HomepageController.class.php 第 66 行.
SQL: SELECT * FROM `wb_user` WHERE `email` = null LIMIT 1   [ RunTime:0.0006s ]
SQL: INSERT INTO `wb_user` (`user_login`,`user_password`,`email`,`create_time`) VALUES ('123','123','123','2017-04-19 13:41:00') [ RunTime:0.0010s ]
INFO: [ app_end ] --START--
INFO: Run Behavior\ShowPageTraceBehavior [ RunTime:0.000717s ]
INFO: [ app_end ] --END-- [ RunTime:0.000773s ]

[ 2017-04-19T13:52:40+08:00 ] 127.0.0.1 /index.php/Api/homepage/register
INFO: [ app_init ] --START--
INFO: Run Behavior\BuildLiteBehavior [ RunTime:0.000015s ]
INFO: [ app_init ] --END-- [ RunTime:0.000463s ]
INFO: [ app_begin ] --START--
INFO: Run Behavior\ReadHtmlCacheBehavior [ RunTime:0.001696s ]
INFO: [ app_begin ] --END-- [ RunTime:0.002086s ]
NOTIC: [8] Undefined index: email F:\XAMPP\htdocs\sina\Application\Api\Controller\HomepageController.class.php 第 62 行.
NOTIC: [8] Undefined index: password F:\XAMPP\htdocs\sina\Application\Api\Controller\HomepageController.class.php 第 63 行.
SQL: SHOW COLUMNS FROM `wb_user` [ RunTime:0.0033s ]
NOTIC: [8] Undefined variable: email F:\XAMPP\htdocs\sina\Application\Api\Controller\HomepageController.class.php 第 66 行.
SQL: SELECT * FROM `wb_user` WHERE `email` = null LIMIT 1   [ RunTime:0.0007s ]
INFO: [ app_end ] --START--
INFO: Run Behavior\ShowPageTraceBehavior [ RunTime:0.000912s ]
INFO: [ app_end ] --END-- [ RunTime:0.000998s ]

[ 2017-04-19T14:40:29+08:00 ] 127.0.0.1 /index.php/Api/Homepage/category_left
INFO: [ app_init ] --START--
INFO: Run Behavior\BuildLiteBehavior [ RunTime:0.000022s ]
INFO: [ app_init ] --END-- [ RunTime:0.000511s ]
INFO: [ app_begin ] --START--
INFO: Run Behavior\ReadHtmlCacheBehavior [ RunTime:0.000695s ]
INFO: [ app_begin ] --END-- [ RunTime:0.000777s ]
SQL: SHOW COLUMNS FROM `wb_category` [ RunTime:0.0524s ]
SQL: SELECT `name` FROM `wb_category` WHERE `parent_id` = 1  [ RunTime:0.1431s ]
INFO: [ app_end ] --START--
INFO: Run Behavior\ShowPageTraceBehavior [ RunTime:0.000717s ]
INFO: [ app_end ] --END-- [ RunTime:0.000798s ]

[ 2017-04-19T14:40:29+08:00 ] 127.0.0.1 /index.php/Api/Homepage/category_right
INFO: [ app_init ] --START--
INFO: Run Behavior\BuildLiteBehavior [ RunTime:0.000019s ]
INFO: [ app_init ] --END-- [ RunTime:0.000582s ]
INFO: [ app_begin ] --START--
INFO: Run Behavior\ReadHtmlCacheBehavior [ RunTime:0.001088s ]
INFO: [ app_begin ] --END-- [ RunTime:0.001184s ]
SQL: SHOW COLUMNS FROM `wb_category` [ RunTime:0.0041s ]
SQL: SELECT * FROM `wb_category` WHERE `parent_id` = 2  [ RunTime:0.0005s ]
SQL: SELECT * FROM `wb_category` WHERE `parent_id` = 13  [ RunTime:0.0006s ]
SQL: SELECT * FROM `wb_category` WHERE `parent_id` = 14  [ RunTime:0.0011s ]
SQL: SELECT * FROM `wb_category` WHERE `parent_id` = 15  [ RunTime:0.0009s ]
SQL: SELECT * FROM `wb_category` WHERE `parent_id` = 16  [ RunTime:0.0010s ]
INFO: [ app_end ] --START--
INFO: Run Behavior\ShowPageTraceBehavior [ RunTime:0.002710s ]
INFO: [ app_end ] --END-- [ RunTime:0.002895s ]

[ 2017-04-19T14:40:30+08:00 ] 127.0.0.1 /index.php/Api/Homepage/category_left
INFO: [ app_init ] --START--
INFO: Run Behavior\BuildLiteBehavior [ RunTime:0.000021s ]
INFO: [ app_init ] --END-- [ RunTime:0.000686s ]
INFO: [ app_begin ] --START--
INFO: Run Behavior\ReadHtmlCacheBehavior [ RunTime:0.000657s ]
INFO: [ app_begin ] --END-- [ RunTime:0.000733s ]
SQL: SHOW COLUMNS FROM `wb_category` [ RunTime:0.0060s ]
SQL: SELECT `name` FROM `wb_category` WHERE `parent_id` = 1  [ RunTime:0.0005s ]
INFO: [ app_end ] --START--
INFO: Run Behavior\ShowPageTraceBehavior [ RunTime:0.000518s ]
INFO: [ app_end ] --END-- [ RunTime:0.000562s ]

[ 2017-04-19T14:40:30+08:00 ] 127.0.0.1 /index.php/Api/Homepage/category_right
INFO: [ app_init ] --START--
INFO: Run Behavior\BuildLiteBehavior [ RunTime:0.000023s ]
INFO: [ app_init ] --END-- [ RunTime:0.000660s ]
INFO: [ app_begin ] --START--
INFO: Run Behavior\ReadHtmlCacheBehavior [ RunTime:0.000685s ]
INFO: [ app_begin ] --END-- [ RunTime:0.000762s ]
SQL: SHOW COLUMNS FROM `wb_category` [ RunTime:0.0065s ]
SQL: SELECT * FROM `wb_category` WHERE `parent_id` = 2  [ RunTime:0.0013s ]
SQL: SELECT * FROM `wb_category` WHERE `parent_id` = 13  [ RunTime:0.0004s ]
SQL: SELECT * FROM `wb_category` WHERE `parent_id` = 14  [ RunTime:0.0005s ]
SQL: SELECT * FROM `wb_category` WHERE `parent_id` = 15  [ RunTime:0.0005s ]
SQL: SELECT * FROM `wb_category` WHERE `parent_id` = 16  [ RunTime:0.0009s ]
INFO: [ app_end ] --START--
INFO: Run Behavior\ShowPageTraceBehavior [ RunTime:0.000865s ]
INFO: [ app_end ] --END-- [ RunTime:0.000950s ]

[ 2017-04-19T14:40:32+08:00 ] 127.0.0.1 /index.php/Api/Homepage/category_left
INFO: [ app_init ] --START--
INFO: Run Behavior\BuildLiteBehavior [ RunTime:0.000024s ]
INFO: [ app_init ] --END-- [ RunTime:0.000532s ]
INFO: [ app_begin ] --START--
INFO: Run Behavior\ReadHtmlCacheBehavior [ RunTime:0.001693s ]
INFO: [ app_begin ] --END-- [ RunTime:0.001968s ]
SQL: SHOW COLUMNS FROM `wb_category` [ RunTime:0.0046s ]
SQL: SELECT `name` FROM `wb_category` WHERE `parent_id` = 1  [ RunTime:0.0007s ]
INFO: [ app_end ] --START--
INFO: Run Behavior\ShowPageTraceBehavior [ RunTime:0.001047s ]
INFO: [ app_end ] --END-- [ RunTime:0.001227s ]

[ 2017-04-19T14:40:32+08:00 ] 127.0.0.1 /index.php/Api/Homepage/category_right
INFO: [ app_init ] --START--
INFO: Run Behavior\BuildLiteBehavior [ RunTime:0.000023s ]
INFO: [ app_init ] --END-- [ RunTime:0.000565s ]
INFO: [ app_begin ] --START--
INFO: Run Behavior\ReadHtmlCacheBehavior [ RunTime:0.000688s ]
INFO: [ app_begin ] --END-- [ RunTime:0.000762s ]
SQL: SHOW COLUMNS FROM `wb_category` [ RunTime:0.0047s ]
SQL: SELECT * FROM `wb_category` WHERE `parent_id` = 2  [ RunTime:0.0005s ]
SQL: SELECT * FROM `wb_category` WHERE `parent_id` = 13  [ RunTime:0.0004s ]
SQL: SELECT * FROM `wb_category` WHERE `parent_id` = 14  [ RunTime:0.0005s ]
SQL: SELECT * FROM `wb_category` WHERE `parent_id` = 15  [ RunTime:0.0006s ]
SQL: SELECT * FROM `wb_category` WHERE `parent_id` = 16  [ RunTime:0.0005s ]
INFO: [ app_end ] --START--
INFO: Run Behavior\ShowPageTraceBehavior [ RunTime:0.000851s ]
INFO: [ app_end ] --END-- [ RunTime:0.000936s ]

[ 2017-04-19T14:40:33+08:00 ] 127.0.0.1 /index.php/Api/Homepage/category_left
INFO: [ app_init ] --START--
INFO: Run Behavior\BuildLiteBehavior [ RunTime:0.000023s ]
INFO: [ app_init ] --END-- [ RunTime:0.000577s ]
INFO: [ app_begin ] --START--
INFO: Run Behavior\ReadHtmlCacheBehavior [ RunTime:0.000926s ]
INFO: [ app_begin ] --END-- [ RunTime:0.001026s ]
SQL: SHOW COLUMNS FROM `wb_category` [ RunTime:0.0038s ]
SQL: SELECT `name` FROM `wb_category` WHERE `parent_id` = 1  [ RunTime:0.0006s ]
INFO: [ app_end ] --START--
INFO: Run Behavior\ShowPageTraceBehavior [ RunTime:0.000765s ]
INFO: [ app_end ] --END-- [ RunTime:0.000839s ]

[ 2017-04-19T14:40:33+08:00 ] 127.0.0.1 /index.php/Api/Homepage/category_right
INFO: [ app_init ] --START--
INFO: Run Behavior\BuildLiteBehavior [ RunTime:0.000018s ]
INFO: [ app_init ] --END-- [ RunTime:0.000613s ]
INFO: [ app_begin ] --START--
INFO: Run Behavior\ReadHtmlCacheBehavior [ RunTime:0.000523s ]
INFO: [ app_begin ] --END-- [ RunTime:0.000582s ]
SQL: SHOW COLUMNS FROM `wb_category` [ RunTime:0.0029s ]
SQL: SELECT * FROM `wb_category` WHERE `parent_id` = 2  [ RunTime:0.0005s ]
SQL: SELECT * FROM `wb_category` WHERE `parent_id` = 13  [ RunTime:0.0003s ]
SQL: SELECT * FROM `wb_category` WHERE `parent_id` = 14  [ RunTime:0.0003s ]
SQL: SELECT * FROM `wb_category` WHERE `parent_id` = 15  [ RunTime:0.0006s ]
SQL: SELECT * FROM `wb_category` WHERE `parent_id` = 16  [ RunTime:0.0005s ]
INFO: [ app_end ] --START--
INFO: Run Behavior\ShowPageTraceBehavior [ RunTime:0.000653s ]
INFO: [ app_end ] --END-- [ RunTime:0.000701s ]

[ 2017-04-19T14:40:35+08:00 ] 127.0.0.1 /index.php/Api/Homepage/category_left
INFO: [ app_init ] --START--
INFO: Run Behavior\BuildLiteBehavior [ RunTime:0.000021s ]
INFO: [ app_init ] --END-- [ RunTime:0.000496s ]
INFO: [ app_begin ] --START--
INFO: Run Behavior\ReadHtmlCacheBehavior [ RunTime:0.000771s ]
INFO: [ app_begin ] --END-- [ RunTime:0.000855s ]
SQL: SHOW COLUMNS FROM `wb_category` [ RunTime:0.0060s ]
SQL: SELECT `name` FROM `wb_category` WHERE `parent_id` = 1  [ RunTime:0.0007s ]
INFO: [ app_end ] --START--
INFO: Run Behavior\ShowPageTraceBehavior [ RunTime:0.001257s ]
INFO: [ app_end ] --END-- [ RunTime:0.001343s ]

[ 2017-04-19T14:40:35+08:00 ] 127.0.0.1 /index.php/Api/Homepage/category_right
INFO: [ app_init ] --START--
INFO: Run Behavior\BuildLiteBehavior [ RunTime:0.000026s ]
INFO: [ app_init ] --END-- [ RunTime:0.000555s ]
INFO: [ app_begin ] --START--
INFO: Run Behavior\ReadHtmlCacheBehavior [ RunTime:0.000672s ]
INFO: [ app_begin ] --END-- [ RunTime:0.000862s ]
SQL: SHOW COLUMNS FROM `wb_category` [ RunTime:0.0054s ]
SQL: SELECT * FROM `wb_category` WHERE `parent_id` = 2  [ RunTime:0.0009s ]
SQL: SELECT * FROM `wb_category` WHERE `parent_id` = 13  [ RunTime:0.0004s ]
SQL: SELECT * FROM `wb_category` WHERE `parent_id` = 14  [ RunTime:0.0004s ]
SQL: SELECT * FROM `wb_category` WHERE `parent_id` = 15  [ RunTime:0.0004s ]
SQL: SELECT * FROM `wb_category` WHERE `parent_id` = 16  [ RunTime:0.0003s ]
INFO: [ app_end ] --START--
INFO: Run Behavior\ShowPageTraceBehavior [ RunTime:0.000673s ]
INFO: [ app_end ] --END-- [ RunTime:0.000731s ]

[ 2017-04-19T14:40:35+08:00 ] 127.0.0.1 /index.php/Api/Homepage/category_left
INFO: [ app_init ] --START--
INFO: Run Behavior\BuildLiteBehavior [ RunTime:0.000018s ]
INFO: [ app_init ] --END-- [ RunTime:0.000521s ]
INFO: [ app_begin ] --START--
INFO: Run Behavior\ReadHtmlCacheBehavior [ RunTime:0.000653s ]
INFO: [ app_begin ] --END-- [ RunTime:0.000736s ]
SQL: SHOW COLUMNS FROM `wb_category` [ RunTime:0.0042s ]
SQL: SELECT `name` FROM `wb_category` WHERE `parent_id` = 1  [ RunTime:0.0005s ]
INFO: [ app_end ] --START--
INFO: Run Behavior\ShowPageTraceBehavior [ RunTime:0.000780s ]
INFO: [ app_end ] --END-- [ RunTime:0.000846s ]

[ 2017-04-19T14:40:35+08:00 ] 127.0.0.1 /index.php/Api/Homepage/category_right
INFO: [ app_init ] --START--
INFO: Run Behavior\BuildLiteBehavior [ RunTime:0.000301s ]
INFO: [ app_init ] --END-- [ RunTime:0.001065s ]
INFO: [ app_begin ] --START--
INFO: Run Behavior\ReadHtmlCacheBehavior [ RunTime:0.000980s ]
INFO: [ app_begin ] --END-- [ RunTime:0.001093s ]
SQL: SHOW COLUMNS FROM `wb_category` [ RunTime:0.0040s ]
SQL: SELECT * FROM `wb_category` WHERE `parent_id` = 2  [ RunTime:0.0011s ]
SQL: SELECT * FROM `wb_category` WHERE `parent_id` = 13  [ RunTime:0.0014s ]
SQL: SELECT * FROM `wb_category` WHERE `parent_id` = 14  [ RunTime:0.0007s ]
SQL: SELECT * FROM `wb_category` WHERE `parent_id` = 15  [ RunTime:0.0004s ]
SQL: SELECT * FROM `wb_category` WHERE `parent_id` = 16  [ RunTime:0.0003s ]
INFO: [ app_end ] --START--
INFO: Run Behavior\ShowPageTraceBehavior [ RunTime:0.000637s ]
INFO: [ app_end ] --END-- [ RunTime:0.000732s ]

[ 2017-04-19T14:40:37+08:00 ] 127.0.0.1 /index.php/Api/Homepage/category_left
INFO: [ app_init ] --START--
INFO: Run Behavior\BuildLiteBehavior [ RunTime:0.000020s ]
INFO: [ app_init ] --END-- [ RunTime:0.000555s ]
INFO: [ app_begin ] --START--
INFO: Run Behavior\ReadHtmlCacheBehavior [ RunTime:0.000668s ]
INFO: [ app_begin ] --END-- [ RunTime:0.000748s ]
SQL: SHOW COLUMNS FROM `wb_category` [ RunTime:0.0047s ]
SQL: SELECT `name` FROM `wb_category` WHERE `parent_id` = 1  [ RunTime:0.0006s ]
INFO: [ app_end ] --START--
INFO: Run Behavior\ShowPageTraceBehavior [ RunTime:0.000874s ]
INFO: [ app_end ] --END-- [ RunTime:0.000955s ]

[ 2017-04-19T14:40:37+08:00 ] 127.0.0.1 /index.php/Api/Homepage/category_right
INFO: [ app_init ] --START--
INFO: Run Behavior\BuildLiteBehavior [ RunTime:0.000025s ]
INFO: [ app_init ] --END-- [ RunTime:0.003299s ]
INFO: [ app_begin ] --START--
INFO: Run Behavior\ReadHtmlCacheBehavior [ RunTime:0.000859s ]
INFO: [ app_begin ] --END-- [ RunTime:0.000985s ]
SQL: SHOW COLUMNS FROM `wb_category` [ RunTime:0.0052s ]
SQL: SELECT * FROM `wb_category` WHERE `parent_id` = 2  [ RunTime:0.0013s ]
SQL: SELECT * FROM `wb_category` WHERE `parent_id` = 13  [ RunTime:0.0010s ]
SQL: SELECT * FROM `wb_category` WHERE `parent_id` = 14  [ RunTime:0.0007s ]
SQL: SELECT * FROM `wb_category` WHERE `parent_id` = 15  [ RunTime:0.0009s ]
SQL: SELECT * FROM `wb_category` WHERE `parent_id` = 16  [ RunTime:0.0005s ]
INFO: [ app_end ] --START--
INFO: Run Behavior\ShowPageTraceBehavior [ RunTime:0.000862s ]
INFO: [ app_end ] --END-- [ RunTime:0.000949s ]

[ 2017-04-19T14:40:47+08:00 ] 127.0.0.1 /index.php/Api/Homepage/category_right
INFO: [ app_init ] --START--
INFO: Run Behavior\BuildLiteBehavior [ RunTime:0.000024s ]
INFO: [ app_init ] --END-- [ RunTime:0.000667s ]
INFO: [ app_begin ] --START--
INFO: Run Behavior\ReadHtmlCacheBehavior [ RunTime:0.000711s ]
INFO: [ app_begin ] --END-- [ RunTime:0.000815s ]
SQL: SHOW COLUMNS FROM `wb_category` [ RunTime:0.0044s ]
SQL: SELECT * FROM `wb_category` WHERE `parent_id` = 2  [ RunTime:0.0009s ]
SQL: SELECT * FROM `wb_category` WHERE `parent_id` = 13  [ RunTime:0.0007s ]
SQL: SELECT * FROM `wb_category` WHERE `parent_id` = 14  [ RunTime:0.0007s ]
SQL: SELECT * FROM `wb_category` WHERE `parent_id` = 15  [ RunTime:0.0009s ]
SQL: SELECT * FROM `wb_category` WHERE `parent_id` = 16  [ RunTime:0.0008s ]
INFO: [ app_end ] --START--
INFO: Run Behavior\ShowPageTraceBehavior [ RunTime:0.001029s ]
INFO: [ app_end ] --END-- [ RunTime:0.001142s ]

[ 2017-04-19T14:40:47+08:00 ] 127.0.0.1 /index.php/Api/Homepage/category_left
INFO: [ app_init ] --START--
INFO: Run Behavior\BuildLiteBehavior [ RunTime:0.000067s ]
INFO: [ app_init ] --END-- [ RunTime:0.000703s ]
INFO: [ app_begin ] --START--
INFO: Run Behavior\ReadHtmlCacheBehavior [ RunTime:0.001670s ]
INFO: [ app_begin ] --END-- [ RunTime:0.001807s ]
SQL: SHOW COLUMNS FROM `wb_category` [ RunTime:0.0078s ]
SQL: SELECT `name` FROM `wb_category` WHERE `parent_id` = 1  [ RunTime:0.0011s ]
INFO: [ app_end ] --START--
INFO: Run Behavior\ShowPageTraceBehavior [ RunTime:0.001085s ]
INFO: [ app_end ] --END-- [ RunTime:0.001189s ]

[ 2017-04-19T14:55:34+08:00 ] 127.0.0.1 /index.php/Api/Homepage/register
INFO: [ app_init ] --START--
INFO: Run Behavior\BuildLiteBehavior [ RunTime:0.000017s ]
INFO: [ app_init ] --END-- [ RunTime:0.000596s ]
INFO: [ app_begin ] --START--
INFO: Run Behavior\ReadHtmlCacheBehavior [ RunTime:0.000750s ]
INFO: [ app_begin ] --END-- [ RunTime:0.000855s ]

