[ 2017-03-27T16:58:43+08:00 ] 127.0.0.1 /index.php/Api/homepage/category_left
INFO: [ app_init ] --START--
INFO: Run Behavior\BuildLiteBehavior [ RunTime:0.000049s ]
INFO: [ app_init ] --END-- [ RunTime:0.000808s ]
INFO: [ app_begin ] --START--
INFO: Run Behavior\ReadHtmlCacheBehavior [ RunTime:0.001063s ]
INFO: [ app_begin ] --END-- [ RunTime:0.001157s ]
ERR: 非法操作:category_left

[ 2017-03-27T16:59:38+08:00 ] 127.0.0.1 /index.php/Api/homepage/category_left
INFO: [ app_init ] --START--
INFO: Run Behavior\BuildLiteBehavior [ RunTime:0.000014s ]
INFO: [ app_init ] --END-- [ RunTime:0.000410s ]
INFO: [ app_begin ] --START--
INFO: Run Behavior\ReadHtmlCacheBehavior [ RunTime:0.001678s ]
INFO: [ app_begin ] --END-- [ RunTime:0.001902s ]

[ 2017-03-27T17:00:13+08:00 ] 127.0.0.1 /index.php/Api/homepage/category_left
INFO: [ app_init ] --START--
INFO: Run Behavior\BuildLiteBehavior [ RunTime:0.000013s ]
INFO: [ app_init ] --END-- [ RunTime:0.000369s ]
INFO: [ app_begin ] --START--
INFO: Run Behavior\ReadHtmlCacheBehavior [ RunTime:0.000574s ]
INFO: [ app_begin ] --END-- [ RunTime:0.000641s ]
SQL: SHOW COLUMNS FROM `wb_category` [ RunTime:0.0045s ]
SQL: SELECT * FROM `wb_category` WHERE `parent_id` = 1  [ RunTime:0.0005s ]
INFO: [ app_end ] --START--
INFO: Run Behavior\ShowPageTraceBehavior [ RunTime:0.000811s ]
INFO: [ app_end ] --END-- [ RunTime:0.000863s ]

[ 2017-03-27T17:00:34+08:00 ] 127.0.0.1 /index.php/Api/homepage/category_left
INFO: [ app_init ] --START--
INFO: Run Behavior\BuildLiteBehavior [ RunTime:0.000017s ]
INFO: [ app_init ] --END-- [ RunTime:0.000514s ]
INFO: [ app_begin ] --START--
INFO: Run Behavior\ReadHtmlCacheBehavior [ RunTime:0.000735s ]
INFO: [ app_begin ] --END-- [ RunTime:0.000806s ]
SQL: SHOW COLUMNS FROM `wb_category` [ RunTime:0.0030s ]
SQL: SELECT * FROM `wb_category` WHERE `parent_id` = 1  [ RunTime:0.0004s ]
INFO: [ app_end ] --START--
INFO: Run Behavior\ShowPageTraceBehavior [ RunTime:0.000860s ]
INFO: [ app_end ] --END-- [ RunTime:0.000910s ]

[ 2017-03-27T17:00:38+08:00 ] 127.0.0.1 /index.php/Api/homepage/category_left
INFO: [ app_init ] --START--
INFO: Run Behavior\BuildLiteBehavior [ RunTime:0.000013s ]
INFO: [ app_init ] --END-- [ RunTime:0.000346s ]
INFO: [ app_begin ] --START--
INFO: Run Behavior\ReadHtmlCacheBehavior [ RunTime:0.000464s ]
INFO: [ app_begin ] --END-- [ RunTime:0.000530s ]
SQL: SHOW COLUMNS FROM `wb_category` [ RunTime:0.0026s ]
SQL: SELECT * FROM `wb_category` WHERE `parent_id` = 1  [ RunTime:0.0003s ]
INFO: [ app_end ] --START--
INFO: Run Behavior\ShowPageTraceBehavior [ RunTime:0.000691s ]
INFO: [ app_end ] --END-- [ RunTime:0.000760s ]

[ 2017-03-27T17:01:02+08:00 ] 127.0.0.1 /index.php/Api/Homepage/handlelogin
INFO: [ app_init ] --START--
INFO: Run Behavior\BuildLiteBehavior [ RunTime:0.000017s ]
INFO: [ app_init ] --END-- [ RunTime:0.000513s ]
INFO: [ app_begin ] --START--
INFO: Run Behavior\ReadHtmlCacheBehavior [ RunTime:0.000794s ]
INFO: [ app_begin ] --END-- [ RunTime:0.000855s ]
SQL: SHOW COLUMNS FROM `wb_user` [ RunTime:0.0031s ]
SQL: SELECT * FROM `wb_user` WHERE `user_login` = '' LIMIT 1   [ RunTime:0.0005s ]
INFO: [ app_end ] --START--
INFO: Run Behavior\ShowPageTraceBehavior [ RunTime:0.000767s ]
INFO: [ app_end ] --END-- [ RunTime:0.000815s ]

[ 2017-03-27T17:01:06+08:00 ] 127.0.0.1 /index.php/Api/Homepage/handlelogin
INFO: [ app_init ] --START--
INFO: Run Behavior\BuildLiteBehavior [ RunTime:0.000021s ]
INFO: [ app_init ] --END-- [ RunTime:0.000552s ]
INFO: [ app_begin ] --START--
INFO: Run Behavior\ReadHtmlCacheBehavior [ RunTime:0.000876s ]
INFO: [ app_begin ] --END-- [ RunTime:0.000977s ]
SQL: SHOW COLUMNS FROM `wb_user` [ RunTime:0.0036s ]
SQL: SELECT * FROM `wb_user` WHERE `user_login` = 'qi' LIMIT 1   [ RunTime:0.0004s ]
SQL: SELECT `user_password` FROM `wb_user` WHERE `user_login` = 'qi' LIMIT 1   [ RunTime:0.0003s ]
INFO: [ app_end ] --START--
INFO: Run Behavior\ShowPageTraceBehavior [ RunTime:0.000766s ]
INFO: [ app_end ] --END-- [ RunTime:0.000830s ]

[ 2017-03-27T17:01:07+08:00 ] 127.0.0.1 /index.php/Api/Homepage/handlelogin
INFO: [ app_init ] --START--
INFO: Run Behavior\BuildLiteBehavior [ RunTime:0.000013s ]
INFO: [ app_init ] --END-- [ RunTime:0.000365s ]
INFO: [ app_begin ] --START--
INFO: Run Behavior\ReadHtmlCacheBehavior [ RunTime:0.000465s ]
INFO: [ app_begin ] --END-- [ RunTime:0.000512s ]
SQL: SHOW COLUMNS FROM `wb_user` [ RunTime:0.0032s ]
SQL: SELECT * FROM `wb_user` WHERE `user_login` = 'qi' LIMIT 1   [ RunTime:0.0003s ]
SQL: SELECT `user_password` FROM `wb_user` WHERE `user_login` = 'qi' LIMIT 1   [ RunTime:0.0002s ]
INFO: [ app_end ] --START--
INFO: Run Behavior\ShowPageTraceBehavior [ RunTime:0.000596s ]
INFO: [ app_end ] --END-- [ RunTime:0.000639s ]

[ 2017-03-27T17:01:08+08:00 ] 127.0.0.1 /index.php/Api/Homepage/handlelogin
INFO: [ app_init ] --START--
INFO: Run Behavior\BuildLiteBehavior [ RunTime:0.000014s ]
INFO: [ app_init ] --END-- [ RunTime:0.000372s ]
INFO: [ app_begin ] --START--
INFO: Run Behavior\ReadHtmlCacheBehavior [ RunTime:0.000470s ]
INFO: [ app_begin ] --END-- [ RunTime:0.000521s ]
SQL: SHOW COLUMNS FROM `wb_user` [ RunTime:0.0033s ]
SQL: SELECT * FROM `wb_user` WHERE `user_login` = 'qi' LIMIT 1   [ RunTime:0.0003s ]
SQL: SELECT `user_password` FROM `wb_user` WHERE `user_login` = 'qi' LIMIT 1   [ RunTime:0.0003s ]
INFO: [ app_end ] --START--
INFO: Run Behavior\ShowPageTraceBehavior [ RunTime:0.000600s ]
INFO: [ app_end ] --END-- [ RunTime:0.000643s ]

[ 2017-03-27T17:01:08+08:00 ] 127.0.0.1 /index.php/Api/Homepage/handlelogin
INFO: [ app_init ] --START--
INFO: Run Behavior\BuildLiteBehavior [ RunTime:0.000014s ]
INFO: [ app_init ] --END-- [ RunTime:0.000369s ]
INFO: [ app_begin ] --START--
INFO: Run Behavior\ReadHtmlCacheBehavior [ RunTime:0.000488s ]
INFO: [ app_begin ] --END-- [ RunTime:0.000536s ]
SQL: SHOW COLUMNS FROM `wb_user` [ RunTime:0.0029s ]
SQL: SELECT * FROM `wb_user` WHERE `user_login` = 'qi' LIMIT 1   [ RunTime:0.0003s ]
SQL: SELECT `user_password` FROM `wb_user` WHERE `user_login` = 'qi' LIMIT 1   [ RunTime:0.0002s ]
INFO: [ app_end ] --START--
INFO: Run Behavior\ShowPageTraceBehavior [ RunTime:0.000583s ]
INFO: [ app_end ] --END-- [ RunTime:0.000629s ]

[ 2017-03-27T17:01:08+08:00 ] 127.0.0.1 /index.php/Api/Homepage/handlelogin
INFO: [ app_init ] --START--
INFO: Run Behavior\BuildLiteBehavior [ RunTime:0.000013s ]
INFO: [ app_init ] --END-- [ RunTime:0.000374s ]
INFO: [ app_begin ] --START--
INFO: Run Behavior\ReadHtmlCacheBehavior [ RunTime:0.000472s ]
INFO: [ app_begin ] --END-- [ RunTime:0.000521s ]
SQL: SHOW COLUMNS FROM `wb_user` [ RunTime:0.0028s ]
SQL: SELECT * FROM `wb_user` WHERE `user_login` = 'qi' LIMIT 1   [ RunTime:0.0003s ]
SQL: SELECT `user_password` FROM `wb_user` WHERE `user_login` = 'qi' LIMIT 1   [ RunTime:0.0002s ]
INFO: [ app_end ] --START--
INFO: Run Behavior\ShowPageTraceBehavior [ RunTime:0.000560s ]
INFO: [ app_end ] --END-- [ RunTime:0.000601s ]

[ 2017-03-27T17:01:08+08:00 ] 127.0.0.1 /index.php/Api/Homepage/handlelogin
INFO: [ app_init ] --START--
INFO: Run Behavior\BuildLiteBehavior [ RunTime:0.000014s ]
INFO: [ app_init ] --END-- [ RunTime:0.000370s ]
INFO: [ app_begin ] --START--
INFO: Run Behavior\ReadHtmlCacheBehavior [ RunTime:0.000477s ]
INFO: [ app_begin ] --END-- [ RunTime:0.000525s ]
SQL: SHOW COLUMNS FROM `wb_user` [ RunTime:0.0030s ]
SQL: SELECT * FROM `wb_user` WHERE `user_login` = 'qi' LIMIT 1   [ RunTime:0.0004s ]
SQL: SELECT `user_password` FROM `wb_user` WHERE `user_login` = 'qi' LIMIT 1   [ RunTime:0.0002s ]
INFO: [ app_end ] --START--
INFO: Run Behavior\ShowPageTraceBehavior [ RunTime:0.000600s ]
INFO: [ app_end ] --END-- [ RunTime:0.000646s ]

[ 2017-03-27T17:01:08+08:00 ] 127.0.0.1 /index.php/Api/Homepage/handlelogin
INFO: [ app_init ] --START--
INFO: Run Behavior\BuildLiteBehavior [ RunTime:0.000020s ]
INFO: [ app_init ] --END-- [ RunTime:0.000721s ]
INFO: [ app_begin ] --START--
INFO: Run Behavior\ReadHtmlCacheBehavior [ RunTime:0.000433s ]
INFO: [ app_begin ] --END-- [ RunTime:0.000481s ]
SQL: SHOW COLUMNS FROM `wb_user` [ RunTime:0.0036s ]
SQL: SELECT * FROM `wb_user` WHERE `user_login` = 'qi' LIMIT 1   [ RunTime:0.0004s ]
SQL: SELECT `user_password` FROM `wb_user` WHERE `user_login` = 'qi' LIMIT 1   [ RunTime:0.0003s ]
INFO: [ app_end ] --START--
INFO: Run Behavior\ShowPageTraceBehavior [ RunTime:0.000698s ]
INFO: [ app_end ] --END-- [ RunTime:0.000756s ]

[ 2017-03-27T17:01:09+08:00 ] 127.0.0.1 /index.php/Api/Homepage/handlelogin
INFO: [ app_init ] --START--
INFO: Run Behavior\BuildLiteBehavior [ RunTime:0.000014s ]
INFO: [ app_init ] --END-- [ RunTime:0.000376s ]
INFO: [ app_begin ] --START--
INFO: Run Behavior\ReadHtmlCacheBehavior [ RunTime:0.000478s ]
INFO: [ app_begin ] --END-- [ RunTime:0.000526s ]
SQL: SHOW COLUMNS FROM `wb_user` [ RunTime:0.0039s ]
SQL: SELECT * FROM `wb_user` WHERE `user_login` = 'qi' LIMIT 1   [ RunTime:0.0005s ]
SQL: SELECT `user_password` FROM `wb_user` WHERE `user_login` = 'qi' LIMIT 1   [ RunTime:0.0002s ]
INFO: [ app_end ] --START--
INFO: Run Behavior\ShowPageTraceBehavior [ RunTime:0.000616s ]
INFO: [ app_end ] --END-- [ RunTime:0.000668s ]

[ 2017-03-27T17:01:09+08:00 ] 127.0.0.1 /index.php/Api/Homepage/handlelogin
INFO: [ app_init ] --START--
INFO: Run Behavior\BuildLiteBehavior [ RunTime:0.000012s ]
INFO: [ app_init ] --END-- [ RunTime:0.000364s ]
INFO: [ app_begin ] --START--
INFO: Run Behavior\ReadHtmlCacheBehavior [ RunTime:0.000556s ]
INFO: [ app_begin ] --END-- [ RunTime:0.000617s ]
SQL: SHOW COLUMNS FROM `wb_user` [ RunTime:0.0031s ]
SQL: SELECT * FROM `wb_user` WHERE `user_login` = 'qi' LIMIT 1   [ RunTime:0.0004s ]
SQL: SELECT `user_password` FROM `wb_user` WHERE `user_login` = 'qi' LIMIT 1   [ RunTime:0.0002s ]
INFO: [ app_end ] --START--
INFO: Run Behavior\ShowPageTraceBehavior [ RunTime:0.000603s ]
INFO: [ app_end ] --END-- [ RunTime:0.000652s ]

[ 2017-03-27T17:01:11+08:00 ] 127.0.0.1 /index.php/Api/Homepage/handlelogin
INFO: [ app_init ] --START--
INFO: Run Behavior\BuildLiteBehavior [ RunTime:0.000020s ]
INFO: [ app_init ] --END-- [ RunTime:0.000552s ]
INFO: [ app_begin ] --START--
INFO: Run Behavior\ReadHtmlCacheBehavior [ RunTime:0.000745s ]
INFO: [ app_begin ] --END-- [ RunTime:0.000823s ]
SQL: SHOW COLUMNS FROM `wb_user` [ RunTime:0.0037s ]
SQL: SELECT * FROM `wb_user` WHERE `user_login` = 'qi' LIMIT 1   [ RunTime:0.0004s ]
SQL: SELECT `user_password` FROM `wb_user` WHERE `user_login` = 'qi' LIMIT 1   [ RunTime:0.0002s ]
INFO: [ app_end ] --START--
INFO: Run Behavior\ShowPageTraceBehavior [ RunTime:0.000589s ]
INFO: [ app_end ] --END-- [ RunTime:0.000632s ]

[ 2017-03-27T17:01:11+08:00 ] 127.0.0.1 /index.php/Api/Homepage/handlelogin
INFO: [ app_init ] --START--
INFO: Run Behavior\BuildLiteBehavior [ RunTime:0.000014s ]
INFO: [ app_init ] --END-- [ RunTime:0.000370s ]
INFO: [ app_begin ] --START--
INFO: Run Behavior\ReadHtmlCacheBehavior [ RunTime:0.000689s ]
INFO: [ app_begin ] --END-- [ RunTime:0.000757s ]
SQL: SHOW COLUMNS FROM `wb_user` [ RunTime:0.0031s ]
SQL: SELECT * FROM `wb_user` WHERE `user_login` = 'qi' LIMIT 1   [ RunTime:0.0004s ]
SQL: SELECT `user_password` FROM `wb_user` WHERE `user_login` = 'qi' LIMIT 1   [ RunTime:0.0002s ]
INFO: [ app_end ] --START--
INFO: Run Behavior\ShowPageTraceBehavior [ RunTime:0.000863s ]
INFO: [ app_end ] --END-- [ RunTime:0.000928s ]

[ 2017-03-27T17:01:11+08:00 ] 127.0.0.1 /index.php/Api/Homepage/handlelogin
INFO: [ app_init ] --START--
INFO: Run Behavior\BuildLiteBehavior [ RunTime:0.000014s ]
INFO: [ app_init ] --END-- [ RunTime:0.000397s ]
INFO: [ app_begin ] --START--
INFO: Run Behavior\ReadHtmlCacheBehavior [ RunTime:0.000474s ]
INFO: [ app_begin ] --END-- [ RunTime:0.000522s ]
SQL: SHOW COLUMNS FROM `wb_user` [ RunTime:0.0028s ]
SQL: SELECT * FROM `wb_user` WHERE `user_login` = 'qi' LIMIT 1   [ RunTime:0.0004s ]
SQL: SELECT `user_password` FROM `wb_user` WHERE `user_login` = 'qi' LIMIT 1   [ RunTime:0.0003s ]
INFO: [ app_end ] --START--
INFO: Run Behavior\ShowPageTraceBehavior [ RunTime:0.000629s ]
INFO: [ app_end ] --END-- [ RunTime:0.000673s ]

[ 2017-03-27T17:01:11+08:00 ] 127.0.0.1 /index.php/Api/Homepage/handlelogin
INFO: [ app_init ] --START--
INFO: Run Behavior\BuildLiteBehavior [ RunTime:0.000020s ]
INFO: [ app_init ] --END-- [ RunTime:0.000415s ]
INFO: [ app_begin ] --START--
INFO: Run Behavior\ReadHtmlCacheBehavior [ RunTime:0.000486s ]
INFO: [ app_begin ] --END-- [ RunTime:0.000534s ]
SQL: SHOW COLUMNS FROM `wb_user` [ RunTime:0.0036s ]
SQL: SELECT * FROM `wb_user` WHERE `user_login` = 'qi' LIMIT 1   [ RunTime:0.0004s ]
SQL: SELECT `user_password` FROM `wb_user` WHERE `user_login` = 'qi' LIMIT 1   [ RunTime:0.0002s ]
INFO: [ app_end ] --START--
INFO: Run Behavior\ShowPageTraceBehavior [ RunTime:0.000581s ]
INFO: [ app_end ] --END-- [ RunTime:0.000625s ]

[ 2017-03-27T17:01:12+08:00 ] 127.0.0.1 /index.php/Api/Homepage/handlelogin
INFO: [ app_init ] --START--
INFO: Run Behavior\BuildLiteBehavior [ RunTime:0.000013s ]
INFO: [ app_init ] --END-- [ RunTime:0.000368s ]
INFO: [ app_begin ] --START--
INFO: Run Behavior\ReadHtmlCacheBehavior [ RunTime:0.000464s ]
INFO: [ app_begin ] --END-- [ RunTime:0.000514s ]
SQL: SHOW COLUMNS FROM `wb_user` [ RunTime:0.0031s ]
SQL: SELECT * FROM `wb_user` WHERE `user_login` = 'qi' LIMIT 1   [ RunTime:0.0003s ]
SQL: SELECT `user_password` FROM `wb_user` WHERE `user_login` = 'qi' LIMIT 1   [ RunTime:0.0003s ]
INFO: [ app_end ] --START--
INFO: Run Behavior\ShowPageTraceBehavior [ RunTime:0.000981s ]
INFO: [ app_end ] --END-- [ RunTime:0.001083s ]

[ 2017-03-27T17:01:13+08:00 ] 127.0.0.1 /index.php/Api/Homepage/handlelogin
INFO: [ app_init ] --START--
INFO: Run Behavior\BuildLiteBehavior [ RunTime:0.000013s ]
INFO: [ app_init ] --END-- [ RunTime:0.000362s ]
INFO: [ app_begin ] --START--
INFO: Run Behavior\ReadHtmlCacheBehavior [ RunTime:0.000465s ]
INFO: [ app_begin ] --END-- [ RunTime:0.000512s ]
SQL: SHOW COLUMNS FROM `wb_user` [ RunTime:0.0042s ]
SQL: SELECT * FROM `wb_user` WHERE `user_login` = 'qi' LIMIT 1   [ RunTime:0.0004s ]
SQL: SELECT `user_password` FROM `wb_user` WHERE `user_login` = 'qi' LIMIT 1   [ RunTime:0.0002s ]
INFO: [ app_end ] --START--
INFO: Run Behavior\ShowPageTraceBehavior [ RunTime:0.000617s ]
INFO: [ app_end ] --END-- [ RunTime:0.000671s ]

[ 2017-03-27T17:01:13+08:00 ] 127.0.0.1 /index.php/Api/Homepage/handlelogin
INFO: [ app_init ] --START--
INFO: Run Behavior\BuildLiteBehavior [ RunTime:0.000021s ]
INFO: [ app_init ] --END-- [ RunTime:0.000594s ]
INFO: [ app_begin ] --START--
INFO: Run Behavior\ReadHtmlCacheBehavior [ RunTime:0.000504s ]
INFO: [ app_begin ] --END-- [ RunTime:0.000553s ]
SQL: SHOW COLUMNS FROM `wb_user` [ RunTime:0.0035s ]
SQL: SELECT * FROM `wb_user` WHERE `user_login` = 'qi' LIMIT 1   [ RunTime:0.0003s ]
SQL: SELECT `user_password` FROM `wb_user` WHERE `user_login` = 'qi' LIMIT 1   [ RunTime:0.0002s ]
INFO: [ app_end ] --START--
INFO: Run Behavior\ShowPageTraceBehavior [ RunTime:0.000583s ]
INFO: [ app_end ] --END-- [ RunTime:0.000624s ]

[ 2017-03-27T17:01:14+08:00 ] 127.0.0.1 /index.php/Api/Homepage/handlelogin
INFO: [ app_init ] --START--
INFO: Run Behavior\BuildLiteBehavior [ RunTime:0.000014s ]
INFO: [ app_init ] --END-- [ RunTime:0.000414s ]
INFO: [ app_begin ] --START--
INFO: Run Behavior\ReadHtmlCacheBehavior [ RunTime:0.000547s ]
INFO: [ app_begin ] --END-- [ RunTime:0.000614s ]
SQL: SHOW COLUMNS FROM `wb_user` [ RunTime:0.0030s ]
SQL: SELECT * FROM `wb_user` WHERE `user_login` = 'qi' LIMIT 1   [ RunTime:0.0004s ]
SQL: SELECT `user_password` FROM `wb_user` WHERE `user_login` = 'qi' LIMIT 1   [ RunTime:0.0003s ]
INFO: [ app_end ] --START--
INFO: Run Behavior\ShowPageTraceBehavior [ RunTime:0.000623s ]
INFO: [ app_end ] --END-- [ RunTime:0.000673s ]

[ 2017-03-27T17:01:14+08:00 ] 127.0.0.1 /index.php/Api/Homepage/handlelogin
INFO: [ app_init ] --START--
INFO: Run Behavior\BuildLiteBehavior [ RunTime:0.000017s ]
INFO: [ app_init ] --END-- [ RunTime:0.000463s ]
INFO: [ app_begin ] --START--
INFO: Run Behavior\ReadHtmlCacheBehavior [ RunTime:0.000477s ]
INFO: [ app_begin ] --END-- [ RunTime:0.000525s ]
SQL: SHOW COLUMNS FROM `wb_user` [ RunTime:0.0032s ]
SQL: SELECT * FROM `wb_user` WHERE `user_login` = 'qi' LIMIT 1   [ RunTime:0.0004s ]
SQL: SELECT `user_password` FROM `wb_user` WHERE `user_login` = 'qi' LIMIT 1   [ RunTime:0.0002s ]
INFO: [ app_end ] --START--
INFO: Run Behavior\ShowPageTraceBehavior [ RunTime:0.000623s ]
INFO: [ app_end ] --END-- [ RunTime:0.000671s ]

[ 2017-03-27T17:01:15+08:00 ] 127.0.0.1 /index.php/Api/Homepage/handlelogin
INFO: [ app_init ] --START--
INFO: Run Behavior\BuildLiteBehavior [ RunTime:0.000016s ]
INFO: [ app_init ] --END-- [ RunTime:0.000479s ]
INFO: [ app_begin ] --START--
INFO: Run Behavior\ReadHtmlCacheBehavior [ RunTime:0.000497s ]
INFO: [ app_begin ] --END-- [ RunTime:0.000549s ]
SQL: SHOW COLUMNS FROM `wb_user` [ RunTime:0.0031s ]
SQL: SELECT * FROM `wb_user` WHERE `user_login` = 'qi' LIMIT 1   [ RunTime:0.0004s ]
SQL: SELECT `user_password` FROM `wb_user` WHERE `user_login` = 'qi' LIMIT 1   [ RunTime:0.0002s ]
INFO: [ app_end ] --START--
INFO: Run Behavior\ShowPageTraceBehavior [ RunTime:0.000742s ]
INFO: [ app_end ] --END-- [ RunTime:0.000807s ]

[ 2017-03-27T17:02:43+08:00 ] 127.0.0.1 /index.php/Api/Homepage/handlelogin
INFO: [ app_init ] --START--
INFO: Run Behavior\BuildLiteBehavior [ RunTime:0.000013s ]
INFO: [ app_init ] --END-- [ RunTime:0.000468s ]
INFO: [ app_begin ] --START--
INFO: Run Behavior\ReadHtmlCacheBehavior [ RunTime:0.000724s ]
INFO: [ app_begin ] --END-- [ RunTime:0.000786s ]
SQL: SHOW COLUMNS FROM `wb_user` [ RunTime:0.0040s ]
SQL: SELECT * FROM `wb_user` WHERE `user_login` = 'qi' LIMIT 1   [ RunTime:0.0004s ]
SQL: SELECT `user_password` FROM `wb_user` WHERE `user_login` = 'qi' LIMIT 1   [ RunTime:0.0003s ]
INFO: [ app_end ] --START--
INFO: Run Behavior\ShowPageTraceBehavior [ RunTime:0.000830s ]
INFO: [ app_end ] --END-- [ RunTime:0.000881s ]

[ 2017-03-27T17:02:46+08:00 ] 127.0.0.1 /index.php/Api/Homepage/handlelogin
INFO: [ app_init ] --START--
INFO: Run Behavior\BuildLiteBehavior [ RunTime:0.000017s ]
INFO: [ app_init ] --END-- [ RunTime:0.000418s ]
INFO: [ app_begin ] --START--
INFO: Run Behavior\ReadHtmlCacheBehavior [ RunTime:0.000469s ]
INFO: [ app_begin ] --END-- [ RunTime:0.000515s ]
SQL: SHOW COLUMNS FROM `wb_user` [ RunTime:0.0030s ]
SQL: SELECT * FROM `wb_user` WHERE `user_login` = 'qi' LIMIT 1   [ RunTime:0.0013s ]
SQL: SELECT `user_password` FROM `wb_user` WHERE `user_login` = 'qi' LIMIT 1   [ RunTime:0.0003s ]
INFO: [ app_end ] --START--
INFO: Run Behavior\ShowPageTraceBehavior [ RunTime:0.000684s ]
INFO: [ app_end ] --END-- [ RunTime:0.000731s ]

[ 2017-03-27T17:02:52+08:00 ] 127.0.0.1 /index.php/Api/Homepage/handlelogin
INFO: [ app_init ] --START--
INFO: Run Behavior\BuildLiteBehavior [ RunTime:0.000017s ]
INFO: [ app_init ] --END-- [ RunTime:0.000376s ]
INFO: [ app_begin ] --START--
INFO: Run Behavior\ReadHtmlCacheBehavior [ RunTime:0.000480s ]
INFO: [ app_begin ] --END-- [ RunTime:0.000530s ]
SQL: SHOW COLUMNS FROM `wb_user` [ RunTime:0.0042s ]
SQL: SELECT * FROM `wb_user` WHERE `user_login` = 'qi' LIMIT 1   [ RunTime:0.0004s ]
SQL: SELECT `user_password` FROM `wb_user` WHERE `user_login` = 'qi' LIMIT 1   [ RunTime:0.0002s ]
INFO: [ app_end ] --START--
INFO: Run Behavior\ShowPageTraceBehavior [ RunTime:0.000603s ]
INFO: [ app_end ] --END-- [ RunTime:0.000654s ]

[ 2017-03-27T17:02:55+08:00 ] 127.0.0.1 /index.php/Api/Homepage/handlelogin
INFO: [ app_init ] --START--
INFO: Run Behavior\BuildLiteBehavior [ RunTime:0.000025s ]
INFO: [ app_init ] --END-- [ RunTime:0.000542s ]
INFO: [ app_begin ] --START--
INFO: Run Behavior\ReadHtmlCacheBehavior [ RunTime:0.000489s ]
INFO: [ app_begin ] --END-- [ RunTime:0.000537s ]
SQL: SHOW COLUMNS FROM `wb_user` [ RunTime:0.0031s ]
SQL: SELECT * FROM `wb_user` WHERE `user_login` = 'qi' LIMIT 1   [ RunTime:0.0004s ]
SQL: SELECT `user_password` FROM `wb_user` WHERE `user_login` = 'qi' LIMIT 1   [ RunTime:0.0002s ]
INFO: [ app_end ] --START--
INFO: Run Behavior\ShowPageTraceBehavior [ RunTime:0.000523s ]
INFO: [ app_end ] --END-- [ RunTime:0.000560s ]

[ 2017-03-27T17:02:58+08:00 ] 127.0.0.1 /index.php/Api/Homepage/handlelogin
INFO: [ app_init ] --START--
INFO: Run Behavior\BuildLiteBehavior [ RunTime:0.000014s ]
INFO: [ app_init ] --END-- [ RunTime:0.000375s ]
INFO: [ app_begin ] --START--
INFO: Run Behavior\ReadHtmlCacheBehavior [ RunTime:0.000481s ]
INFO: [ app_begin ] --END-- [ RunTime:0.000530s ]
SQL: SHOW COLUMNS FROM `wb_user` [ RunTime:0.0031s ]
SQL: SELECT * FROM `wb_user` WHERE `user_login` = 'qi' LIMIT 1   [ RunTime:0.0004s ]
SQL: SELECT `user_password` FROM `wb_user` WHERE `user_login` = 'qi' LIMIT 1   [ RunTime:0.0002s ]
INFO: [ app_end ] --START--
INFO: Run Behavior\ShowPageTraceBehavior [ RunTime:0.000638s ]
INFO: [ app_end ] --END-- [ RunTime:0.000676s ]

[ 2017-03-27T17:03:45+08:00 ] 127.0.0.1 /index.php/Api/Homepage/handlelogin
INFO: [ app_init ] --START--
INFO: Run Behavior\BuildLiteBehavior [ RunTime:0.000013s ]
INFO: [ app_init ] --END-- [ RunTime:0.000370s ]
INFO: [ app_begin ] --START--
INFO: Run Behavior\ReadHtmlCacheBehavior [ RunTime:0.000458s ]
INFO: [ app_begin ] --END-- [ RunTime:0.000508s ]
SQL: SHOW COLUMNS FROM `wb_user` [ RunTime:0.0037s ]
SQL: SELECT * FROM `wb_user` WHERE `user_login` = 'qi' LIMIT 1   [ RunTime:0.0003s ]
SQL: SELECT `user_password` FROM `wb_user` WHERE `user_login` = 'qi' LIMIT 1   [ RunTime:0.0002s ]
INFO: [ app_end ] --START--
INFO: Run Behavior\ShowPageTraceBehavior [ RunTime:0.000628s ]
INFO: [ app_end ] --END-- [ RunTime:0.000674s ]

[ 2017-03-27T17:04:03+08:00 ] 127.0.0.1 /index.php/Api/Homepage/handlelogin
INFO: [ app_init ] --START--
INFO: Run Behavior\BuildLiteBehavior [ RunTime:0.000016s ]
INFO: [ app_init ] --END-- [ RunTime:0.000511s ]
INFO: [ app_begin ] --START--
INFO: Run Behavior\ReadHtmlCacheBehavior [ RunTime:0.000728s ]
INFO: [ app_begin ] --END-- [ RunTime:0.000796s ]
SQL: SHOW COLUMNS FROM `wb_user` [ RunTime:0.0030s ]
SQL: SELECT * FROM `wb_user` WHERE `user_login` = 'qi' LIMIT 1   [ RunTime:0.0004s ]
SQL: SELECT `user_password` FROM `wb_user` WHERE `user_login` = 'qi' LIMIT 1   [ RunTime:0.0002s ]
INFO: [ app_end ] --START--
INFO: Run Behavior\ShowPageTraceBehavior [ RunTime:0.000760s ]
INFO: [ app_end ] --END-- [ RunTime:0.000803s ]

[ 2017-03-27T17:04:30+08:00 ] 127.0.0.1 /index.php/Api/Homepage/handlelogin
INFO: [ app_init ] --START--
INFO: Run Behavior\BuildLiteBehavior [ RunTime:0.000019s ]
INFO: [ app_init ] --END-- [ RunTime:0.000588s ]
INFO: [ app_begin ] --START--
INFO: Run Behavior\ReadHtmlCacheBehavior [ RunTime:0.000549s ]
INFO: [ app_begin ] --END-- [ RunTime:0.000608s ]
SQL: SHOW COLUMNS FROM `wb_user` [ RunTime:0.0045s ]
SQL: SELECT * FROM `wb_user` WHERE `user_login` = '' LIMIT 1   [ RunTime:0.0016s ]
INFO: [ app_end ] --START--
INFO: Run Behavior\ShowPageTraceBehavior [ RunTime:0.000833s ]
INFO: [ app_end ] --END-- [ RunTime:0.000902s ]

[ 2017-03-27T17:04:37+08:00 ] 127.0.0.1 /index.php/Api/Homepage/handlelogin
INFO: [ app_init ] --START--
INFO: Run Behavior\BuildLiteBehavior [ RunTime:0.000065s ]
INFO: [ app_init ] --END-- [ RunTime:0.001138s ]
INFO: [ app_begin ] --START--
INFO: Run Behavior\ReadHtmlCacheBehavior [ RunTime:0.000606s ]
INFO: [ app_begin ] --END-- [ RunTime:0.000676s ]
SQL: SHOW COLUMNS FROM `wb_user` [ RunTime:0.0036s ]
SQL: SELECT * FROM `wb_user` WHERE `user_login` = 'qi' LIMIT 1   [ RunTime:0.0003s ]
SQL: SELECT `user_password` FROM `wb_user` WHERE `user_login` = 'qi' LIMIT 1   [ RunTime:0.0002s ]
INFO: [ app_end ] --START--
INFO: Run Behavior\ShowPageTraceBehavior [ RunTime:0.000550s ]
INFO: [ app_end ] --END-- [ RunTime:0.000588s ]

[ 2017-03-27T17:04:38+08:00 ] 127.0.0.1 /index.php/Api/Homepage/handlelogin
INFO: [ app_init ] --START--
INFO: Run Behavior\BuildLiteBehavior [ RunTime:0.000013s ]
INFO: [ app_init ] --END-- [ RunTime:0.000359s ]
INFO: [ app_begin ] --START--
INFO: Run Behavior\ReadHtmlCacheBehavior [ RunTime:0.000496s ]
INFO: [ app_begin ] --END-- [ RunTime:0.000548s ]
SQL: SHOW COLUMNS FROM `wb_user` [ RunTime:0.0031s ]
SQL: SELECT * FROM `wb_user` WHERE `user_login` = 'qi' LIMIT 1   [ RunTime:0.0004s ]
SQL: SELECT `user_password` FROM `wb_user` WHERE `user_login` = 'qi' LIMIT 1   [ RunTime:0.0002s ]
INFO: [ app_end ] --START--
INFO: Run Behavior\ShowPageTraceBehavior [ RunTime:0.000585s ]
INFO: [ app_end ] --END-- [ RunTime:0.000628s ]

[ 2017-03-27T17:04:39+08:00 ] 127.0.0.1 /index.php/Api/Homepage/handlelogin
INFO: [ app_init ] --START--
INFO: Run Behavior\BuildLiteBehavior [ RunTime:0.000017s ]
INFO: [ app_init ] --END-- [ RunTime:0.000540s ]
INFO: [ app_begin ] --START--
INFO: Run Behavior\ReadHtmlCacheBehavior [ RunTime:0.000648s ]
INFO: [ app_begin ] --END-- [ RunTime:0.000739s ]
SQL: SHOW COLUMNS FROM `wb_user` [ RunTime:0.0043s ]
SQL: SELECT * FROM `wb_user` WHERE `user_login` = 'qi' LIMIT 1   [ RunTime:0.0004s ]
SQL: SELECT `user_password` FROM `wb_user` WHERE `user_login` = 'qi' LIMIT 1   [ RunTime:0.0002s ]
INFO: [ app_end ] --START--
INFO: Run Behavior\ShowPageTraceBehavior [ RunTime:0.000584s ]
INFO: [ app_end ] --END-- [ RunTime:0.000626s ]

[ 2017-03-27T17:04:39+08:00 ] 127.0.0.1 /index.php/Api/Homepage/handlelogin
INFO: [ app_init ] --START--
INFO: Run Behavior\BuildLiteBehavior [ RunTime:0.000014s ]
INFO: [ app_init ] --END-- [ RunTime:0.000382s ]
INFO: [ app_begin ] --START--
INFO: Run Behavior\ReadHtmlCacheBehavior [ RunTime:0.000459s ]
INFO: [ app_begin ] --END-- [ RunTime:0.000505s ]
SQL: SHOW COLUMNS FROM `wb_user` [ RunTime:0.0028s ]
SQL: SELECT * FROM `wb_user` WHERE `user_login` = 'qi' LIMIT 1   [ RunTime:0.0004s ]
SQL: SELECT `user_password` FROM `wb_user` WHERE `user_login` = 'qi' LIMIT 1   [ RunTime:0.0002s ]
INFO: [ app_end ] --START--
INFO: Run Behavior\ShowPageTraceBehavior [ RunTime:0.000596s ]
INFO: [ app_end ] --END-- [ RunTime:0.000641s ]

[ 2017-03-27T17:04:39+08:00 ] 127.0.0.1 /index.php/Api/Homepage/handlelogin
INFO: [ app_init ] --START--
INFO: Run Behavior\BuildLiteBehavior [ RunTime:0.000012s ]
INFO: [ app_init ] --END-- [ RunTime:0.000340s ]
INFO: [ app_begin ] --START--
INFO: Run Behavior\ReadHtmlCacheBehavior [ RunTime:0.000415s ]
INFO: [ app_begin ] --END-- [ RunTime:0.000455s ]
SQL: SHOW COLUMNS FROM `wb_user` [ RunTime:0.0031s ]
SQL: SELECT * FROM `wb_user` WHERE `user_login` = 'qi' LIMIT 1   [ RunTime:0.0003s ]
SQL: SELECT `user_password` FROM `wb_user` WHERE `user_login` = 'qi' LIMIT 1   [ RunTime:0.0002s ]
INFO: [ app_end ] --START--
INFO: Run Behavior\ShowPageTraceBehavior [ RunTime:0.000931s ]
INFO: [ app_end ] --END-- [ RunTime:0.001084s ]

[ 2017-03-27T17:04:43+08:00 ] 127.0.0.1 /index.php/Api/Homepage/handlelogin
INFO: [ app_init ] --START--
INFO: Run Behavior\BuildLiteBehavior [ RunTime:0.000013s ]
INFO: [ app_init ] --END-- [ RunTime:0.000368s ]
INFO: [ app_begin ] --START--
INFO: Run Behavior\ReadHtmlCacheBehavior [ RunTime:0.000469s ]
INFO: [ app_begin ] --END-- [ RunTime:0.000517s ]
SQL: SHOW COLUMNS FROM `wb_user` [ RunTime:0.0044s ]
SQL: SELECT * FROM `wb_user` WHERE `user_login` = 'qi' LIMIT 1   [ RunTime:0.0004s ]
SQL: SELECT `user_password` FROM `wb_user` WHERE `user_login` = 'qi' LIMIT 1   [ RunTime:0.0003s ]
INFO: [ app_end ] --START--
INFO: Run Behavior\ShowPageTraceBehavior [ RunTime:0.000785s ]
INFO: [ app_end ] --END-- [ RunTime:0.000844s ]

[ 2017-03-27T17:04:44+08:00 ] 127.0.0.1 /index.php/Api/Homepage/handlelogin
INFO: [ app_init ] --START--
INFO: Run Behavior\BuildLiteBehavior [ RunTime:0.000014s ]
INFO: [ app_init ] --END-- [ RunTime:0.000377s ]
INFO: [ app_begin ] --START--
INFO: Run Behavior\ReadHtmlCacheBehavior [ RunTime:0.000466s ]
INFO: [ app_begin ] --END-- [ RunTime:0.000514s ]
SQL: SHOW COLUMNS FROM `wb_user` [ RunTime:0.0030s ]
SQL: SELECT * FROM `wb_user` WHERE `user_login` = 'qi' LIMIT 1   [ RunTime:0.0004s ]
SQL: SELECT `user_password` FROM `wb_user` WHERE `user_login` = 'qi' LIMIT 1   [ RunTime:0.0002s ]
INFO: [ app_end ] --START--
INFO: Run Behavior\ShowPageTraceBehavior [ RunTime:0.000622s ]
INFO: [ app_end ] --END-- [ RunTime:0.000665s ]

[ 2017-03-27T17:04:48+08:00 ] 127.0.0.1 /index.php/Api/Homepage/handlelogin
INFO: [ app_init ] --START--
INFO: Run Behavior\BuildLiteBehavior [ RunTime:0.000020s ]
INFO: [ app_init ] --END-- [ RunTime:0.000585s ]
INFO: [ app_begin ] --START--
INFO: Run Behavior\ReadHtmlCacheBehavior [ RunTime:0.000573s ]
INFO: [ app_begin ] --END-- [ RunTime:0.000648s ]
SQL: SHOW COLUMNS FROM `wb_user` [ RunTime:0.0033s ]
SQL: SELECT * FROM `wb_user` WHERE `user_login` = 'qi' LIMIT 1   [ RunTime:0.0004s ]
SQL: SELECT `user_password` FROM `wb_user` WHERE `user_login` = 'qi' LIMIT 1   [ RunTime:0.0002s ]
INFO: [ app_end ] --START--
INFO: Run Behavior\ShowPageTraceBehavior [ RunTime:0.000565s ]
INFO: [ app_end ] --END-- [ RunTime:0.000607s ]

[ 2017-03-27T17:04:49+08:00 ] 127.0.0.1 /index.php/Api/Homepage/handlelogin
INFO: [ app_init ] --START--
INFO: Run Behavior\BuildLiteBehavior [ RunTime:0.000042s ]
INFO: [ app_init ] --END-- [ RunTime:0.001401s ]
INFO: [ app_begin ] --START--
INFO: Run Behavior\ReadHtmlCacheBehavior [ RunTime:0.000901s ]
INFO: [ app_begin ] --END-- [ RunTime:0.001028s ]
SQL: SHOW COLUMNS FROM `wb_user` [ RunTime:0.0048s ]
SQL: SELECT * FROM `wb_user` WHERE `user_login` = 'qi' LIMIT 1   [ RunTime:0.0004s ]
SQL: SELECT `user_password` FROM `wb_user` WHERE `user_login` = 'qi' LIMIT 1   [ RunTime:0.0002s ]
INFO: [ app_end ] --START--
INFO: Run Behavior\ShowPageTraceBehavior [ RunTime:0.000561s ]
INFO: [ app_end ] --END-- [ RunTime:0.000602s ]

[ 2017-03-27T17:04:49+08:00 ] 127.0.0.1 /index.php/Api/Homepage/handlelogin
INFO: [ app_init ] --START--
INFO: Run Behavior\BuildLiteBehavior [ RunTime:0.000020s ]
INFO: [ app_init ] --END-- [ RunTime:0.000487s ]
INFO: [ app_begin ] --START--
INFO: Run Behavior\ReadHtmlCacheBehavior [ RunTime:0.000635s ]
INFO: [ app_begin ] --END-- [ RunTime:0.000710s ]
SQL: SHOW COLUMNS FROM `wb_user` [ RunTime:0.0030s ]
SQL: SELECT * FROM `wb_user` WHERE `user_login` = 'qi' LIMIT 1   [ RunTime:0.0004s ]
SQL: SELECT `user_password` FROM `wb_user` WHERE `user_login` = 'qi' LIMIT 1   [ RunTime:0.0005s ]
INFO: [ app_end ] --START--
INFO: Run Behavior\ShowPageTraceBehavior [ RunTime:0.001883s ]
INFO: [ app_end ] --END-- [ RunTime:0.002060s ]

[ 2017-03-27T17:04:54+08:00 ] 127.0.0.1 /index.php/Api/Homepage/handlelogin
INFO: [ app_init ] --START--
INFO: Run Behavior\BuildLiteBehavior [ RunTime:0.000018s ]
INFO: [ app_init ] --END-- [ RunTime:0.000432s ]
INFO: [ app_begin ] --START--
INFO: Run Behavior\ReadHtmlCacheBehavior [ RunTime:0.000670s ]
INFO: [ app_begin ] --END-- [ RunTime:0.000733s ]
SQL: SHOW COLUMNS FROM `wb_user` [ RunTime:0.0035s ]
SQL: SELECT * FROM `wb_user` WHERE `user_login` = 'qi' LIMIT 1   [ RunTime:0.0005s ]
SQL: SELECT `user_password` FROM `wb_user` WHERE `user_login` = 'qi' LIMIT 1   [ RunTime:0.0007s ]
INFO: [ app_end ] --START--
INFO: Run Behavior\ShowPageTraceBehavior [ RunTime:0.001126s ]
INFO: [ app_end ] --END-- [ RunTime:0.001313s ]

[ 2017-03-27T17:05:08+08:00 ] 127.0.0.1 /index.php/Api/Homepage/handlelogin
INFO: [ app_init ] --START--
INFO: Run Behavior\BuildLiteBehavior [ RunTime:0.000014s ]
INFO: [ app_init ] --END-- [ RunTime:0.000369s ]
INFO: [ app_begin ] --START--
INFO: Run Behavior\ReadHtmlCacheBehavior [ RunTime:0.000514s ]
INFO: [ app_begin ] --END-- [ RunTime:0.000562s ]
SQL: SHOW COLUMNS FROM `wb_user` [ RunTime:0.0036s ]
SQL: SELECT * FROM `wb_user` WHERE `user_login` = 'qi..' LIMIT 1   [ RunTime:0.0005s ]
INFO: [ app_end ] --START--
INFO: Run Behavior\ShowPageTraceBehavior [ RunTime:0.000720s ]
INFO: [ app_end ] --END-- [ RunTime:0.000800s ]

[ 2017-03-27T17:05:17+08:00 ] 127.0.0.1 /index.php/Api/Homepage/handlelogin
INFO: [ app_init ] --START--
INFO: Run Behavior\BuildLiteBehavior [ RunTime:0.000017s ]
INFO: [ app_init ] --END-- [ RunTime:0.000432s ]
INFO: [ app_begin ] --START--
INFO: Run Behavior\ReadHtmlCacheBehavior [ RunTime:0.000441s ]
INFO: [ app_begin ] --END-- [ RunTime:0.000506s ]
SQL: SHOW COLUMNS FROM `wb_user` [ RunTime:0.0029s ]
SQL: SELECT * FROM `wb_user` WHERE `user_login` = 'qi..' LIMIT 1   [ RunTime:0.0003s ]
INFO: [ app_end ] --START--
INFO: Run Behavior\ShowPageTraceBehavior [ RunTime:0.000521s ]
INFO: [ app_end ] --END-- [ RunTime:0.000561s ]

[ 2017-03-27T17:05:24+08:00 ] 127.0.0.1 /index.php/Api/Homepage/handlelogin
INFO: [ app_init ] --START--
INFO: Run Behavior\BuildLiteBehavior [ RunTime:0.000015s ]
INFO: [ app_init ] --END-- [ RunTime:0.000423s ]
INFO: [ app_begin ] --START--
INFO: Run Behavior\ReadHtmlCacheBehavior [ RunTime:0.000479s ]
INFO: [ app_begin ] --END-- [ RunTime:0.000525s ]
SQL: SHOW COLUMNS FROM `wb_user` [ RunTime:0.0056s ]
SQL: SELECT * FROM `wb_user` WHERE `user_login` = 'qi' LIMIT 1   [ RunTime:0.0004s ]
SQL: SELECT `user_password` FROM `wb_user` WHERE `user_login` = 'qi' LIMIT 1   [ RunTime:0.0002s ]
INFO: [ app_end ] --START--
INFO: Run Behavior\ShowPageTraceBehavior [ RunTime:0.000619s ]
INFO: [ app_end ] --END-- [ RunTime:0.000669s ]

[ 2017-03-27T17:05:32+08:00 ] 127.0.0.1 /index.php/Api/Homepage/handlelogin
INFO: [ app_init ] --START--
INFO: Run Behavior\BuildLiteBehavior [ RunTime:0.000022s ]
INFO: [ app_init ] --END-- [ RunTime:0.000649s ]
INFO: [ app_begin ] --START--
INFO: Run Behavior\ReadHtmlCacheBehavior [ RunTime:0.000753s ]
INFO: [ app_begin ] --END-- [ RunTime:0.000837s ]
SQL: SHOW COLUMNS FROM `wb_user` [ RunTime:0.0031s ]
SQL: SELECT * FROM `wb_user` WHERE `user_login` = 'qi' LIMIT 1   [ RunTime:0.0004s ]
SQL: SELECT `user_password` FROM `wb_user` WHERE `user_login` = 'qi' LIMIT 1   [ RunTime:0.0002s ]
INFO: [ app_end ] --START--
INFO: Run Behavior\ShowPageTraceBehavior [ RunTime:0.000605s ]
INFO: [ app_end ] --END-- [ RunTime:0.000654s ]

[ 2017-03-27T17:05:37+08:00 ] 127.0.0.1 /index.php/Api/Homepage/handlelogin
INFO: [ app_init ] --START--
INFO: Run Behavior\BuildLiteBehavior [ RunTime:0.000021s ]
INFO: [ app_init ] --END-- [ RunTime:0.000572s ]
INFO: [ app_begin ] --START--
INFO: Run Behavior\ReadHtmlCacheBehavior [ RunTime:0.000486s ]
INFO: [ app_begin ] --END-- [ RunTime:0.000541s ]
SQL: SHOW COLUMNS FROM `wb_user` [ RunTime:0.0029s ]
SQL: SELECT * FROM `wb_user` WHERE `user_login` = 'qi' LIMIT 1   [ RunTime:0.0003s ]
SQL: SELECT `user_password` FROM `wb_user` WHERE `user_login` = 'qi' LIMIT 1   [ RunTime:0.0002s ]
INFO: [ app_end ] --START--
INFO: Run Behavior\ShowPageTraceBehavior [ RunTime:0.000633s ]
INFO: [ app_end ] --END-- [ RunTime:0.000679s ]

[ 2017-03-27T17:05:38+08:00 ] 127.0.0.1 /index.php/Api/Homepage/handlelogin
INFO: [ app_init ] --START--
INFO: Run Behavior\BuildLiteBehavior [ RunTime:0.000016s ]
INFO: [ app_init ] --END-- [ RunTime:0.000400s ]
INFO: [ app_begin ] --START--
INFO: Run Behavior\ReadHtmlCacheBehavior [ RunTime:0.000633s ]
INFO: [ app_begin ] --END-- [ RunTime:0.000714s ]
SQL: SHOW COLUMNS FROM `wb_user` [ RunTime:0.0040s ]
SQL: SELECT * FROM `wb_user` WHERE `user_login` = 'qi' LIMIT 1   [ RunTime:0.0003s ]
SQL: SELECT `user_password` FROM `wb_user` WHERE `user_login` = 'qi' LIMIT 1   [ RunTime:0.0002s ]
INFO: [ app_end ] --START--
INFO: Run Behavior\ShowPageTraceBehavior [ RunTime:0.000605s ]
INFO: [ app_end ] --END-- [ RunTime:0.000650s ]

[ 2017-03-27T17:05:59+08:00 ] 127.0.0.1 /index.php/Api/Homepage/handlelogin
INFO: [ app_init ] --START--
INFO: Run Behavior\BuildLiteBehavior [ RunTime:0.000014s ]
INFO: [ app_init ] --END-- [ RunTime:0.000364s ]
INFO: [ app_begin ] --START--
INFO: Run Behavior\ReadHtmlCacheBehavior [ RunTime:0.000461s ]
INFO: [ app_begin ] --END-- [ RunTime:0.000510s ]
SQL: SHOW COLUMNS FROM `wb_user` [ RunTime:0.0045s ]
SQL: SELECT * FROM `wb_user` WHERE `user_login` = 'qi' LIMIT 1   [ RunTime:0.0006s ]
SQL: SELECT `user_password` FROM `wb_user` WHERE `user_login` = 'qi' LIMIT 1   [ RunTime:0.0003s ]
INFO: [ app_end ] --START--
INFO: Run Behavior\ShowPageTraceBehavior [ RunTime:0.000791s ]
INFO: [ app_end ] --END-- [ RunTime:0.000862s ]

[ 2017-03-27T17:06:08+08:00 ] 127.0.0.1 /index.php/Api/Homepage/handlelogin
INFO: [ app_init ] --START--
INFO: Run Behavior\BuildLiteBehavior [ RunTime:0.000030s ]
INFO: [ app_init ] --END-- [ RunTime:0.000712s ]
INFO: [ app_begin ] --START--
INFO: Run Behavior\ReadHtmlCacheBehavior [ RunTime:0.000765s ]
INFO: [ app_begin ] --END-- [ RunTime:0.000836s ]
SQL: SHOW COLUMNS FROM `wb_user` [ RunTime:0.0034s ]
SQL: SELECT * FROM `wb_user` WHERE `user_login` = 'qi' LIMIT 1   [ RunTime:0.0003s ]
SQL: SELECT `user_password` FROM `wb_user` WHERE `user_login` = 'qi' LIMIT 1   [ RunTime:0.0002s ]
INFO: [ app_end ] --START--
INFO: Run Behavior\ShowPageTraceBehavior [ RunTime:0.000919s ]
INFO: [ app_end ] --END-- [ RunTime:0.000973s ]

[ 2017-03-27T17:06:25+08:00 ] 127.0.0.1 /index.php/Api/Homepage/handlelogin
INFO: [ app_init ] --START--
INFO: Run Behavior\BuildLiteBehavior [ RunTime:0.000014s ]
INFO: [ app_init ] --END-- [ RunTime:0.000398s ]
INFO: [ app_begin ] --START--
INFO: Run Behavior\ReadHtmlCacheBehavior [ RunTime:0.000499s ]
INFO: [ app_begin ] --END-- [ RunTime:0.000549s ]
SQL: SHOW COLUMNS FROM `wb_user` [ RunTime:0.0041s ]
SQL: SELECT * FROM `wb_user` WHERE `user_login` = '' LIMIT 1   [ RunTime:0.0004s ]
INFO: [ app_end ] --START--
INFO: Run Behavior\ShowPageTraceBehavior [ RunTime:0.000673s ]
INFO: [ app_end ] --END-- [ RunTime:0.000724s ]

[ 2017-03-27T17:06:30+08:00 ] 127.0.0.1 /index.php/Api/Homepage/handlelogin
INFO: [ app_init ] --START--
INFO: Run Behavior\BuildLiteBehavior [ RunTime:0.000019s ]
INFO: [ app_init ] --END-- [ RunTime:0.000443s ]
INFO: [ app_begin ] --START--
INFO: Run Behavior\ReadHtmlCacheBehavior [ RunTime:0.000543s ]
INFO: [ app_begin ] --END-- [ RunTime:0.000595s ]
SQL: SHOW COLUMNS FROM `wb_user` [ RunTime:0.0031s ]
SQL: SELECT * FROM `wb_user` WHERE `user_login` = '651265' LIMIT 1   [ RunTime:0.0003s ]
INFO: [ app_end ] --START--
INFO: Run Behavior\ShowPageTraceBehavior [ RunTime:0.000562s ]
INFO: [ app_end ] --END-- [ RunTime:0.000607s ]

[ 2017-03-27T17:06:35+08:00 ] 127.0.0.1 /index.php/Api/Homepage/handlelogin
INFO: [ app_init ] --START--
INFO: Run Behavior\BuildLiteBehavior [ RunTime:0.000019s ]
INFO: [ app_init ] --END-- [ RunTime:0.000379s ]
INFO: [ app_begin ] --START--
INFO: Run Behavior\ReadHtmlCacheBehavior [ RunTime:0.000461s ]
INFO: [ app_begin ] --END-- [ RunTime:0.000508s ]
SQL: SHOW COLUMNS FROM `wb_user` [ RunTime:0.0032s ]
SQL: SELECT * FROM `wb_user` WHERE `user_login` = 'qi' LIMIT 1   [ RunTime:0.0004s ]
SQL: SELECT `user_password` FROM `wb_user` WHERE `user_login` = 'qi' LIMIT 1   [ RunTime:0.0002s ]
INFO: [ app_end ] --START--
INFO: Run Behavior\ShowPageTraceBehavior [ RunTime:0.000698s ]
INFO: [ app_end ] --END-- [ RunTime:0.000750s ]

[ 2017-03-27T17:06:38+08:00 ] 127.0.0.1 /index.php/Api/Homepage/handlelogin
INFO: [ app_init ] --START--
INFO: Run Behavior\BuildLiteBehavior [ RunTime:0.000014s ]
INFO: [ app_init ] --END-- [ RunTime:0.000390s ]
INFO: [ app_begin ] --START--
INFO: Run Behavior\ReadHtmlCacheBehavior [ RunTime:0.000469s ]
INFO: [ app_begin ] --END-- [ RunTime:0.000519s ]
SQL: SHOW COLUMNS FROM `wb_user` [ RunTime:0.0031s ]
SQL: SELECT * FROM `wb_user` WHERE `user_login` = 'qi' LIMIT 1   [ RunTime:0.0004s ]
SQL: SELECT `user_password` FROM `wb_user` WHERE `user_login` = 'qi' LIMIT 1   [ RunTime:0.0002s ]
INFO: [ app_end ] --START--
INFO: Run Behavior\ShowPageTraceBehavior [ RunTime:0.000597s ]
INFO: [ app_end ] --END-- [ RunTime:0.000647s ]

[ 2017-03-27T17:06:50+08:00 ] 127.0.0.1 /index.php/Api/Homepage/handlelogin
INFO: [ app_init ] --START--
INFO: Run Behavior\BuildLiteBehavior [ RunTime:0.000023s ]
INFO: [ app_init ] --END-- [ RunTime:0.000489s ]
INFO: [ app_begin ] --START--
INFO: Run Behavior\ReadHtmlCacheBehavior [ RunTime:0.000836s ]
INFO: [ app_begin ] --END-- [ RunTime:0.000930s ]
SQL: SHOW COLUMNS FROM `wb_user` [ RunTime:0.0057s ]
SQL: SELECT * FROM `wb_user` WHERE `user_login` = 'qi' LIMIT 1   [ RunTime:0.0004s ]
SQL: SELECT `user_password` FROM `wb_user` WHERE `user_login` = 'qi' LIMIT 1   [ RunTime:0.0003s ]
INFO: [ app_end ] --START--
INFO: Run Behavior\ShowPageTraceBehavior [ RunTime:0.000795s ]
INFO: [ app_end ] --END-- [ RunTime:0.000866s ]

[ 2017-03-27T17:09:19+08:00 ] 127.0.0.1 /index.php/Api/Homepage/handlelogin
INFO: [ app_init ] --START--
INFO: Run Behavior\BuildLiteBehavior [ RunTime:0.000021s ]
INFO: [ app_init ] --END-- [ RunTime:0.000580s ]
INFO: [ app_begin ] --START--
INFO: Run Behavior\ReadHtmlCacheBehavior [ RunTime:0.000528s ]
INFO: [ app_begin ] --END-- [ RunTime:0.000596s ]
SQL: SHOW COLUMNS FROM `wb_user` [ RunTime:0.0031s ]
SQL: SELECT * FROM `wb_user` WHERE `user_login` = 'qi' LIMIT 1   [ RunTime:0.0004s ]
SQL: SELECT `user_password` FROM `wb_user` WHERE `user_login` = 'qi' LIMIT 1   [ RunTime:0.0002s ]
INFO: [ app_end ] --START--
INFO: Run Behavior\ShowPageTraceBehavior [ RunTime:0.000597s ]
INFO: [ app_end ] --END-- [ RunTime:0.000642s ]

[ 2017-03-27T17:09:26+08:00 ] 127.0.0.1 /index.php/Api/Homepage/handlelogin
INFO: [ app_init ] --START--
INFO: Run Behavior\BuildLiteBehavior [ RunTime:0.000030s ]
INFO: [ app_init ] --END-- [ RunTime:0.000764s ]
INFO: [ app_begin ] --START--
INFO: Run Behavior\ReadHtmlCacheBehavior [ RunTime:0.000584s ]
INFO: [ app_begin ] --END-- [ RunTime:0.000640s ]
SQL: SHOW COLUMNS FROM `wb_user` [ RunTime:0.0030s ]
SQL: SELECT * FROM `wb_user` WHERE `user_login` = 'qi' LIMIT 1   [ RunTime:0.0004s ]
SQL: SELECT `user_password` FROM `wb_user` WHERE `user_login` = 'qi' LIMIT 1   [ RunTime:0.0002s ]
INFO: [ app_end ] --START--
INFO: Run Behavior\ShowPageTraceBehavior [ RunTime:0.000580s ]
INFO: [ app_end ] --END-- [ RunTime:0.000621s ]

[ 2017-03-27T17:09:43+08:00 ] 127.0.0.1 /index.php/Api/Homepage/handlelogin
INFO: [ app_init ] --START--
INFO: Run Behavior\BuildLiteBehavior [ RunTime:0.000023s ]
INFO: [ app_init ] --END-- [ RunTime:0.000657s ]
INFO: [ app_begin ] --START--
INFO: Run Behavior\ReadHtmlCacheBehavior [ RunTime:0.001279s ]
INFO: [ app_begin ] --END-- [ RunTime:0.001428s ]
SQL: SHOW COLUMNS FROM `wb_user` [ RunTime:0.0052s ]
SQL: SELECT * FROM `wb_user` WHERE `user_login` = 'qi' LIMIT 1   [ RunTime:0.0005s ]
SQL: SELECT `user_password` FROM `wb_user` WHERE `user_login` = 'qi' LIMIT 1   [ RunTime:0.0003s ]
INFO: [ app_end ] --START--
INFO: Run Behavior\ShowPageTraceBehavior [ RunTime:0.000784s ]
INFO: [ app_end ] --END-- [ RunTime:0.000854s ]

[ 2017-03-27T17:09:47+08:00 ] 127.0.0.1 /index.php/Api/Homepage/handlelogin
INFO: [ app_init ] --START--
INFO: Run Behavior\BuildLiteBehavior [ RunTime:0.000017s ]
INFO: [ app_init ] --END-- [ RunTime:0.000566s ]
INFO: [ app_begin ] --START--
INFO: Run Behavior\ReadHtmlCacheBehavior [ RunTime:0.000549s ]
INFO: [ app_begin ] --END-- [ RunTime:0.000615s ]
SQL: SHOW COLUMNS FROM `wb_user` [ RunTime:0.0053s ]
SQL: SELECT * FROM `wb_user` WHERE `user_login` = 'qi' LIMIT 1   [ RunTime:0.0004s ]
SQL: SELECT `user_password` FROM `wb_user` WHERE `user_login` = 'qi' LIMIT 1   [ RunTime:0.0002s ]
INFO: [ app_end ] --START--
INFO: Run Behavior\ShowPageTraceBehavior [ RunTime:0.000645s ]
INFO: [ app_end ] --END-- [ RunTime:0.000691s ]

[ 2017-03-27T17:10:36+08:00 ] 127.0.0.1 /index.php/Api/Homepage/handlelogin
INFO: [ app_init ] --START--
INFO: Run Behavior\BuildLiteBehavior [ RunTime:0.000029s ]
INFO: [ app_init ] --END-- [ RunTime:0.000730s ]
INFO: [ app_begin ] --START--
INFO: Run Behavior\ReadHtmlCacheBehavior [ RunTime:0.000969s ]
INFO: [ app_begin ] --END-- [ RunTime:0.001066s ]
SQL: SHOW COLUMNS FROM `wb_user` [ RunTime:0.0028s ]
SQL: SELECT * FROM `wb_user` WHERE `user_login` = 'qi' LIMIT 1   [ RunTime:0.0003s ]
SQL: SELECT `user_password` FROM `wb_user` WHERE `user_login` = 'qi' LIMIT 1   [ RunTime:0.0002s ]
INFO: [ app_end ] --START--
INFO: Run Behavior\ShowPageTraceBehavior [ RunTime:0.000620s ]
INFO: [ app_end ] --END-- [ RunTime:0.000664s ]

[ 2017-03-27T17:10:39+08:00 ] 127.0.0.1 /index.php/Api/Homepage/handlelogin
INFO: [ app_init ] --START--
INFO: Run Behavior\BuildLiteBehavior [ RunTime:0.000021s ]
INFO: [ app_init ] --END-- [ RunTime:0.000579s ]
INFO: [ app_begin ] --START--
INFO: Run Behavior\ReadHtmlCacheBehavior [ RunTime:0.000920s ]
INFO: [ app_begin ] --END-- [ RunTime:0.001047s ]
SQL: SHOW COLUMNS FROM `wb_user` [ RunTime:0.0028s ]
SQL: SELECT * FROM `wb_user` WHERE `user_login` = 'qi' LIMIT 1   [ RunTime:0.0003s ]
SQL: SELECT `user_password` FROM `wb_user` WHERE `user_login` = 'qi' LIMIT 1   [ RunTime:0.0003s ]
INFO: [ app_end ] --START--
INFO: Run Behavior\ShowPageTraceBehavior [ RunTime:0.000710s ]
INFO: [ app_end ] --END-- [ RunTime:0.000763s ]

[ 2017-03-27T17:10:47+08:00 ] 127.0.0.1 /index.php/Api/Homepage/handlelogin
INFO: [ app_init ] --START--
INFO: Run Behavior\BuildLiteBehavior [ RunTime:0.000023s ]
INFO: [ app_init ] --END-- [ RunTime:0.000640s ]
INFO: [ app_begin ] --START--
INFO: Run Behavior\ReadHtmlCacheBehavior [ RunTime:0.000866s ]
INFO: [ app_begin ] --END-- [ RunTime:0.000987s ]
SQL: SHOW COLUMNS FROM `wb_user` [ RunTime:0.0045s ]
SQL: SELECT * FROM `wb_user` WHERE `user_login` = '' LIMIT 1   [ RunTime:0.0004s ]
INFO: [ app_end ] --START--
INFO: Run Behavior\ShowPageTraceBehavior [ RunTime:0.000517s ]
INFO: [ app_end ] --END-- [ RunTime:0.000557s ]

[ 2017-03-27T17:10:50+08:00 ] 127.0.0.1 /index.php/Api/Homepage/handlelogin
INFO: [ app_init ] --START--
INFO: Run Behavior\BuildLiteBehavior [ RunTime:0.000035s ]
INFO: [ app_init ] --END-- [ RunTime:0.000692s ]
INFO: [ app_begin ] --START--
INFO: Run Behavior\ReadHtmlCacheBehavior [ RunTime:0.000780s ]
INFO: [ app_begin ] --END-- [ RunTime:0.000869s ]
SQL: SHOW COLUMNS FROM `wb_user` [ RunTime:0.0045s ]
SQL: SELECT * FROM `wb_user` WHERE `user_login` = 'qqq' LIMIT 1   [ RunTime:0.0004s ]
INFO: [ app_end ] --START--
INFO: Run Behavior\ShowPageTraceBehavior [ RunTime:0.000594s ]
INFO: [ app_end ] --END-- [ RunTime:0.000657s ]

[ 2017-03-27T17:10:54+08:00 ] 127.0.0.1 /index.php/Api/Homepage/handlelogin
INFO: [ app_init ] --START--
INFO: Run Behavior\BuildLiteBehavior [ RunTime:0.000020s ]
INFO: [ app_init ] --END-- [ RunTime:0.000557s ]
INFO: [ app_begin ] --START--
INFO: Run Behavior\ReadHtmlCacheBehavior [ RunTime:0.000672s ]
INFO: [ app_begin ] --END-- [ RunTime:0.000742s ]
SQL: SHOW COLUMNS FROM `wb_user` [ RunTime:0.0031s ]
SQL: SELECT * FROM `wb_user` WHERE `user_login` = 'qi' LIMIT 1   [ RunTime:0.0005s ]
SQL: SELECT `user_password` FROM `wb_user` WHERE `user_login` = 'qi' LIMIT 1   [ RunTime:0.0002s ]
INFO: [ app_end ] --START--
INFO: Run Behavior\ShowPageTraceBehavior [ RunTime:0.000527s ]
INFO: [ app_end ] --END-- [ RunTime:0.000564s ]

[ 2017-03-27T17:10:57+08:00 ] 127.0.0.1 /index.php/Api/Homepage/handlelogin
INFO: [ app_init ] --START--
INFO: Run Behavior\BuildLiteBehavior [ RunTime:0.000022s ]
INFO: [ app_init ] --END-- [ RunTime:0.000935s ]
INFO: [ app_begin ] --START--
INFO: Run Behavior\ReadHtmlCacheBehavior [ RunTime:0.001093s ]
INFO: [ app_begin ] --END-- [ RunTime:0.001196s ]
SQL: SHOW COLUMNS FROM `wb_user` [ RunTime:0.0274s ]
SQL: SELECT * FROM `wb_user` WHERE `user_login` = 'qi' LIMIT 1   [ RunTime:0.0003s ]
SQL: SELECT `user_password` FROM `wb_user` WHERE `user_login` = 'qi' LIMIT 1   [ RunTime:0.0485s ]
INFO: [ app_end ] --START--
INFO: Run Behavior\ShowPageTraceBehavior [ RunTime:0.001335s ]
INFO: [ app_end ] --END-- [ RunTime:0.001469s ]

[ 2017-03-27T17:11:02+08:00 ] 127.0.0.1 /index.php/Api/Homepage/handlelogin
INFO: [ app_init ] --START--
INFO: Run Behavior\BuildLiteBehavior [ RunTime:0.000018s ]
INFO: [ app_init ] --END-- [ RunTime:0.000480s ]
INFO: [ app_begin ] --START--
INFO: Run Behavior\ReadHtmlCacheBehavior [ RunTime:0.000672s ]
INFO: [ app_begin ] --END-- [ RunTime:0.000748s ]
SQL: SHOW COLUMNS FROM `wb_user` [ RunTime:0.0029s ]
SQL: SELECT * FROM `wb_user` WHERE `user_login` = 'qi' LIMIT 1   [ RunTime:0.0003s ]
SQL: SELECT `user_password` FROM `wb_user` WHERE `user_login` = 'qi' LIMIT 1   [ RunTime:0.0002s ]
INFO: [ app_end ] --START--
INFO: Run Behavior\ShowPageTraceBehavior [ RunTime:0.000906s ]
INFO: [ app_end ] --END-- [ RunTime:0.000974s ]

[ 2017-03-27T17:12:55+08:00 ] 127.0.0.1 /index.php/Api/homepage/category_left
INFO: [ app_init ] --START--
INFO: Run Behavior\BuildLiteBehavior [ RunTime:0.000015s ]
INFO: [ app_init ] --END-- [ RunTime:0.000478s ]
INFO: [ app_begin ] --START--
INFO: Run Behavior\ReadHtmlCacheBehavior [ RunTime:0.000841s ]
INFO: [ app_begin ] --END-- [ RunTime:0.000939s ]
SQL: SHOW COLUMNS FROM `wb_category` [ RunTime:0.0050s ]
SQL: SELECT * FROM `wb_category` WHERE `parent_id` = 1  [ RunTime:0.0006s ]
INFO: [ app_end ] --START--
INFO: Run Behavior\ShowPageTraceBehavior [ RunTime:0.000942s ]
INFO: [ app_end ] --END-- [ RunTime:0.001025s ]

[ 2017-03-27T17:12:55+08:00 ] 127.0.0.1 /index.php/Api/homepage/category_left
INFO: [ app_init ] --START--
INFO: Run Behavior\BuildLiteBehavior [ RunTime:0.000027s ]
INFO: [ app_init ] --END-- [ RunTime:0.001089s ]
INFO: [ app_begin ] --START--
INFO: Run Behavior\ReadHtmlCacheBehavior [ RunTime:0.001445s ]
INFO: [ app_begin ] --END-- [ RunTime:0.001597s ]
SQL: SHOW COLUMNS FROM `wb_category` [ RunTime:0.0462s ]
SQL: SELECT * FROM `wb_category` WHERE `parent_id` = 1  [ RunTime:0.0004s ]
INFO: [ app_end ] --START--
INFO: Run Behavior\ShowPageTraceBehavior [ RunTime:0.000587s ]
INFO: [ app_end ] --END-- [ RunTime:0.000641s ]

[ 2017-03-27T17:15:20+08:00 ] 127.0.0.1 /index.php/Api/homepage/category_left
INFO: [ app_init ] --START--
INFO: Run Behavior\BuildLiteBehavior [ RunTime:0.000011s ]
INFO: [ app_init ] --END-- [ RunTime:0.000400s ]
INFO: [ app_begin ] --START--
INFO: Run Behavior\ReadHtmlCacheBehavior [ RunTime:0.000757s ]
INFO: [ app_begin ] --END-- [ RunTime:0.000818s ]
SQL: SHOW COLUMNS FROM `wb_category` [ RunTime:0.0034s ]
SQL: SELECT `name` FROM `wb_category` WHERE `parent_id` = 1  [ RunTime:0.0004s ]
INFO: [ app_end ] --START--
INFO: Run Behavior\ShowPageTraceBehavior [ RunTime:0.000856s ]
INFO: [ app_end ] --END-- [ RunTime:0.000925s ]

[ 2017-03-27T17:15:47+08:00 ] 127.0.0.1 /index.php/Api/homepage/category_left
INFO: [ app_init ] --START--
INFO: Run Behavior\BuildLiteBehavior [ RunTime:0.000023s ]
INFO: [ app_init ] --END-- [ RunTime:0.000523s ]
INFO: [ app_begin ] --START--
INFO: Run Behavior\ReadHtmlCacheBehavior [ RunTime:0.000998s ]
INFO: [ app_begin ] --END-- [ RunTime:0.001090s ]
SQL: SHOW COLUMNS FROM `wb_category` [ RunTime:0.0046s ]
SQL: SELECT `name` FROM `wb_category` WHERE `parent_id` = 1 LIMIT 1   [ RunTime:0.0003s ]
INFO: [ app_end ] --START--
INFO: Run Behavior\ShowPageTraceBehavior [ RunTime:0.000670s ]
INFO: [ app_end ] --END-- [ RunTime:0.000714s ]

[ 2017-03-27T17:15:57+08:00 ] 127.0.0.1 /index.php/Api/homepage/category_left
INFO: [ app_init ] --START--
INFO: Run Behavior\BuildLiteBehavior [ RunTime:0.000017s ]
INFO: [ app_init ] --END-- [ RunTime:0.000575s ]
INFO: [ app_begin ] --START--
INFO: Run Behavior\ReadHtmlCacheBehavior [ RunTime:0.000910s ]
INFO: [ app_begin ] --END-- [ RunTime:0.000987s ]
SQL: SHOW COLUMNS FROM `wb_category` [ RunTime:0.0031s ]
SQL: SELECT `name` FROM `wb_category` WHERE `parent_id` = 1  [ RunTime:0.0004s ]
INFO: [ app_end ] --START--
INFO: Run Behavior\ShowPageTraceBehavior [ RunTime:0.000694s ]
INFO: [ app_end ] --END-- [ RunTime:0.000745s ]

[ 2017-03-27T17:19:31+08:00 ] 127.0.0.1 /index.php/Api/homepage/category_left
INFO: [ app_init ] --START--
INFO: Run Behavior\BuildLiteBehavior [ RunTime:0.000014s ]
INFO: [ app_init ] --END-- [ RunTime:0.000508s ]
INFO: [ app_begin ] --START--
INFO: Run Behavior\ReadHtmlCacheBehavior [ RunTime:0.000716s ]
INFO: [ app_begin ] --END-- [ RunTime:0.000777s ]
SQL: SHOW COLUMNS FROM `wb_category` [ RunTime:0.0036s ]
SQL: SELECT `name` FROM `wb_category` WHERE `parent_id` = 1  [ RunTime:0.0004s ]
INFO: [ app_end ] --START--
INFO: Run Behavior\ShowPageTraceBehavior [ RunTime:0.001056s ]
INFO: [ app_end ] --END-- [ RunTime:0.001149s ]

[ 2017-03-27T17:19:45+08:00 ] 127.0.0.1 /index.php/Api/homepage/category_left
INFO: [ app_init ] --START--
INFO: Run Behavior\BuildLiteBehavior [ RunTime:0.000013s ]
INFO: [ app_init ] --END-- [ RunTime:0.000420s ]
INFO: [ app_begin ] --START--
INFO: Run Behavior\ReadHtmlCacheBehavior [ RunTime:0.000624s ]
INFO: [ app_begin ] --END-- [ RunTime:0.000686s ]
SQL: SHOW COLUMNS FROM `wb_category` [ RunTime:0.0032s ]
SQL: SELECT `name` FROM `wb_category` WHERE `parent_id` = 1  [ RunTime:0.0004s ]
INFO: [ app_end ] --START--
INFO: Run Behavior\ShowPageTraceBehavior [ RunTime:0.000976s ]
INFO: [ app_end ] --END-- [ RunTime:0.001049s ]

[ 2017-03-27T17:20:36+08:00 ] 127.0.0.1 /index.php/Api/homepage/category_left
INFO: [ app_init ] --START--
INFO: Run Behavior\BuildLiteBehavior [ RunTime:0.000014s ]
INFO: [ app_init ] --END-- [ RunTime:0.000466s ]
INFO: [ app_begin ] --START--
INFO: Run Behavior\ReadHtmlCacheBehavior [ RunTime:0.000755s ]
INFO: [ app_begin ] --END-- [ RunTime:0.000812s ]
SQL: SHOW COLUMNS FROM `wb_category` [ RunTime:0.0141s ]
SQL: SELECT `name` FROM `wb_category` WHERE `parent_id` = 1  [ RunTime:0.0003s ]
INFO: [ app_end ] --START--
INFO: Run Behavior\ShowPageTraceBehavior [ RunTime:0.000794s ]
INFO: [ app_end ] --END-- [ RunTime:0.000851s ]

[ 2017-03-27T17:22:20+08:00 ] 127.0.0.1 /index.php/Api/homepage/category_right
INFO: [ app_init ] --START--
INFO: Run Behavior\BuildLiteBehavior [ RunTime:0.000014s ]
INFO: [ app_init ] --END-- [ RunTime:0.000451s ]
INFO: [ app_begin ] --START--
INFO: Run Behavior\ReadHtmlCacheBehavior [ RunTime:0.000768s ]
INFO: [ app_begin ] --END-- [ RunTime:0.000833s ]
SQL: SHOW COLUMNS FROM `wb_category` [ RunTime:0.0029s ]
SQL: SELECT `name` FROM `wb_category` WHERE `parent_id` = 1  [ RunTime:0.0003s ]
INFO: [ app_end ] --START--
INFO: Run Behavior\ShowPageTraceBehavior [ RunTime:0.000862s ]
INFO: [ app_end ] --END-- [ RunTime:0.000934s ]

[ 2017-03-27T17:22:30+08:00 ] 127.0.0.1 /index.php/Api/homepage/category_right
INFO: [ app_init ] --START--
INFO: Run Behavior\BuildLiteBehavior [ RunTime:0.000023s ]
INFO: [ app_init ] --END-- [ RunTime:0.000871s ]
INFO: [ app_begin ] --START--
INFO: Run Behavior\ReadHtmlCacheBehavior [ RunTime:0.001300s ]
INFO: [ app_begin ] --END-- [ RunTime:0.001410s ]
SQL: SHOW COLUMNS FROM `wb_category` [ RunTime:0.0037s ]
SQL: SELECT `name` FROM `wb_category` WHERE `parent_id` = 1  [ RunTime:0.0008s ]
INFO: [ app_end ] --START--
INFO: Run Behavior\ShowPageTraceBehavior [ RunTime:0.000851s ]
INFO: [ app_end ] --END-- [ RunTime:0.000907s ]

[ 2017-03-27T17:22:32+08:00 ] 127.0.0.1 /index.php/Api/homepage/category_right
INFO: [ app_init ] --START--
INFO: Run Behavior\BuildLiteBehavior [ RunTime:0.000018s ]
INFO: [ app_init ] --END-- [ RunTime:0.000481s ]
INFO: [ app_begin ] --START--
INFO: Run Behavior\ReadHtmlCacheBehavior [ RunTime:0.000543s ]
INFO: [ app_begin ] --END-- [ RunTime:0.000603s ]
SQL: SHOW COLUMNS FROM `wb_category` [ RunTime:0.0033s ]
SQL: SELECT `name` FROM `wb_category` WHERE `parent_id` = 1  [ RunTime:0.0003s ]
INFO: [ app_end ] --START--
INFO: Run Behavior\ShowPageTraceBehavior [ RunTime:0.000681s ]
INFO: [ app_end ] --END-- [ RunTime:0.000736s ]

[ 2017-03-27T17:22:32+08:00 ] 127.0.0.1 /index.php/Api/homepage/category_right
INFO: [ app_init ] --START--
INFO: Run Behavior\BuildLiteBehavior [ RunTime:0.000016s ]
INFO: [ app_init ] --END-- [ RunTime:0.000421s ]
INFO: [ app_begin ] --START--
INFO: Run Behavior\ReadHtmlCacheBehavior [ RunTime:0.000519s ]
INFO: [ app_begin ] --END-- [ RunTime:0.000581s ]
SQL: SHOW COLUMNS FROM `wb_category` [ RunTime:0.0031s ]
SQL: SELECT `name` FROM `wb_category` WHERE `parent_id` = 1  [ RunTime:0.0004s ]
INFO: [ app_end ] --START--
INFO: Run Behavior\ShowPageTraceBehavior [ RunTime:0.000667s ]
INFO: [ app_end ] --END-- [ RunTime:0.000725s ]

[ 2017-03-27T17:22:40+08:00 ] 127.0.0.1 /index.php/Api/homepage/category_right
INFO: [ app_init ] --START--
INFO: Run Behavior\BuildLiteBehavior [ RunTime:0.000014s ]
INFO: [ app_init ] --END-- [ RunTime:0.000374s ]
INFO: [ app_begin ] --START--
INFO: Run Behavior\ReadHtmlCacheBehavior [ RunTime:0.000479s ]
INFO: [ app_begin ] --END-- [ RunTime:0.000534s ]
SQL: SHOW COLUMNS FROM `wb_category` [ RunTime:0.0036s ]
SQL: SELECT `name` FROM `wb_category` WHERE `parent_id` = 2  [ RunTime:0.0004s ]
INFO: [ app_end ] --START--
INFO: Run Behavior\ShowPageTraceBehavior [ RunTime:0.000801s ]
INFO: [ app_end ] --END-- [ RunTime:0.000859s ]

[ 2017-03-27T17:26:53+08:00 ] 127.0.0.1 /index.php/Api/homepage/category_right
INFO: [ app_init ] --START--
INFO: Run Behavior\BuildLiteBehavior [ RunTime:0.000013s ]
INFO: [ app_init ] --END-- [ RunTime:0.000413s ]
INFO: [ app_begin ] --START--
INFO: Run Behavior\ReadHtmlCacheBehavior [ RunTime:0.000588s ]
INFO: [ app_begin ] --END-- [ RunTime:0.000636s ]
SQL: SHOW COLUMNS FROM `wb_category` [ RunTime:0.0031s ]
SQL: SELECT * FROM `wb_category` WHERE `parent_id` = 2  [ RunTime:0.0004s ]
INFO: [ app_end ] --START--
INFO: Run Behavior\ShowPageTraceBehavior [ RunTime:0.000761s ]
INFO: [ app_end ] --END-- [ RunTime:0.000811s ]

[ 2017-03-27T17:26:54+08:00 ] 127.0.0.1 /index.php/Api/homepage/category_right
INFO: [ app_init ] --START--
INFO: Run Behavior\BuildLiteBehavior [ RunTime:0.000013s ]
INFO: [ app_init ] --END-- [ RunTime:0.000367s ]
INFO: [ app_begin ] --START--
INFO: Run Behavior\ReadHtmlCacheBehavior [ RunTime:0.000472s ]
INFO: [ app_begin ] --END-- [ RunTime:0.000526s ]
SQL: SHOW COLUMNS FROM `wb_category` [ RunTime:0.0043s ]
SQL: SELECT * FROM `wb_category` WHERE `parent_id` = 2  [ RunTime:0.0003s ]
INFO: [ app_end ] --START--
INFO: Run Behavior\ShowPageTraceBehavior [ RunTime:0.000622s ]
INFO: [ app_end ] --END-- [ RunTime:0.000673s ]

[ 2017-03-27T17:26:55+08:00 ] 127.0.0.1 /index.php/Api/homepage/category_right
INFO: [ app_init ] --START--
INFO: Run Behavior\BuildLiteBehavior [ RunTime:0.000052s ]
INFO: [ app_init ] --END-- [ RunTime:0.000619s ]
INFO: [ app_begin ] --START--
INFO: Run Behavior\ReadHtmlCacheBehavior [ RunTime:0.000447s ]
INFO: [ app_begin ] --END-- [ RunTime:0.000498s ]
SQL: SHOW COLUMNS FROM `wb_category` [ RunTime:0.0027s ]
SQL: SELECT * FROM `wb_category` WHERE `parent_id` = 2  [ RunTime:0.0003s ]
INFO: [ app_end ] --START--
INFO: Run Behavior\ShowPageTraceBehavior [ RunTime:0.000742s ]
INFO: [ app_end ] --END-- [ RunTime:0.000794s ]

[ 2017-03-27T17:26:55+08:00 ] 127.0.0.1 /index.php/Api/homepage/category_right
INFO: [ app_init ] --START--
INFO: Run Behavior\BuildLiteBehavior [ RunTime:0.000020s ]
INFO: [ app_init ] --END-- [ RunTime:0.000459s ]
INFO: [ app_begin ] --START--
INFO: Run Behavior\ReadHtmlCacheBehavior [ RunTime:0.000655s ]
INFO: [ app_begin ] --END-- [ RunTime:0.000733s ]
SQL: SHOW COLUMNS FROM `wb_category` [ RunTime:0.0026s ]
SQL: SELECT * FROM `wb_category` WHERE `parent_id` = 2  [ RunTime:0.0005s ]
INFO: [ app_end ] --START--
INFO: Run Behavior\ShowPageTraceBehavior [ RunTime:0.000864s ]
INFO: [ app_end ] --END-- [ RunTime:0.000924s ]

[ 2017-03-27T17:26:55+08:00 ] 127.0.0.1 /index.php/Api/homepage/category_right
INFO: [ app_init ] --START--
INFO: Run Behavior\BuildLiteBehavior [ RunTime:0.000012s ]
INFO: [ app_init ] --END-- [ RunTime:0.000306s ]
INFO: [ app_begin ] --START--
INFO: Run Behavior\ReadHtmlCacheBehavior [ RunTime:0.000419s ]
INFO: [ app_begin ] --END-- [ RunTime:0.000463s ]
SQL: SHOW COLUMNS FROM `wb_category` [ RunTime:0.0028s ]
SQL: SELECT * FROM `wb_category` WHERE `parent_id` = 2  [ RunTime:0.0003s ]
INFO: [ app_end ] --START--
INFO: Run Behavior\ShowPageTraceBehavior [ RunTime:0.000539s ]
INFO: [ app_end ] --END-- [ RunTime:0.000587s ]

[ 2017-03-27T17:26:56+08:00 ] 127.0.0.1 /index.php/Api/homepage/category_right
INFO: [ app_init ] --START--
INFO: Run Behavior\BuildLiteBehavior [ RunTime:0.000014s ]
INFO: [ app_init ] --END-- [ RunTime:0.000380s ]
INFO: [ app_begin ] --START--
INFO: Run Behavior\ReadHtmlCacheBehavior [ RunTime:0.000473s ]
INFO: [ app_begin ] --END-- [ RunTime:0.000536s ]
SQL: SHOW COLUMNS FROM `wb_category` [ RunTime:0.0040s ]
SQL: SELECT * FROM `wb_category` WHERE `parent_id` = 2  [ RunTime:0.0003s ]
INFO: [ app_end ] --START--
INFO: Run Behavior\ShowPageTraceBehavior [ RunTime:0.000614s ]
INFO: [ app_end ] --END-- [ RunTime:0.000668s ]

[ 2017-03-27T17:27:53+08:00 ] 127.0.0.1 /index.php/Api/homepage/category_right
INFO: [ app_init ] --START--
INFO: Run Behavior\BuildLiteBehavior [ RunTime:0.000014s ]
INFO: [ app_init ] --END-- [ RunTime:0.000455s ]
INFO: [ app_begin ] --START--
INFO: Run Behavior\ReadHtmlCacheBehavior [ RunTime:0.000828s ]
INFO: [ app_begin ] --END-- [ RunTime:0.000890s ]

[ 2017-03-27T17:28:14+08:00 ] 127.0.0.1 /index.php/Api/homepage/category_right
INFO: [ app_init ] --START--
INFO: Run Behavior\BuildLiteBehavior [ RunTime:0.000012s ]
INFO: [ app_init ] --END-- [ RunTime:0.000346s ]
INFO: [ app_begin ] --START--
INFO: Run Behavior\ReadHtmlCacheBehavior [ RunTime:0.000449s ]
INFO: [ app_begin ] --END-- [ RunTime:0.000495s ]

[ 2017-03-27T17:28:34+08:00 ] 127.0.0.1 /index.php/Api/homepage/category_right
INFO: [ app_init ] --START--
INFO: Run Behavior\BuildLiteBehavior [ RunTime:0.000107s ]
INFO: [ app_init ] --END-- [ RunTime:0.001674s ]
INFO: [ app_begin ] --START--
INFO: Run Behavior\ReadHtmlCacheBehavior [ RunTime:0.000450s ]
INFO: [ app_begin ] --END-- [ RunTime:0.000506s ]
SQL: SHOW COLUMNS FROM `wb_category` [ RunTime:0.0033s ]
SQL: SELECT * FROM `wb_category` WHERE `parent_id` = 2  [ RunTime:0.0004s ]
SQL: SELECT * FROM `wb_category` WHERE `parent_id` = 13  [ RunTime:0.0003s ]
SQL: SELECT * FROM `wb_category` WHERE `parent_id` = 14  [ RunTime:0.0003s ]
SQL: SELECT * FROM `wb_category` WHERE `parent_id` = 15  [ RunTime:0.0003s ]
SQL: SELECT * FROM `wb_category` WHERE `parent_id` = 16  [ RunTime:0.0003s ]
INFO: [ app_end ] --START--
INFO: Run Behavior\ShowPageTraceBehavior [ RunTime:0.000732s ]
INFO: [ app_end ] --END-- [ RunTime:0.000781s ]

[ 2017-03-27T17:28:35+08:00 ] 127.0.0.1 /index.php/Api/homepage/category_right
INFO: [ app_init ] --START--
INFO: Run Behavior\BuildLiteBehavior [ RunTime:0.000032s ]
INFO: [ app_init ] --END-- [ RunTime:0.000596s ]
INFO: [ app_begin ] --START--
INFO: Run Behavior\ReadHtmlCacheBehavior [ RunTime:0.000709s ]
INFO: [ app_begin ] --END-- [ RunTime:0.000792s ]
SQL: SHOW COLUMNS FROM `wb_category` [ RunTime:0.0034s ]
SQL: SELECT * FROM `wb_category` WHERE `parent_id` = 2  [ RunTime:0.0003s ]
SQL: SELECT * FROM `wb_category` WHERE `parent_id` = 13  [ RunTime:0.0002s ]
SQL: SELECT * FROM `wb_category` WHERE `parent_id` = 14  [ RunTime:0.0005s ]
SQL: SELECT * FROM `wb_category` WHERE `parent_id` = 15  [ RunTime:0.0004s ]
SQL: SELECT * FROM `wb_category` WHERE `parent_id` = 16  [ RunTime:0.0005s ]
INFO: [ app_end ] --START--
INFO: Run Behavior\ShowPageTraceBehavior [ RunTime:0.000955s ]
INFO: [ app_end ] --END-- [ RunTime:0.001061s ]

[ 2017-03-27T17:30:21+08:00 ] 127.0.0.1 /index.php/Api/homepage/category_right
INFO: [ app_init ] --START--
INFO: Run Behavior\BuildLiteBehavior [ RunTime:0.000018s ]
INFO: [ app_init ] --END-- [ RunTime:0.000591s ]
INFO: [ app_begin ] --START--
INFO: Run Behavior\ReadHtmlCacheBehavior [ RunTime:0.001024s ]
INFO: [ app_begin ] --END-- [ RunTime:0.001109s ]
SQL: SHOW COLUMNS FROM `wb_category` [ RunTime:0.0041s ]
SQL: SELECT * FROM `wb_category` WHERE `parent_id` = 2  [ RunTime:0.0004s ]
SQL: SELECT * FROM `wb_category` WHERE `parent_id` = 13  [ RunTime:0.0003s ]
SQL: SELECT * FROM `wb_category` WHERE `parent_id` = 14  [ RunTime:0.0003s ]
SQL: SELECT * FROM `wb_category` WHERE `parent_id` = 15  [ RunTime:0.0004s ]
SQL: SELECT * FROM `wb_category` WHERE `parent_id` = 16  [ RunTime:0.0003s ]
INFO: [ app_end ] --START--
INFO: Run Behavior\ShowPageTraceBehavior [ RunTime:0.000621s ]
INFO: [ app_end ] --END-- [ RunTime:0.000672s ]

[ 2017-03-27T17:31:22+08:00 ] 127.0.0.1 /index.php/Api/homepage/category_right
INFO: [ app_init ] --START--
INFO: Run Behavior\BuildLiteBehavior [ RunTime:0.000020s ]
INFO: [ app_init ] --END-- [ RunTime:0.000775s ]
INFO: [ app_begin ] --START--
INFO: Run Behavior\ReadHtmlCacheBehavior [ RunTime:0.000600s ]
INFO: [ app_begin ] --END-- [ RunTime:0.000648s ]
SQL: SHOW COLUMNS FROM `wb_category` [ RunTime:0.0036s ]
SQL: SELECT * FROM `wb_category` WHERE `parent_id` = 2  [ RunTime:0.0005s ]
SQL: SELECT * FROM `wb_category` WHERE `parent_id` = 13  [ RunTime:0.0003s ]
SQL: SELECT * FROM `wb_category` WHERE `parent_id` = 14  [ RunTime:0.0004s ]
SQL: SELECT * FROM `wb_category` WHERE `parent_id` = 15  [ RunTime:0.0004s ]
SQL: SELECT * FROM `wb_category` WHERE `parent_id` = 16  [ RunTime:0.0003s ]
INFO: [ app_end ] --START--
INFO: Run Behavior\ShowPageTraceBehavior [ RunTime:0.001246s ]
INFO: [ app_end ] --END-- [ RunTime:0.001345s ]

[ 2017-03-27T17:32:45+08:00 ] 127.0.0.1 /index.php/Api/homepage/category_right
INFO: [ app_init ] --START--
INFO: Run Behavior\BuildLiteBehavior [ RunTime:0.000024s ]
INFO: [ app_init ] --END-- [ RunTime:0.000675s ]
INFO: [ app_begin ] --START--
INFO: Run Behavior\ReadHtmlCacheBehavior [ RunTime:0.000882s ]
INFO: [ app_begin ] --END-- [ RunTime:0.000984s ]
SQL: SHOW COLUMNS FROM `wb_category` [ RunTime:0.0044s ]
SQL: SELECT * FROM `wb_category` WHERE `parent_id` = 2  [ RunTime:0.0004s ]
SQL: SELECT * FROM `wb_category` WHERE `parent_id` = 13  [ RunTime:0.0003s ]
SQL: SELECT * FROM `wb_category` WHERE `parent_id` = 14  [ RunTime:0.0004s ]
SQL: SELECT * FROM `wb_category` WHERE `parent_id` = 15  [ RunTime:0.0004s ]
SQL: SELECT * FROM `wb_category` WHERE `parent_id` = 16  [ RunTime:0.0003s ]
INFO: [ app_end ] --START--
INFO: Run Behavior\ShowPageTraceBehavior [ RunTime:0.000953s ]
INFO: [ app_end ] --END-- [ RunTime:0.001052s ]

[ 2017-03-27T19:56:37+08:00 ] 127.0.0.1 /index.php/Api/userpage/category
INFO: [ app_init ] --START--
INFO: Run Behavior\BuildLiteBehavior [ RunTime:0.000021s ]
INFO: [ app_init ] --END-- [ RunTime:0.000412s ]
INFO: [ app_begin ] --START--
INFO: Run Behavior\ReadHtmlCacheBehavior [ RunTime:0.000639s ]
INFO: [ app_begin ] --END-- [ RunTime:0.000703s ]
SQL: SHOW COLUMNS FROM `wb_category` [ RunTime:0.0028s ]
SQL: SELECT * FROM `wb_category` WHERE `parent_id` = 63  [ RunTime:0.0004s ]
INFO: [ app_end ] --START--
INFO: Run Behavior\ShowPageTraceBehavior [ RunTime:0.000806s ]
INFO: [ app_end ] --END-- [ RunTime:0.000862s ]

[ 2017-03-27T19:57:04+08:00 ] 127.0.0.1 /index.php/Api/userpage/category
INFO: [ app_init ] --START--
INFO: Run Behavior\BuildLiteBehavior [ RunTime:0.000014s ]
INFO: [ app_init ] --END-- [ RunTime:0.000464s ]
INFO: [ app_begin ] --START--
INFO: Run Behavior\ReadHtmlCacheBehavior [ RunTime:0.000704s ]
INFO: [ app_begin ] --END-- [ RunTime:0.000765s ]
SQL: SHOW COLUMNS FROM `wb_category` [ RunTime:0.0044s ]
SQL: SELECT * FROM `wb_category` WHERE `parent_id` = 63  [ RunTime:0.0004s ]
INFO: [ app_end ] --START--
INFO: Run Behavior\ShowPageTraceBehavior [ RunTime:0.001002s ]
INFO: [ app_end ] --END-- [ RunTime:0.001066s ]

[ 2017-03-27T20:13:05+08:00 ] 127.0.0.1 /index.php/Api/userpage/category
INFO: [ app_init ] --START--
INFO: Run Behavior\BuildLiteBehavior [ RunTime:0.000042s ]
INFO: [ app_init ] --END-- [ RunTime:0.001341s ]
INFO: [ app_begin ] --START--
INFO: Run Behavior\ReadHtmlCacheBehavior [ RunTime:0.001405s ]
INFO: [ app_begin ] --END-- [ RunTime:0.001572s ]
SQL: SHOW COLUMNS FROM `wb_category` [ RunTime:0.1023s ]
SQL: SELECT * FROM `wb_category` WHERE `parent_id` = 63  [ RunTime:0.0007s ]
INFO: [ app_end ] --START--
INFO: Run Behavior\ShowPageTraceBehavior [ RunTime:0.001115s ]
INFO: [ app_end ] --END-- [ RunTime:0.001190s ]

[ 2017-03-27T20:13:06+08:00 ] 127.0.0.1 /index.php/Api/homepage/category_right
INFO: [ app_init ] --START--
INFO: Run Behavior\BuildLiteBehavior [ RunTime:0.000023s ]
INFO: [ app_init ] --END-- [ RunTime:0.000499s ]
INFO: [ app_begin ] --START--
INFO: Run Behavior\ReadHtmlCacheBehavior [ RunTime:0.001091s ]
INFO: [ app_begin ] --END-- [ RunTime:0.001200s ]
SQL: SHOW COLUMNS FROM `wb_category` [ RunTime:0.0043s ]
SQL: SELECT * FROM `wb_category` WHERE `parent_id` = 2  [ RunTime:0.0005s ]
SQL: SELECT * FROM `wb_category` WHERE `parent_id` = 13  [ RunTime:0.0006s ]
SQL: SELECT * FROM `wb_category` WHERE `parent_id` = 14  [ RunTime:0.0006s ]
SQL: SELECT * FROM `wb_category` WHERE `parent_id` = 15  [ RunTime:0.0006s ]
SQL: SELECT * FROM `wb_category` WHERE `parent_id` = 16  [ RunTime:0.0005s ]
INFO: [ app_end ] --START--
INFO: Run Behavior\ShowPageTraceBehavior [ RunTime:0.001197s ]
INFO: [ app_end ] --END-- [ RunTime:0.001309s ]

[ 2017-03-27T22:07:32+08:00 ] 127.0.0.1 /index.php/Api/homepage/category_left
INFO: [ app_init ] --START--
INFO: Run Behavior\BuildLiteBehavior [ RunTime:0.000023s ]
INFO: [ app_init ] --END-- [ RunTime:0.061752s ]
INFO: [ app_begin ] --START--
INFO: Run Behavior\ReadHtmlCacheBehavior [ RunTime:0.001479s ]
INFO: [ app_begin ] --END-- [ RunTime:0.001578s ]
SQL: SHOW COLUMNS FROM `wb_category` [ RunTime:0.0846s ]
SQL: SELECT `name` FROM `wb_category` WHERE `parent_id` = 1  [ RunTime:0.0005s ]
INFO: [ app_end ] --START--
INFO: Run Behavior\ShowPageTraceBehavior [ RunTime:0.015488s ]
INFO: [ app_end ] --END-- [ RunTime:0.015561s ]

[ 2017-03-27T22:07:42+08:00 ] 127.0.0.1 /index.php/Api/homepage/category_left
INFO: [ app_init ] --START--
INFO: Run Behavior\BuildLiteBehavior [ RunTime:0.000012s ]
INFO: [ app_init ] --END-- [ RunTime:0.000441s ]
INFO: [ app_begin ] --START--
INFO: Run Behavior\ReadHtmlCacheBehavior [ RunTime:0.002040s ]
INFO: [ app_begin ] --END-- [ RunTime:0.002197s ]
SQL: SHOW COLUMNS FROM `wb_category` [ RunTime:0.0031s ]
SQL: SELECT `name` FROM `wb_category` WHERE `parent_id` = 1  [ RunTime:0.0004s ]
INFO: [ app_end ] --START--
INFO: Run Behavior\ShowPageTraceBehavior [ RunTime:0.000976s ]
INFO: [ app_end ] --END-- [ RunTime:0.001044s ]

[ 2017-03-27T22:07:44+08:00 ] 127.0.0.1 /index.php/Api/homepage/category_left
INFO: [ app_init ] --START--
INFO: Run Behavior\BuildLiteBehavior [ RunTime:0.000014s ]
INFO: [ app_init ] --END-- [ RunTime:0.000393s ]
INFO: [ app_begin ] --START--
INFO: Run Behavior\ReadHtmlCacheBehavior [ RunTime:0.000767s ]
INFO: [ app_begin ] --END-- [ RunTime:0.000856s ]
SQL: SHOW COLUMNS FROM `wb_category` [ RunTime:0.0031s ]
SQL: SELECT `name` FROM `wb_category` WHERE `parent_id` = 1  [ RunTime:0.0004s ]
INFO: [ app_end ] --START--
INFO: Run Behavior\ShowPageTraceBehavior [ RunTime:0.000885s ]
INFO: [ app_end ] --END-- [ RunTime:0.000993s ]

