[ 2017-03-26T22:45:03+08:00 ] 127.0.0.1 /index.php/admin/category/index
INFO: [ app_init ] --START--
INFO: Run Behavior\BuildLiteBehavior [ RunTime:0.000035s ]
INFO: [ app_init ] --END-- [ RunTime:0.074022s ]
INFO: [ app_begin ] --START--
INFO: Run Behavior\ReadHtmlCacheBehavior [ RunTime:0.022204s ]
INFO: [ app_begin ] --END-- [ RunTime:0.022279s ]
SQL: SHOW COLUMNS FROM `wb_category` [ RunTime:0.1224s ]
SQL: SELECT * FROM `wb_category`  [ RunTime:0.0768s ]
INFO: [ view_parse ] --START--
INFO: [ template_filter ] --START--
INFO: Run Behavior\ContentReplaceBehavior [ RunTime:0.065654s ]
INFO: [ template_filter ] --END-- [ RunTime:0.065762s ]
NOTIC: [8] Use of undefined constant id - assumed 'id' F:\XAMPP\htdocs\sina\Application\Runtime\Cache\Admin\9bfef0f9f473c596f668b6c9a32bfd5c.php 第 21 行.
NOTIC: [8] Use of undefined constant id - assumed 'id' F:\XAMPP\htdocs\sina\Application\Runtime\Cache\Admin\9bfef0f9f473c596f668b6c9a32bfd5c.php 第 22 行.
NOTIC: [8] Use of undefined constant id - assumed 'id' F:\XAMPP\htdocs\sina\Application\Runtime\Cache\Admin\9bfef0f9f473c596f668b6c9a32bfd5c.php 第 21 行.
NOTIC: [8] Use of undefined constant id - assumed 'id' F:\XAMPP\htdocs\sina\Application\Runtime\Cache\Admin\9bfef0f9f473c596f668b6c9a32bfd5c.php 第 22 行.
NOTIC: [8] Use of undefined constant id - assumed 'id' F:\XAMPP\htdocs\sina\Application\Runtime\Cache\Admin\9bfef0f9f473c596f668b6c9a32bfd5c.php 第 21 行.
NOTIC: [8] Use of undefined constant id - assumed 'id' F:\XAMPP\htdocs\sina\Application\Runtime\Cache\Admin\9bfef0f9f473c596f668b6c9a32bfd5c.php 第 22 行.
NOTIC: [8] Use of undefined constant id - assumed 'id' F:\XAMPP\htdocs\sina\Application\Runtime\Cache\Admin\9bfef0f9f473c596f668b6c9a32bfd5c.php 第 21 行.
NOTIC: [8] Use of undefined constant id - assumed 'id' F:\XAMPP\htdocs\sina\Application\Runtime\Cache\Admin\9bfef0f9f473c596f668b6c9a32bfd5c.php 第 22 行.
NOTIC: [8] Use of undefined constant id - assumed 'id' F:\XAMPP\htdocs\sina\Application\Runtime\Cache\Admin\9bfef0f9f473c596f668b6c9a32bfd5c.php 第 21 行.
NOTIC: [8] Use of undefined constant id - assumed 'id' F:\XAMPP\htdocs\sina\Application\Runtime\Cache\Admin\9bfef0f9f473c596f668b6c9a32bfd5c.php 第 22 行.
NOTIC: [8] Use of undefined constant id - assumed 'id' F:\XAMPP\htdocs\sina\Application\Runtime\Cache\Admin\9bfef0f9f473c596f668b6c9a32bfd5c.php 第 21 行.
NOTIC: [8] Use of undefined constant id - assumed 'id' F:\XAMPP\htdocs\sina\Application\Runtime\Cache\Admin\9bfef0f9f473c596f668b6c9a32bfd5c.php 第 22 行.
NOTIC: [8] Use of undefined constant id - assumed 'id' F:\XAMPP\htdocs\sina\Application\Runtime\Cache\Admin\9bfef0f9f473c596f668b6c9a32bfd5c.php 第 21 行.
NOTIC: [8] Use of undefined constant id - assumed 'id' F:\XAMPP\htdocs\sina\Application\Runtime\Cache\Admin\9bfef0f9f473c596f668b6c9a32bfd5c.php 第 22 行.
NOTIC: [8] Use of undefined constant id - assumed 'id' F:\XAMPP\htdocs\sina\Application\Runtime\Cache\Admin\9bfef0f9f473c596f668b6c9a32bfd5c.php 第 21 行.
NOTIC: [8] Use of undefined constant id - assumed 'id' F:\XAMPP\htdocs\sina\Application\Runtime\Cache\Admin\9bfef0f9f473c596f668b6c9a32bfd5c.php 第 22 行.
NOTIC: [8] Use of undefined constant id - assumed 'id' F:\XAMPP\htdocs\sina\Application\Runtime\Cache\Admin\9bfef0f9f473c596f668b6c9a32bfd5c.php 第 21 行.
NOTIC: [8] Use of undefined constant id - assumed 'id' F:\XAMPP\htdocs\sina\Application\Runtime\Cache\Admin\9bfef0f9f473c596f668b6c9a32bfd5c.php 第 22 行.
NOTIC: [8] Use of undefined constant id - assumed 'id' F:\XAMPP\htdocs\sina\Application\Runtime\Cache\Admin\9bfef0f9f473c596f668b6c9a32bfd5c.php 第 21 行.
NOTIC: [8] Use of undefined constant id - assumed 'id' F:\XAMPP\htdocs\sina\Application\Runtime\Cache\Admin\9bfef0f9f473c596f668b6c9a32bfd5c.php 第 22 行.
NOTIC: [8] Use of undefined constant id - assumed 'id' F:\XAMPP\htdocs\sina\Application\Runtime\Cache\Admin\9bfef0f9f473c596f668b6c9a32bfd5c.php 第 21 行.
NOTIC: [8] Use of undefined constant id - assumed 'id' F:\XAMPP\htdocs\sina\Application\Runtime\Cache\Admin\9bfef0f9f473c596f668b6c9a32bfd5c.php 第 22 行.
NOTIC: [8] Use of undefined constant id - assumed 'id' F:\XAMPP\htdocs\sina\Application\Runtime\Cache\Admin\9bfef0f9f473c596f668b6c9a32bfd5c.php 第 21 行.
NOTIC: [8] Use of undefined constant id - assumed 'id' F:\XAMPP\htdocs\sina\Application\Runtime\Cache\Admin\9bfef0f9f473c596f668b6c9a32bfd5c.php 第 22 行.
NOTIC: [8] Use of undefined constant id - assumed 'id' F:\XAMPP\htdocs\sina\Application\Runtime\Cache\Admin\9bfef0f9f473c596f668b6c9a32bfd5c.php 第 21 行.
NOTIC: [8] Use of undefined constant id - assumed 'id' F:\XAMPP\htdocs\sina\Application\Runtime\Cache\Admin\9bfef0f9f473c596f668b6c9a32bfd5c.php 第 22 行.
NOTIC: [8] Use of undefined constant id - assumed 'id' F:\XAMPP\htdocs\sina\Application\Runtime\Cache\Admin\9bfef0f9f473c596f668b6c9a32bfd5c.php 第 21 行.
NOTIC: [8] Use of undefined constant id - assumed 'id' F:\XAMPP\htdocs\sina\Application\Runtime\Cache\Admin\9bfef0f9f473c596f668b6c9a32bfd5c.php 第 22 行.
NOTIC: [8] Use of undefined constant id - assumed 'id' F:\XAMPP\htdocs\sina\Application\Runtime\Cache\Admin\9bfef0f9f473c596f668b6c9a32bfd5c.php 第 21 行.
NOTIC: [8] Use of undefined constant id - assumed 'id' F:\XAMPP\htdocs\sina\Application\Runtime\Cache\Admin\9bfef0f9f473c596f668b6c9a32bfd5c.php 第 22 行.
NOTIC: [8] Use of undefined constant id - assumed 'id' F:\XAMPP\htdocs\sina\Application\Runtime\Cache\Admin\9bfef0f9f473c596f668b6c9a32bfd5c.php 第 21 行.
NOTIC: [8] Use of undefined constant id - assumed 'id' F:\XAMPP\htdocs\sina\Application\Runtime\Cache\Admin\9bfef0f9f473c596f668b6c9a32bfd5c.php 第 22 行.
NOTIC: [8] Use of undefined constant id - assumed 'id' F:\XAMPP\htdocs\sina\Application\Runtime\Cache\Admin\9bfef0f9f473c596f668b6c9a32bfd5c.php 第 21 行.
NOTIC: [8] Use of undefined constant id - assumed 'id' F:\XAMPP\htdocs\sina\Application\Runtime\Cache\Admin\9bfef0f9f473c596f668b6c9a32bfd5c.php 第 22 行.
NOTIC: [8] Use of undefined constant id - assumed 'id' F:\XAMPP\htdocs\sina\Application\Runtime\Cache\Admin\9bfef0f9f473c596f668b6c9a32bfd5c.php 第 21 行.
NOTIC: [8] Use of undefined constant id - assumed 'id' F:\XAMPP\htdocs\sina\Application\Runtime\Cache\Admin\9bfef0f9f473c596f668b6c9a32bfd5c.php 第 22 行.
NOTIC: [8] Use of undefined constant id - assumed 'id' F:\XAMPP\htdocs\sina\Application\Runtime\Cache\Admin\9bfef0f9f473c596f668b6c9a32bfd5c.php 第 21 行.
NOTIC: [8] Use of undefined constant id - assumed 'id' F:\XAMPP\htdocs\sina\Application\Runtime\Cache\Admin\9bfef0f9f473c596f668b6c9a32bfd5c.php 第 22 行.
NOTIC: [8] Use of undefined constant id - assumed 'id' F:\XAMPP\htdocs\sina\Application\Runtime\Cache\Admin\9bfef0f9f473c596f668b6c9a32bfd5c.php 第 21 行.
NOTIC: [8] Use of undefined constant id - assumed 'id' F:\XAMPP\htdocs\sina\Application\Runtime\Cache\Admin\9bfef0f9f473c596f668b6c9a32bfd5c.php 第 22 行.
NOTIC: [8] Use of undefined constant id - assumed 'id' F:\XAMPP\htdocs\sina\Application\Runtime\Cache\Admin\9bfef0f9f473c596f668b6c9a32bfd5c.php 第 21 行.
NOTIC: [8] Use of undefined constant id - assumed 'id' F:\XAMPP\htdocs\sina\Application\Runtime\Cache\Admin\9bfef0f9f473c596f668b6c9a32bfd5c.php 第 22 行.
NOTIC: [8] Use of undefined constant id - assumed 'id' F:\XAMPP\htdocs\sina\Application\Runtime\Cache\Admin\9bfef0f9f473c596f668b6c9a32bfd5c.php 第 21 行.
NOTIC: [8] Use of undefined constant id - assumed 'id' F:\XAMPP\htdocs\sina\Application\Runtime\Cache\Admin\9bfef0f9f473c596f668b6c9a32bfd5c.php 第 22 行.
NOTIC: [8] Use of undefined constant id - assumed 'id' F:\XAMPP\htdocs\sina\Application\Runtime\Cache\Admin\9bfef0f9f473c596f668b6c9a32bfd5c.php 第 21 行.
NOTIC: [8] Use of undefined constant id - assumed 'id' F:\XAMPP\htdocs\sina\Application\Runtime\Cache\Admin\9bfef0f9f473c596f668b6c9a32bfd5c.php 第 22 行.
NOTIC: [8] Use of undefined constant id - assumed 'id' F:\XAMPP\htdocs\sina\Application\Runtime\Cache\Admin\9bfef0f9f473c596f668b6c9a32bfd5c.php 第 21 行.
NOTIC: [8] Use of undefined constant id - assumed 'id' F:\XAMPP\htdocs\sina\Application\Runtime\Cache\Admin\9bfef0f9f473c596f668b6c9a32bfd5c.php 第 22 行.
NOTIC: [8] Use of undefined constant id - assumed 'id' F:\XAMPP\htdocs\sina\Application\Runtime\Cache\Admin\9bfef0f9f473c596f668b6c9a32bfd5c.php 第 21 行.
NOTIC: [8] Use of undefined constant id - assumed 'id' F:\XAMPP\htdocs\sina\Application\Runtime\Cache\Admin\9bfef0f9f473c596f668b6c9a32bfd5c.php 第 22 行.
NOTIC: [8] Use of undefined constant id - assumed 'id' F:\XAMPP\htdocs\sina\Application\Runtime\Cache\Admin\9bfef0f9f473c596f668b6c9a32bfd5c.php 第 21 行.
NOTIC: [8] Use of undefined constant id - assumed 'id' F:\XAMPP\htdocs\sina\Application\Runtime\Cache\Admin\9bfef0f9f473c596f668b6c9a32bfd5c.php 第 22 行.
NOTIC: [8] Use of undefined constant id - assumed 'id' F:\XAMPP\htdocs\sina\Application\Runtime\Cache\Admin\9bfef0f9f473c596f668b6c9a32bfd5c.php 第 21 行.
NOTIC: [8] Use of undefined constant id - assumed 'id' F:\XAMPP\htdocs\sina\Application\Runtime\Cache\Admin\9bfef0f9f473c596f668b6c9a32bfd5c.php 第 22 行.
NOTIC: [8] Use of undefined constant id - assumed 'id' F:\XAMPP\htdocs\sina\Application\Runtime\Cache\Admin\9bfef0f9f473c596f668b6c9a32bfd5c.php 第 21 行.
NOTIC: [8] Use of undefined constant id - assumed 'id' F:\XAMPP\htdocs\sina\Application\Runtime\Cache\Admin\9bfef0f9f473c596f668b6c9a32bfd5c.php 第 22 行.
NOTIC: [8] Use of undefined constant id - assumed 'id' F:\XAMPP\htdocs\sina\Application\Runtime\Cache\Admin\9bfef0f9f473c596f668b6c9a32bfd5c.php 第 21 行.
NOTIC: [8] Use of undefined constant id - assumed 'id' F:\XAMPP\htdocs\sina\Application\Runtime\Cache\Admin\9bfef0f9f473c596f668b6c9a32bfd5c.php 第 22 行.
NOTIC: [8] Use of undefined constant id - assumed 'id' F:\XAMPP\htdocs\sina\Application\Runtime\Cache\Admin\9bfef0f9f473c596f668b6c9a32bfd5c.php 第 21 行.
NOTIC: [8] Use of undefined constant id - assumed 'id' F:\XAMPP\htdocs\sina\Application\Runtime\Cache\Admin\9bfef0f9f473c596f668b6c9a32bfd5c.php 第 22 行.
NOTIC: [8] Use of undefined constant id - assumed 'id' F:\XAMPP\htdocs\sina\Application\Runtime\Cache\Admin\9bfef0f9f473c596f668b6c9a32bfd5c.php 第 21 行.
NOTIC: [8] Use of undefined constant id - assumed 'id' F:\XAMPP\htdocs\sina\Application\Runtime\Cache\Admin\9bfef0f9f473c596f668b6c9a32bfd5c.php 第 22 行.
NOTIC: [8] Use of undefined constant id - assumed 'id' F:\XAMPP\htdocs\sina\Application\Runtime\Cache\Admin\9bfef0f9f473c596f668b6c9a32bfd5c.php 第 21 行.
NOTIC: [8] Use of undefined constant id - assumed 'id' F:\XAMPP\htdocs\sina\Application\Runtime\Cache\Admin\9bfef0f9f473c596f668b6c9a32bfd5c.php 第 22 行.
NOTIC: [8] Use of undefined constant id - assumed 'id' F:\XAMPP\htdocs\sina\Application\Runtime\Cache\Admin\9bfef0f9f473c596f668b6c9a32bfd5c.php 第 21 行.
NOTIC: [8] Use of undefined constant id - assumed 'id' F:\XAMPP\htdocs\sina\Application\Runtime\Cache\Admin\9bfef0f9f473c596f668b6c9a32bfd5c.php 第 22 行.
NOTIC: [8] Use of undefined constant id - assumed 'id' F:\XAMPP\htdocs\sina\Application\Runtime\Cache\Admin\9bfef0f9f473c596f668b6c9a32bfd5c.php 第 21 行.
NOTIC: [8] Use of undefined constant id - assumed 'id' F:\XAMPP\htdocs\sina\Application\Runtime\Cache\Admin\9bfef0f9f473c596f668b6c9a32bfd5c.php 第 22 行.
NOTIC: [8] Use of undefined constant id - assumed 'id' F:\XAMPP\htdocs\sina\Application\Runtime\Cache\Admin\9bfef0f9f473c596f668b6c9a32bfd5c.php 第 21 行.
NOTIC: [8] Use of undefined constant id - assumed 'id' F:\XAMPP\htdocs\sina\Application\Runtime\Cache\Admin\9bfef0f9f473c596f668b6c9a32bfd5c.php 第 22 行.
NOTIC: [8] Use of undefined constant id - assumed 'id' F:\XAMPP\htdocs\sina\Application\Runtime\Cache\Admin\9bfef0f9f473c596f668b6c9a32bfd5c.php 第 21 行.
NOTIC: [8] Use of undefined constant id - assumed 'id' F:\XAMPP\htdocs\sina\Application\Runtime\Cache\Admin\9bfef0f9f473c596f668b6c9a32bfd5c.php 第 22 行.
NOTIC: [8] Use of undefined constant id - assumed 'id' F:\XAMPP\htdocs\sina\Application\Runtime\Cache\Admin\9bfef0f9f473c596f668b6c9a32bfd5c.php 第 21 行.
NOTIC: [8] Use of undefined constant id - assumed 'id' F:\XAMPP\htdocs\sina\Application\Runtime\Cache\Admin\9bfef0f9f473c596f668b6c9a32bfd5c.php 第 22 行.
NOTIC: [8] Use of undefined constant id - assumed 'id' F:\XAMPP\htdocs\sina\Application\Runtime\Cache\Admin\9bfef0f9f473c596f668b6c9a32bfd5c.php 第 21 行.
NOTIC: [8] Use of undefined constant id - assumed 'id' F:\XAMPP\htdocs\sina\Application\Runtime\Cache\Admin\9bfef0f9f473c596f668b6c9a32bfd5c.php 第 22 行.
NOTIC: [8] Use of undefined constant id - assumed 'id' F:\XAMPP\htdocs\sina\Application\Runtime\Cache\Admin\9bfef0f9f473c596f668b6c9a32bfd5c.php 第 21 行.
NOTIC: [8] Use of undefined constant id - assumed 'id' F:\XAMPP\htdocs\sina\Application\Runtime\Cache\Admin\9bfef0f9f473c596f668b6c9a32bfd5c.php 第 22 行.
NOTIC: [8] Use of undefined constant id - assumed 'id' F:\XAMPP\htdocs\sina\Application\Runtime\Cache\Admin\9bfef0f9f473c596f668b6c9a32bfd5c.php 第 21 行.
NOTIC: [8] Use of undefined constant id - assumed 'id' F:\XAMPP\htdocs\sina\Application\Runtime\Cache\Admin\9bfef0f9f473c596f668b6c9a32bfd5c.php 第 22 行.
NOTIC: [8] Use of undefined constant id - assumed 'id' F:\XAMPP\htdocs\sina\Application\Runtime\Cache\Admin\9bfef0f9f473c596f668b6c9a32bfd5c.php 第 21 行.
NOTIC: [8] Use of undefined constant id - assumed 'id' F:\XAMPP\htdocs\sina\Application\Runtime\Cache\Admin\9bfef0f9f473c596f668b6c9a32bfd5c.php 第 22 行.
NOTIC: [8] Use of undefined constant id - assumed 'id' F:\XAMPP\htdocs\sina\Application\Runtime\Cache\Admin\9bfef0f9f473c596f668b6c9a32bfd5c.php 第 21 行.
NOTIC: [8] Use of undefined constant id - assumed 'id' F:\XAMPP\htdocs\sina\Application\Runtime\Cache\Admin\9bfef0f9f473c596f668b6c9a32bfd5c.php 第 22 行.
NOTIC: [8] Use of undefined constant id - assumed 'id' F:\XAMPP\htdocs\sina\Application\Runtime\Cache\Admin\9bfef0f9f473c596f668b6c9a32bfd5c.php 第 21 行.
NOTIC: [8] Use of undefined constant id - assumed 'id' F:\XAMPP\htdocs\sina\Application\Runtime\Cache\Admin\9bfef0f9f473c596f668b6c9a32bfd5c.php 第 22 行.
NOTIC: [8] Use of undefined constant id - assumed 'id' F:\XAMPP\htdocs\sina\Application\Runtime\Cache\Admin\9bfef0f9f473c596f668b6c9a32bfd5c.php 第 21 行.
NOTIC: [8] Use of undefined constant id - assumed 'id' F:\XAMPP\htdocs\sina\Application\Runtime\Cache\Admin\9bfef0f9f473c596f668b6c9a32bfd5c.php 第 22 行.
NOTIC: [8] Use of undefined constant id - assumed 'id' F:\XAMPP\htdocs\sina\Application\Runtime\Cache\Admin\9bfef0f9f473c596f668b6c9a32bfd5c.php 第 21 行.
NOTIC: [8] Use of undefined constant id - assumed 'id' F:\XAMPP\htdocs\sina\Application\Runtime\Cache\Admin\9bfef0f9f473c596f668b6c9a32bfd5c.php 第 22 行.
NOTIC: [8] Use of undefined constant id - assumed 'id' F:\XAMPP\htdocs\sina\Application\Runtime\Cache\Admin\9bfef0f9f473c596f668b6c9a32bfd5c.php 第 21 行.
NOTIC: [8] Use of undefined constant id - assumed 'id' F:\XAMPP\htdocs\sina\Application\Runtime\Cache\Admin\9bfef0f9f473c596f668b6c9a32bfd5c.php 第 22 行.
NOTIC: [8] Use of undefined constant id - assumed 'id' F:\XAMPP\htdocs\sina\Application\Runtime\Cache\Admin\9bfef0f9f473c596f668b6c9a32bfd5c.php 第 21 行.
NOTIC: [8] Use of undefined constant id - assumed 'id' F:\XAMPP\htdocs\sina\Application\Runtime\Cache\Admin\9bfef0f9f473c596f668b6c9a32bfd5c.php 第 22 行.
NOTIC: [8] Use of undefined constant id - assumed 'id' F:\XAMPP\htdocs\sina\Application\Runtime\Cache\Admin\9bfef0f9f473c596f668b6c9a32bfd5c.php 第 21 行.
NOTIC: [8] Use of undefined constant id - assumed 'id' F:\XAMPP\htdocs\sina\Application\Runtime\Cache\Admin\9bfef0f9f473c596f668b6c9a32bfd5c.php 第 22 行.
NOTIC: [8] Use of undefined constant id - assumed 'id' F:\XAMPP\htdocs\sina\Application\Runtime\Cache\Admin\9bfef0f9f473c596f668b6c9a32bfd5c.php 第 21 行.
NOTIC: [8] Use of undefined constant id - assumed 'id' F:\XAMPP\htdocs\sina\Application\Runtime\Cache\Admin\9bfef0f9f473c596f668b6c9a32bfd5c.php 第 22 行.
NOTIC: [8] Use of undefined constant id - assumed 'id' F:\XAMPP\htdocs\sina\Application\Runtime\Cache\Admin\9bfef0f9f473c596f668b6c9a32bfd5c.php 第 21 行.
NOTIC: [8] Use of undefined constant id - assumed 'id' F:\XAMPP\htdocs\sina\Application\Runtime\Cache\Admin\9bfef0f9f473c596f668b6c9a32bfd5c.php 第 22 行.
NOTIC: [8] Use of undefined constant id - assumed 'id' F:\XAMPP\htdocs\sina\Application\Runtime\Cache\Admin\9bfef0f9f473c596f668b6c9a32bfd5c.php 第 21 行.
NOTIC: [8] Use of undefined constant id - assumed 'id' F:\XAMPP\htdocs\sina\Application\Runtime\Cache\Admin\9bfef0f9f473c596f668b6c9a32bfd5c.php 第 22 行.
NOTIC: [8] Use of undefined constant id - assumed 'id' F:\XAMPP\htdocs\sina\Application\Runtime\Cache\Admin\9bfef0f9f473c596f668b6c9a32bfd5c.php 第 21 行.
NOTIC: [8] Use of undefined constant id - assumed 'id' F:\XAMPP\htdocs\sina\Application\Runtime\Cache\Admin\9bfef0f9f473c596f668b6c9a32bfd5c.php 第 22 行.
NOTIC: [8] Use of undefined constant id - assumed 'id' F:\XAMPP\htdocs\sina\Application\Runtime\Cache\Admin\9bfef0f9f473c596f668b6c9a32bfd5c.php 第 21 行.
NOTIC: [8] Use of undefined constant id - assumed 'id' F:\XAMPP\htdocs\sina\Application\Runtime\Cache\Admin\9bfef0f9f473c596f668b6c9a32bfd5c.php 第 22 行.
NOTIC: [8] Use of undefined constant id - assumed 'id' F:\XAMPP\htdocs\sina\Application\Runtime\Cache\Admin\9bfef0f9f473c596f668b6c9a32bfd5c.php 第 21 行.
NOTIC: [8] Use of undefined constant id - assumed 'id' F:\XAMPP\htdocs\sina\Application\Runtime\Cache\Admin\9bfef0f9f473c596f668b6c9a32bfd5c.php 第 22 行.
NOTIC: [8] Use of undefined constant id - assumed 'id' F:\XAMPP\htdocs\sina\Application\Runtime\Cache\Admin\9bfef0f9f473c596f668b6c9a32bfd5c.php 第 21 行.
NOTIC: [8] Use of undefined constant id - assumed 'id' F:\XAMPP\htdocs\sina\Application\Runtime\Cache\Admin\9bfef0f9f473c596f668b6c9a32bfd5c.php 第 22 行.
NOTIC: [8] Use of undefined constant id - assumed 'id' F:\XAMPP\htdocs\sina\Application\Runtime\Cache\Admin\9bfef0f9f473c596f668b6c9a32bfd5c.php 第 21 行.
NOTIC: [8] Use of undefined constant id - assumed 'id' F:\XAMPP\htdocs\sina\Application\Runtime\Cache\Admin\9bfef0f9f473c596f668b6c9a32bfd5c.php 第 22 行.
NOTIC: [8] Use of undefined constant id - assumed 'id' F:\XAMPP\htdocs\sina\Application\Runtime\Cache\Admin\9bfef0f9f473c596f668b6c9a32bfd5c.php 第 21 行.
NOTIC: [8] Use of undefined constant id - assumed 'id' F:\XAMPP\htdocs\sina\Application\Runtime\Cache\Admin\9bfef0f9f473c596f668b6c9a32bfd5c.php 第 22 行.
NOTIC: [8] Use of undefined constant id - assumed 'id' F:\XAMPP\htdocs\sina\Application\Runtime\Cache\Admin\9bfef0f9f473c596f668b6c9a32bfd5c.php 第 21 行.
NOTIC: [8] Use of undefined constant id - assumed 'id' F:\XAMPP\htdocs\sina\Application\Runtime\Cache\Admin\9bfef0f9f473c596f668b6c9a32bfd5c.php 第 22 行.
NOTIC: [8] Use of undefined constant id - assumed 'id' F:\XAMPP\htdocs\sina\Application\Runtime\Cache\Admin\9bfef0f9f473c596f668b6c9a32bfd5c.php 第 21 行.
NOTIC: [8] Use of undefined constant id - assumed 'id' F:\XAMPP\htdocs\sina\Application\Runtime\Cache\Admin\9bfef0f9f473c596f668b6c9a32bfd5c.php 第 22 行.
INFO: Run Behavior\ParseTemplateBehavior [ RunTime:0.282595s ]
INFO: [ view_parse ] --END-- [ RunTime:0.282684s ]
INFO: [ view_filter ] --START--
INFO: Run Behavior\WriteHtmlCacheBehavior [ RunTime:0.008154s ]
INFO: [ view_filter ] --END-- [ RunTime:0.008224s ]
INFO: [ app_end ] --START--
INFO: Run Behavior\ShowPageTraceBehavior [ RunTime:0.011376s ]
INFO: [ app_end ] --END-- [ RunTime:0.011558s ]

